[0.089s] DEBUG:colcon:Command line arguments: ['/usr/bin/colcon', 'build']
[0.090s] DEBUG:colcon:Parsed command line arguments: Namespace(log_base=None, log_level=None, verb_name='build', build_base='build', install_base='install', merge_install=False, symlink_install=False, test_result_base=None, continue_on_error=False, executor='parallel', parallel_workers=8, event_handlers=None, ignore_user_meta=False, metas=['./colcon.meta'], base_paths=['.'], packages_ignore=None, packages_ignore_regex=None, paths=None, packages_up_to=None, packages_up_to_regex=None, packages_above=None, packages_above_and_dependencies=None, packages_above_depth=None, packages_select_by_dep=None, packages_skip_by_dep=None, packages_skip_up_to=None, packages_select_build_failed=False, packages_skip_build_finished=False, packages_select_test_failures=False, packages_skip_test_passed=False, packages_select=None, packages_skip=None, packages_select_regex=None, packages_skip_regex=None, packages_start=None, packages_end=None, allow_overriding=[], cmake_args=None, cmake_target=None, cmake_target_skip_unavailable=False, cmake_clean_cache=False, cmake_clean_first=False, cmake_force_configure=False, ament_cmake_args=None, catkin_cmake_args=None, catkin_skip_building_tests=False, mixin_files=None, mixin=None, verb_parser=<colcon_mixin.mixin.mixin_argument.MixinArgumentDecorator object at 0x70e354d65720>, verb_extension=<colcon_core.verb.build.BuildVerb object at 0x70e354d65150>, main=<bound method BuildVerb.main of <colcon_core.verb.build.BuildVerb object at 0x70e354d65150>>, mixin_verb=('build',))
[0.236s] Level 1:colcon.colcon_core.package_discovery:discover_packages(colcon_meta) check parameters
[0.236s] Level 1:colcon.colcon_core.package_discovery:discover_packages(recursive) check parameters
[0.236s] Level 1:colcon.colcon_core.package_discovery:discover_packages(ignore) check parameters
[0.236s] Level 1:colcon.colcon_core.package_discovery:discover_packages(path) check parameters
[0.236s] Level 1:colcon.colcon_core.package_discovery:discover_packages(colcon_meta) discover
[0.236s] Level 1:colcon.colcon_core.package_discovery:discover_packages(recursive) discover
[0.236s] INFO:colcon.colcon_core.package_discovery:Crawling recursively for packages in '/home/dcbothra2204/arm_manip'
[0.237s] Level 1:colcon.colcon_core.package_identification:_identify(.) by extensions ['ignore', 'ignore_ament_install']
[0.237s] Level 1:colcon.colcon_core.package_identification:_identify(.) by extension 'ignore'
[0.237s] Level 1:colcon.colcon_core.package_identification:_identify(.) by extension 'ignore_ament_install'
[0.237s] Level 1:colcon.colcon_core.package_identification:_identify(.) by extensions ['colcon_pkg']
[0.237s] Level 1:colcon.colcon_core.package_identification:_identify(.) by extension 'colcon_pkg'
[0.237s] Level 1:colcon.colcon_core.package_identification:_identify(.) by extensions ['colcon_meta']
[0.237s] Level 1:colcon.colcon_core.package_identification:_identify(.) by extension 'colcon_meta'
[0.237s] Level 1:colcon.colcon_core.package_identification:_identify(.) by extensions ['ros']
[0.237s] Level 1:colcon.colcon_core.package_identification:_identify(.) by extension 'ros'
[0.246s] Level 1:colcon.colcon_core.package_identification:_identify(.) by extensions ['cmake', 'python']
[0.246s] Level 1:colcon.colcon_core.package_identification:_identify(.) by extension 'cmake'
[0.246s] Level 1:colcon.colcon_core.package_identification:_identify(.) by extension 'python'
[0.246s] Level 1:colcon.colcon_core.package_identification:_identify(.) by extensions ['python_setup_py']
[0.246s] Level 1:colcon.colcon_core.package_identification:_identify(.) by extension 'python_setup_py'
[0.246s] Level 1:colcon.colcon_core.package_identification:_identify(build) by extensions ['ignore', 'ignore_ament_install']
[0.246s] Level 1:colcon.colcon_core.package_identification:_identify(build) by extension 'ignore'
[0.246s] Level 1:colcon.colcon_core.package_identification:_identify(build) ignored
[0.247s] Level 1:colcon.colcon_core.package_identification:_identify(install) by extensions ['ignore', 'ignore_ament_install']
[0.247s] Level 1:colcon.colcon_core.package_identification:_identify(install) by extension 'ignore'
[0.247s] Level 1:colcon.colcon_core.package_identification:_identify(install) ignored
[0.247s] Level 1:colcon.colcon_core.package_identification:_identify(log) by extensions ['ignore', 'ignore_ament_install']
[0.247s] Level 1:colcon.colcon_core.package_identification:_identify(log) by extension 'ignore'
[0.247s] Level 1:colcon.colcon_core.package_identification:_identify(log) ignored
[0.247s] Level 1:colcon.colcon_core.package_identification:_identify(src) by extensions ['ignore', 'ignore_ament_install']
[0.247s] Level 1:colcon.colcon_core.package_identification:_identify(src) by extension 'ignore'
[0.247s] Level 1:colcon.colcon_core.package_identification:_identify(src) by extension 'ignore_ament_install'
[0.247s] Level 1:colcon.colcon_core.package_identification:_identify(src) by extensions ['colcon_pkg']
[0.247s] Level 1:colcon.colcon_core.package_identification:_identify(src) by extension 'colcon_pkg'
[0.247s] Level 1:colcon.colcon_core.package_identification:_identify(src) by extensions ['colcon_meta']
[0.247s] Level 1:colcon.colcon_core.package_identification:_identify(src) by extension 'colcon_meta'
[0.247s] Level 1:colcon.colcon_core.package_identification:_identify(src) by extensions ['ros']
[0.247s] Level 1:colcon.colcon_core.package_identification:_identify(src) by extension 'ros'
[0.247s] Level 1:colcon.colcon_core.package_identification:_identify(src) by extensions ['cmake', 'python']
[0.247s] Level 1:colcon.colcon_core.package_identification:_identify(src) by extension 'cmake'
[0.247s] Level 1:colcon.colcon_core.package_identification:_identify(src) by extension 'python'
[0.247s] Level 1:colcon.colcon_core.package_identification:_identify(src) by extensions ['python_setup_py']
[0.247s] Level 1:colcon.colcon_core.package_identification:_identify(src) by extension 'python_setup_py'
[0.247s] Level 1:colcon.colcon_core.package_identification:_identify(src/ur_control) by extensions ['ignore', 'ignore_ament_install']
[0.248s] Level 1:colcon.colcon_core.package_identification:_identify(src/ur_control) by extension 'ignore'
[0.248s] Level 1:colcon.colcon_core.package_identification:_identify(src/ur_control) by extension 'ignore_ament_install'
[0.248s] Level 1:colcon.colcon_core.package_identification:_identify(src/ur_control) by extensions ['colcon_pkg']
[0.248s] Level 1:colcon.colcon_core.package_identification:_identify(src/ur_control) by extension 'colcon_pkg'
[0.248s] Level 1:colcon.colcon_core.package_identification:_identify(src/ur_control) by extensions ['colcon_meta']
[0.248s] Level 1:colcon.colcon_core.package_identification:_identify(src/ur_control) by extension 'colcon_meta'
[0.248s] Level 1:colcon.colcon_core.package_identification:_identify(src/ur_control) by extensions ['ros']
[0.248s] Level 1:colcon.colcon_core.package_identification:_identify(src/ur_control) by extension 'ros'
[0.250s] DEBUG:colcon.colcon_core.package_identification:Package 'src/ur_control' with type 'ros.ament_cmake' and name 'ur_control'
[0.250s] Level 1:colcon.colcon_core.package_identification:_identify(src/ur_description) by extensions ['ignore', 'ignore_ament_install']
[0.250s] Level 1:colcon.colcon_core.package_identification:_identify(src/ur_description) by extension 'ignore'
[0.250s] Level 1:colcon.colcon_core.package_identification:_identify(src/ur_description) by extension 'ignore_ament_install'
[0.250s] Level 1:colcon.colcon_core.package_identification:_identify(src/ur_description) by extensions ['colcon_pkg']
[0.250s] Level 1:colcon.colcon_core.package_identification:_identify(src/ur_description) by extension 'colcon_pkg'
[0.250s] Level 1:colcon.colcon_core.package_identification:_identify(src/ur_description) by extensions ['colcon_meta']
[0.250s] Level 1:colcon.colcon_core.package_identification:_identify(src/ur_description) by extension 'colcon_meta'
[0.250s] Level 1:colcon.colcon_core.package_identification:_identify(src/ur_description) by extensions ['ros']
[0.250s] Level 1:colcon.colcon_core.package_identification:_identify(src/ur_description) by extension 'ros'
[0.251s] DEBUG:colcon.colcon_core.package_identification:Package 'src/ur_description' with type 'ros.ament_cmake' and name 'ur_description'
[0.251s] Level 1:colcon.colcon_core.package_identification:_identify(src/ur_moveit_config) by extensions ['ignore', 'ignore_ament_install']
[0.251s] Level 1:colcon.colcon_core.package_identification:_identify(src/ur_moveit_config) by extension 'ignore'
[0.251s] Level 1:colcon.colcon_core.package_identification:_identify(src/ur_moveit_config) by extension 'ignore_ament_install'
[0.252s] Level 1:colcon.colcon_core.package_identification:_identify(src/ur_moveit_config) by extensions ['colcon_pkg']
[0.252s] Level 1:colcon.colcon_core.package_identification:_identify(src/ur_moveit_config) by extension 'colcon_pkg'
[0.252s] Level 1:colcon.colcon_core.package_identification:_identify(src/ur_moveit_config) by extensions ['colcon_meta']
[0.252s] Level 1:colcon.colcon_core.package_identification:_identify(src/ur_moveit_config) by extension 'colcon_meta'
[0.252s] Level 1:colcon.colcon_core.package_identification:_identify(src/ur_moveit_config) by extensions ['ros']
[0.252s] Level 1:colcon.colcon_core.package_identification:_identify(src/ur_moveit_config) by extension 'ros'
[0.252s] DEBUG:colcon.colcon_core.package_identification:Package 'src/ur_moveit_config' with type 'ros.ament_cmake' and name 'ur_moveit_config'
[0.252s] Level 1:colcon.colcon_core.package_identification:_identify(src/ur_simulation) by extensions ['ignore', 'ignore_ament_install']
[0.253s] Level 1:colcon.colcon_core.package_identification:_identify(src/ur_simulation) by extension 'ignore'
[0.253s] Level 1:colcon.colcon_core.package_identification:_identify(src/ur_simulation) by extension 'ignore_ament_install'
[0.253s] Level 1:colcon.colcon_core.package_identification:_identify(src/ur_simulation) by extensions ['colcon_pkg']
[0.253s] Level 1:colcon.colcon_core.package_identification:_identify(src/ur_simulation) by extension 'colcon_pkg'
[0.253s] Level 1:colcon.colcon_core.package_identification:_identify(src/ur_simulation) by extensions ['colcon_meta']
[0.253s] Level 1:colcon.colcon_core.package_identification:_identify(src/ur_simulation) by extension 'colcon_meta'
[0.253s] Level 1:colcon.colcon_core.package_identification:_identify(src/ur_simulation) by extensions ['ros']
[0.253s] Level 1:colcon.colcon_core.package_identification:_identify(src/ur_simulation) by extension 'ros'
[0.254s] DEBUG:colcon.colcon_core.package_identification:Package 'src/ur_simulation' with type 'ros.ament_cmake' and name 'ur_simulation'
[0.254s] Level 1:colcon.colcon_core.package_discovery:discover_packages(recursive) using defaults
[0.254s] Level 1:colcon.colcon_core.package_discovery:discover_packages(ignore) discover
[0.254s] Level 1:colcon.colcon_core.package_discovery:discover_packages(ignore) using defaults
[0.254s] Level 1:colcon.colcon_core.package_discovery:discover_packages(path) discover
[0.254s] Level 1:colcon.colcon_core.package_discovery:discover_packages(path) using defaults
[0.280s] Level 1:colcon.colcon_core.package_discovery:discover_packages(prefix_path) check parameters
[0.281s] Level 1:colcon.colcon_core.package_discovery:discover_packages(prefix_path) discover
[0.282s] DEBUG:colcon.colcon_installed_package_information.package_discovery:Found 7 installed packages in /home/dcbothra2204/arm_manip/install
[0.283s] DEBUG:colcon.colcon_installed_package_information.package_discovery:Found 389 installed packages in /opt/ros/humble
[0.285s] Level 1:colcon.colcon_core.package_discovery:discover_packages(prefix_path) using defaults
[0.328s] Level 5:colcon.colcon_core.verb:set package 'ur_control' build argument 'cmake_args' from command line to 'None'
[0.328s] Level 5:colcon.colcon_core.verb:set package 'ur_control' build argument 'cmake_target' from command line to 'None'
[0.328s] Level 5:colcon.colcon_core.verb:set package 'ur_control' build argument 'cmake_target_skip_unavailable' from command line to 'False'
[0.328s] Level 5:colcon.colcon_core.verb:set package 'ur_control' build argument 'cmake_clean_cache' from command line to 'False'
[0.328s] Level 5:colcon.colcon_core.verb:set package 'ur_control' build argument 'cmake_clean_first' from command line to 'False'
[0.328s] Level 5:colcon.colcon_core.verb:set package 'ur_control' build argument 'cmake_force_configure' from command line to 'False'
[0.328s] Level 5:colcon.colcon_core.verb:set package 'ur_control' build argument 'ament_cmake_args' from command line to 'None'
[0.328s] Level 5:colcon.colcon_core.verb:set package 'ur_control' build argument 'catkin_cmake_args' from command line to 'None'
[0.328s] Level 5:colcon.colcon_core.verb:set package 'ur_control' build argument 'catkin_skip_building_tests' from command line to 'False'
[0.328s] DEBUG:colcon.colcon_core.verb:Building package 'ur_control' with the following arguments: {'ament_cmake_args': None, 'build_base': '/home/dcbothra2204/arm_manip/build/ur_control', 'catkin_cmake_args': None, 'catkin_skip_building_tests': False, 'cmake_args': None, 'cmake_clean_cache': False, 'cmake_clean_first': False, 'cmake_force_configure': False, 'cmake_target': None, 'cmake_target_skip_unavailable': False, 'install_base': '/home/dcbothra2204/arm_manip/install/ur_control', 'merge_install': False, 'path': '/home/dcbothra2204/arm_manip/src/ur_control', 'symlink_install': False, 'test_result_base': None}
[0.328s] Level 5:colcon.colcon_core.verb:set package 'ur_description' build argument 'cmake_args' from command line to 'None'
[0.328s] Level 5:colcon.colcon_core.verb:set package 'ur_description' build argument 'cmake_target' from command line to 'None'
[0.328s] Level 5:colcon.colcon_core.verb:set package 'ur_description' build argument 'cmake_target_skip_unavailable' from command line to 'False'
[0.328s] Level 5:colcon.colcon_core.verb:set package 'ur_description' build argument 'cmake_clean_cache' from command line to 'False'
[0.329s] Level 5:colcon.colcon_core.verb:set package 'ur_description' build argument 'cmake_clean_first' from command line to 'False'
[0.329s] Level 5:colcon.colcon_core.verb:set package 'ur_description' build argument 'cmake_force_configure' from command line to 'False'
[0.329s] Level 5:colcon.colcon_core.verb:set package 'ur_description' build argument 'ament_cmake_args' from command line to 'None'
[0.329s] Level 5:colcon.colcon_core.verb:set package 'ur_description' build argument 'catkin_cmake_args' from command line to 'None'
[0.329s] Level 5:colcon.colcon_core.verb:set package 'ur_description' build argument 'catkin_skip_building_tests' from command line to 'False'
[0.329s] DEBUG:colcon.colcon_core.verb:Building package 'ur_description' with the following arguments: {'ament_cmake_args': None, 'build_base': '/home/dcbothra2204/arm_manip/build/ur_description', 'catkin_cmake_args': None, 'catkin_skip_building_tests': False, 'cmake_args': None, 'cmake_clean_cache': False, 'cmake_clean_first': False, 'cmake_force_configure': False, 'cmake_target': None, 'cmake_target_skip_unavailable': False, 'install_base': '/home/dcbothra2204/arm_manip/install/ur_description', 'merge_install': False, 'path': '/home/dcbothra2204/arm_manip/src/ur_description', 'symlink_install': False, 'test_result_base': None}
[0.329s] Level 5:colcon.colcon_core.verb:set package 'ur_simulation' build argument 'cmake_args' from command line to 'None'
[0.329s] Level 5:colcon.colcon_core.verb:set package 'ur_simulation' build argument 'cmake_target' from command line to 'None'
[0.329s] Level 5:colcon.colcon_core.verb:set package 'ur_simulation' build argument 'cmake_target_skip_unavailable' from command line to 'False'
[0.329s] Level 5:colcon.colcon_core.verb:set package 'ur_simulation' build argument 'cmake_clean_cache' from command line to 'False'
[0.329s] Level 5:colcon.colcon_core.verb:set package 'ur_simulation' build argument 'cmake_clean_first' from command line to 'False'
[0.329s] Level 5:colcon.colcon_core.verb:set package 'ur_simulation' build argument 'cmake_force_configure' from command line to 'False'
[0.329s] Level 5:colcon.colcon_core.verb:set package 'ur_simulation' build argument 'ament_cmake_args' from command line to 'None'
[0.329s] Level 5:colcon.colcon_core.verb:set package 'ur_simulation' build argument 'catkin_cmake_args' from command line to 'None'
[0.329s] Level 5:colcon.colcon_core.verb:set package 'ur_simulation' build argument 'catkin_skip_building_tests' from command line to 'False'
[0.329s] DEBUG:colcon.colcon_core.verb:Building package 'ur_simulation' with the following arguments: {'ament_cmake_args': None, 'build_base': '/home/dcbothra2204/arm_manip/build/ur_simulation', 'catkin_cmake_args': None, 'catkin_skip_building_tests': False, 'cmake_args': None, 'cmake_clean_cache': False, 'cmake_clean_first': False, 'cmake_force_configure': False, 'cmake_target': None, 'cmake_target_skip_unavailable': False, 'install_base': '/home/dcbothra2204/arm_manip/install/ur_simulation', 'merge_install': False, 'path': '/home/dcbothra2204/arm_manip/src/ur_simulation', 'symlink_install': False, 'test_result_base': None}
[0.329s] Level 5:colcon.colcon_core.verb:set package 'ur_moveit_config' build argument 'cmake_args' from command line to 'None'
[0.329s] Level 5:colcon.colcon_core.verb:set package 'ur_moveit_config' build argument 'cmake_target' from command line to 'None'
[0.329s] Level 5:colcon.colcon_core.verb:set package 'ur_moveit_config' build argument 'cmake_target_skip_unavailable' from command line to 'False'
[0.329s] Level 5:colcon.colcon_core.verb:set package 'ur_moveit_config' build argument 'cmake_clean_cache' from command line to 'False'
[0.330s] Level 5:colcon.colcon_core.verb:set package 'ur_moveit_config' build argument 'cmake_clean_first' from command line to 'False'
[0.330s] Level 5:colcon.colcon_core.verb:set package 'ur_moveit_config' build argument 'cmake_force_configure' from command line to 'False'
[0.330s] Level 5:colcon.colcon_core.verb:set package 'ur_moveit_config' build argument 'ament_cmake_args' from command line to 'None'
[0.330s] Level 5:colcon.colcon_core.verb:set package 'ur_moveit_config' build argument 'catkin_cmake_args' from command line to 'None'
[0.330s] Level 5:colcon.colcon_core.verb:set package 'ur_moveit_config' build argument 'catkin_skip_building_tests' from command line to 'False'
[0.330s] DEBUG:colcon.colcon_core.verb:Building package 'ur_moveit_config' with the following arguments: {'ament_cmake_args': None, 'build_base': '/home/dcbothra2204/arm_manip/build/ur_moveit_config', 'catkin_cmake_args': None, 'catkin_skip_building_tests': False, 'cmake_args': None, 'cmake_clean_cache': False, 'cmake_clean_first': False, 'cmake_force_configure': False, 'cmake_target': None, 'cmake_target_skip_unavailable': False, 'install_base': '/home/dcbothra2204/arm_manip/install/ur_moveit_config', 'merge_install': False, 'path': '/home/dcbothra2204/arm_manip/src/ur_moveit_config', 'symlink_install': False, 'test_result_base': None}
[0.330s] INFO:colcon.colcon_core.executor:Executing jobs using 'parallel' executor
[0.331s] DEBUG:colcon.colcon_parallel_executor.executor.parallel:run_until_complete
[0.331s] INFO:colcon.colcon_ros.task.ament_cmake.build:Building ROS package in '/home/dcbothra2204/arm_manip/src/ur_description' with build type 'ament_cmake'
[0.331s] INFO:colcon.colcon_cmake.task.cmake.build:Building CMake package in '/home/dcbothra2204/arm_manip/src/ur_description'
[0.333s] INFO:colcon.colcon_core.plugin_system:Skipping extension 'colcon_core.shell.bat': Not used on non-Windows systems
[0.333s] INFO:colcon.colcon_core.shell:Skip shell extension 'powershell' for command environment: Not usable outside of PowerShell
[0.333s] DEBUG:colcon.colcon_core.shell:Skip shell extension 'dsv' for command environment
[0.336s] INFO:colcon.colcon_ros.task.ament_cmake.build:Building ROS package in '/home/dcbothra2204/arm_manip/src/ur_control' with build type 'ament_cmake'
[0.336s] INFO:colcon.colcon_cmake.task.cmake.build:Building CMake package in '/home/dcbothra2204/arm_manip/src/ur_control'
[0.337s] INFO:colcon.colcon_core.shell:Skip shell extension 'powershell' for command environment: Not usable outside of PowerShell
[0.337s] DEBUG:colcon.colcon_core.shell:Skip shell extension 'dsv' for command environment
[0.340s] INFO:colcon.colcon_ros.task.ament_cmake.build:Building ROS package in '/home/dcbothra2204/arm_manip/src/ur_simulation' with build type 'ament_cmake'
[0.340s] INFO:colcon.colcon_cmake.task.cmake.build:Building CMake package in '/home/dcbothra2204/arm_manip/src/ur_simulation'
[0.340s] INFO:colcon.colcon_core.shell:Skip shell extension 'powershell' for command environment: Not usable outside of PowerShell
[0.340s] DEBUG:colcon.colcon_core.shell:Skip shell extension 'dsv' for command environment
[0.349s] DEBUG:colcon.colcon_core.event_handler.log_command:Invoking command in '/home/dcbothra2204/arm_manip/build/ur_description': CMAKE_PREFIX_PATH=${CMAKE_PREFIX_PATH}:/opt/ros/humble /usr/bin/cmake --build /home/dcbothra2204/arm_manip/build/ur_description -- -j8 -l8
[0.352s] DEBUG:colcon.colcon_core.event_handler.log_command:Invoking command in '/home/dcbothra2204/arm_manip/build/ur_control': CMAKE_PREFIX_PATH=${CMAKE_PREFIX_PATH}:/opt/ros/humble /usr/bin/cmake --build /home/dcbothra2204/arm_manip/build/ur_control -- -j8 -l8
[0.355s] DEBUG:colcon.colcon_core.event_handler.log_command:Invoking command in '/home/dcbothra2204/arm_manip/build/ur_simulation': CMAKE_PREFIX_PATH=${CMAKE_PREFIX_PATH}:/opt/ros/humble /usr/bin/cmake --build /home/dcbothra2204/arm_manip/build/ur_simulation -- -j8 -l8
[0.382s] DEBUG:colcon.colcon_core.event_handler.log_command:Invoked command in '/home/dcbothra2204/arm_manip/build/ur_description' returned '0': CMAKE_PREFIX_PATH=${CMAKE_PREFIX_PATH}:/opt/ros/humble /usr/bin/cmake --build /home/dcbothra2204/arm_manip/build/ur_description -- -j8 -l8
[0.383s] DEBUG:colcon.colcon_core.event_handler.log_command:Invoked command in '/home/dcbothra2204/arm_manip/build/ur_control' returned '0': CMAKE_PREFIX_PATH=${CMAKE_PREFIX_PATH}:/opt/ros/humble /usr/bin/cmake --build /home/dcbothra2204/arm_manip/build/ur_control -- -j8 -l8
[0.387s] DEBUG:colcon.colcon_core.event_handler.log_command:Invoked command in '/home/dcbothra2204/arm_manip/build/ur_simulation' returned '0': CMAKE_PREFIX_PATH=${CMAKE_PREFIX_PATH}:/opt/ros/humble /usr/bin/cmake --build /home/dcbothra2204/arm_manip/build/ur_simulation -- -j8 -l8
[0.406s] DEBUG:colcon.colcon_core.event_handler.log_command:Invoking command in '/home/dcbothra2204/arm_manip/build/ur_description': CMAKE_PREFIX_PATH=${CMAKE_PREFIX_PATH}:/opt/ros/humble /usr/bin/cmake --install /home/dcbothra2204/arm_manip/build/ur_description
[0.408s] DEBUG:colcon.colcon_core.event_handler.log_command:Invoking command in '/home/dcbothra2204/arm_manip/build/ur_control': CMAKE_PREFIX_PATH=${CMAKE_PREFIX_PATH}:/opt/ros/humble /usr/bin/cmake --install /home/dcbothra2204/arm_manip/build/ur_control
[0.409s] DEBUG:colcon.colcon_core.event_handler.log_command:Invoking command in '/home/dcbothra2204/arm_manip/build/ur_simulation': CMAKE_PREFIX_PATH=${CMAKE_PREFIX_PATH}:/opt/ros/humble /usr/bin/cmake --install /home/dcbothra2204/arm_manip/build/ur_simulation
[0.419s] Level 1:colcon.colcon_core.environment:create_environment_scripts_only(ur_description)
[0.420s] DEBUG:colcon.colcon_core.event_handler.log_command:Invoked command in '/home/dcbothra2204/arm_manip/build/ur_description' returned '0': CMAKE_PREFIX_PATH=${CMAKE_PREFIX_PATH}:/opt/ros/humble /usr/bin/cmake --install /home/dcbothra2204/arm_manip/build/ur_description
[0.422s] Level 1:colcon.colcon_core.environment:checking '/home/dcbothra2204/arm_manip/install/ur_description' for CMake module files
[0.422s] Level 1:colcon.colcon_core.environment:checking '/home/dcbothra2204/arm_manip/install/ur_description' for CMake config files
[0.423s] Level 1:colcon.colcon_core.shell:create_environment_hook('ur_description', 'cmake_prefix_path')
[0.423s] INFO:colcon.colcon_core.shell:Creating environment hook '/home/dcbothra2204/arm_manip/install/ur_description/share/ur_description/hook/cmake_prefix_path.ps1'
[0.423s] INFO:colcon.colcon_core.shell:Creating environment descriptor '/home/dcbothra2204/arm_manip/install/ur_description/share/ur_description/hook/cmake_prefix_path.dsv'
[0.424s] INFO:colcon.colcon_core.shell:Creating environment hook '/home/dcbothra2204/arm_manip/install/ur_description/share/ur_description/hook/cmake_prefix_path.sh'
[0.424s] Level 1:colcon.colcon_core.environment:checking '/home/dcbothra2204/arm_manip/install/ur_description/bin'
[0.424s] Level 1:colcon.colcon_core.environment:checking '/home/dcbothra2204/arm_manip/install/ur_description/lib/pkgconfig/ur_description.pc'
[0.425s] Level 1:colcon.colcon_core.environment:checking '/home/dcbothra2204/arm_manip/install/ur_description/lib/python3.10/site-packages'
[0.425s] Level 1:colcon.colcon_core.environment:checking '/home/dcbothra2204/arm_manip/install/ur_description/bin'
[0.425s] INFO:colcon.colcon_core.shell:Creating package script '/home/dcbothra2204/arm_manip/install/ur_description/share/ur_description/package.ps1'
[0.426s] INFO:colcon.colcon_core.shell:Creating package descriptor '/home/dcbothra2204/arm_manip/install/ur_description/share/ur_description/package.dsv'
[0.426s] INFO:colcon.colcon_core.shell:Creating package script '/home/dcbothra2204/arm_manip/install/ur_description/share/ur_description/package.sh'
[0.427s] INFO:colcon.colcon_core.shell:Creating package script '/home/dcbothra2204/arm_manip/install/ur_description/share/ur_description/package.bash'
[0.427s] INFO:colcon.colcon_core.shell:Creating package script '/home/dcbothra2204/arm_manip/install/ur_description/share/ur_description/package.zsh'
[0.428s] Level 1:colcon.colcon_core.environment:create_file_with_runtime_dependencies(/home/dcbothra2204/arm_manip/install/ur_description/share/colcon-core/packages/ur_description)
[0.429s] Level 1:colcon.colcon_core.environment:create_environment_scripts_only(ur_control)
[0.429s] Level 1:colcon.colcon_core.environment:checking '/home/dcbothra2204/arm_manip/install/ur_control' for CMake module files
[0.429s] DEBUG:colcon.colcon_core.event_handler.log_command:Invoked command in '/home/dcbothra2204/arm_manip/build/ur_control' returned '0': CMAKE_PREFIX_PATH=${CMAKE_PREFIX_PATH}:/opt/ros/humble /usr/bin/cmake --install /home/dcbothra2204/arm_manip/build/ur_control
[0.430s] Level 1:colcon.colcon_core.environment:checking '/home/dcbothra2204/arm_manip/install/ur_control' for CMake config files
[0.430s] Level 1:colcon.colcon_core.shell:create_environment_hook('ur_control', 'cmake_prefix_path')
[0.430s] INFO:colcon.colcon_core.shell:Creating environment hook '/home/dcbothra2204/arm_manip/install/ur_control/share/ur_control/hook/cmake_prefix_path.ps1'
[0.430s] INFO:colcon.colcon_core.shell:Creating environment descriptor '/home/dcbothra2204/arm_manip/install/ur_control/share/ur_control/hook/cmake_prefix_path.dsv'
[0.431s] INFO:colcon.colcon_core.shell:Creating environment hook '/home/dcbothra2204/arm_manip/install/ur_control/share/ur_control/hook/cmake_prefix_path.sh'
[0.431s] Level 1:colcon.colcon_core.environment:checking '/home/dcbothra2204/arm_manip/install/ur_control/bin'
[0.431s] Level 1:colcon.colcon_core.environment:checking '/home/dcbothra2204/arm_manip/install/ur_control/lib/pkgconfig/ur_control.pc'
[0.431s] Level 1:colcon.colcon_core.environment:checking '/home/dcbothra2204/arm_manip/install/ur_control/lib/python3.10/site-packages'
[0.432s] Level 1:colcon.colcon_core.environment:checking '/home/dcbothra2204/arm_manip/install/ur_control/bin'
[0.432s] INFO:colcon.colcon_core.shell:Creating package script '/home/dcbothra2204/arm_manip/install/ur_control/share/ur_control/package.ps1'
[0.432s] INFO:colcon.colcon_core.shell:Creating package descriptor '/home/dcbothra2204/arm_manip/install/ur_control/share/ur_control/package.dsv'
[0.432s] INFO:colcon.colcon_core.shell:Creating package script '/home/dcbothra2204/arm_manip/install/ur_control/share/ur_control/package.sh'
[0.433s] INFO:colcon.colcon_core.shell:Creating package script '/home/dcbothra2204/arm_manip/install/ur_control/share/ur_control/package.bash'
[0.433s] INFO:colcon.colcon_core.shell:Creating package script '/home/dcbothra2204/arm_manip/install/ur_control/share/ur_control/package.zsh'
[0.433s] Level 1:colcon.colcon_core.environment:create_file_with_runtime_dependencies(/home/dcbothra2204/arm_manip/install/ur_control/share/colcon-core/packages/ur_control)
[0.434s] Level 1:colcon.colcon_core.environment:create_environment_scripts_only(ur_simulation)
[0.434s] Level 1:colcon.colcon_core.environment:checking '/home/dcbothra2204/arm_manip/install/ur_simulation' for CMake module files
[0.435s] DEBUG:colcon.colcon_core.event_handler.log_command:Invoked command in '/home/dcbothra2204/arm_manip/build/ur_simulation' returned '0': CMAKE_PREFIX_PATH=${CMAKE_PREFIX_PATH}:/opt/ros/humble /usr/bin/cmake --install /home/dcbothra2204/arm_manip/build/ur_simulation
[0.435s] Level 1:colcon.colcon_core.environment:checking '/home/dcbothra2204/arm_manip/install/ur_simulation' for CMake config files
[0.435s] Level 1:colcon.colcon_core.shell:create_environment_hook('ur_simulation', 'cmake_prefix_path')
[0.435s] INFO:colcon.colcon_core.shell:Creating environment hook '/home/dcbothra2204/arm_manip/install/ur_simulation/share/ur_simulation/hook/cmake_prefix_path.ps1'
[0.436s] INFO:colcon.colcon_core.shell:Creating environment descriptor '/home/dcbothra2204/arm_manip/install/ur_simulation/share/ur_simulation/hook/cmake_prefix_path.dsv'
[0.436s] INFO:colcon.colcon_core.shell:Creating environment hook '/home/dcbothra2204/arm_manip/install/ur_simulation/share/ur_simulation/hook/cmake_prefix_path.sh'
[0.436s] Level 1:colcon.colcon_core.environment:checking '/home/dcbothra2204/arm_manip/install/ur_simulation/bin'
[0.437s] Level 1:colcon.colcon_core.environment:checking '/home/dcbothra2204/arm_manip/install/ur_simulation/lib/pkgconfig/ur_simulation.pc'
[0.437s] Level 1:colcon.colcon_core.environment:checking '/home/dcbothra2204/arm_manip/install/ur_simulation/lib/python3.10/site-packages'
[0.437s] Level 1:colcon.colcon_core.environment:checking '/home/dcbothra2204/arm_manip/install/ur_simulation/bin'
[0.437s] INFO:colcon.colcon_core.shell:Creating package script '/home/dcbothra2204/arm_manip/install/ur_simulation/share/ur_simulation/package.ps1'
[0.437s] INFO:colcon.colcon_core.shell:Creating package descriptor '/home/dcbothra2204/arm_manip/install/ur_simulation/share/ur_simulation/package.dsv'
[0.438s] INFO:colcon.colcon_core.shell:Creating package script '/home/dcbothra2204/arm_manip/install/ur_simulation/share/ur_simulation/package.sh'
[0.438s] INFO:colcon.colcon_core.shell:Creating package script '/home/dcbothra2204/arm_manip/install/ur_simulation/share/ur_simulation/package.bash'
[0.438s] INFO:colcon.colcon_core.shell:Creating package script '/home/dcbothra2204/arm_manip/install/ur_simulation/share/ur_simulation/package.zsh'
[0.438s] Level 1:colcon.colcon_core.environment:create_file_with_runtime_dependencies(/home/dcbothra2204/arm_manip/install/ur_simulation/share/colcon-core/packages/ur_simulation)
[0.447s] Level 1:colcon.colcon_core.environment:create_environment_scripts_only(ur_description)
[0.448s] Level 1:colcon.colcon_core.environment:checking '/home/dcbothra2204/arm_manip/install/ur_description' for CMake module files
[0.448s] Level 1:colcon.colcon_core.environment:checking '/home/dcbothra2204/arm_manip/install/ur_description' for CMake config files
[0.449s] Level 1:colcon.colcon_core.shell:create_environment_hook('ur_description', 'cmake_prefix_path')
[0.449s] INFO:colcon.colcon_core.shell:Creating environment hook '/home/dcbothra2204/arm_manip/install/ur_description/share/ur_description/hook/cmake_prefix_path.ps1'
[0.449s] INFO:colcon.colcon_core.shell:Creating environment descriptor '/home/dcbothra2204/arm_manip/install/ur_description/share/ur_description/hook/cmake_prefix_path.dsv'
[0.449s] INFO:colcon.colcon_core.shell:Creating environment hook '/home/dcbothra2204/arm_manip/install/ur_description/share/ur_description/hook/cmake_prefix_path.sh'
[0.450s] Level 1:colcon.colcon_core.environment:checking '/home/dcbothra2204/arm_manip/install/ur_description/bin'
[0.450s] Level 1:colcon.colcon_core.environment:checking '/home/dcbothra2204/arm_manip/install/ur_description/lib/pkgconfig/ur_description.pc'
[0.450s] Level 1:colcon.colcon_core.environment:checking '/home/dcbothra2204/arm_manip/install/ur_description/lib/python3.10/site-packages'
[0.450s] Level 1:colcon.colcon_core.environment:checking '/home/dcbothra2204/arm_manip/install/ur_description/bin'
[0.451s] INFO:colcon.colcon_core.shell:Creating package script '/home/dcbothra2204/arm_manip/install/ur_description/share/ur_description/package.ps1'
[0.451s] INFO:colcon.colcon_core.shell:Creating package descriptor '/home/dcbothra2204/arm_manip/install/ur_description/share/ur_description/package.dsv'
[0.451s] INFO:colcon.colcon_core.shell:Creating package script '/home/dcbothra2204/arm_manip/install/ur_description/share/ur_description/package.sh'
[0.452s] INFO:colcon.colcon_core.shell:Creating package script '/home/dcbothra2204/arm_manip/install/ur_description/share/ur_description/package.bash'
[0.452s] INFO:colcon.colcon_core.shell:Creating package script '/home/dcbothra2204/arm_manip/install/ur_description/share/ur_description/package.zsh'
[0.452s] Level 1:colcon.colcon_core.environment:create_file_with_runtime_dependencies(/home/dcbothra2204/arm_manip/install/ur_description/share/colcon-core/packages/ur_description)
[0.453s] INFO:colcon.colcon_ros.task.ament_cmake.build:Building ROS package in '/home/dcbothra2204/arm_manip/src/ur_moveit_config' with build type 'ament_cmake'
[0.453s] INFO:colcon.colcon_cmake.task.cmake.build:Building CMake package in '/home/dcbothra2204/arm_manip/src/ur_moveit_config'
[0.453s] INFO:colcon.colcon_core.shell:Skip shell extension 'powershell' for command environment: Not usable outside of PowerShell
[0.453s] DEBUG:colcon.colcon_core.shell:Skip shell extension 'dsv' for command environment
[0.457s] Level 1:colcon.colcon_core.environment:create_environment_scripts_only(ur_control)
[0.458s] Level 1:colcon.colcon_core.environment:checking '/home/dcbothra2204/arm_manip/install/ur_control' for CMake module files
[0.458s] Level 1:colcon.colcon_core.environment:checking '/home/dcbothra2204/arm_manip/install/ur_control' for CMake config files
[0.459s] Level 1:colcon.colcon_core.shell:create_environment_hook('ur_control', 'cmake_prefix_path')
[0.459s] INFO:colcon.colcon_core.shell:Creating environment hook '/home/dcbothra2204/arm_manip/install/ur_control/share/ur_control/hook/cmake_prefix_path.ps1'
[0.459s] INFO:colcon.colcon_core.shell:Creating environment descriptor '/home/dcbothra2204/arm_manip/install/ur_control/share/ur_control/hook/cmake_prefix_path.dsv'
[0.460s] INFO:colcon.colcon_core.shell:Creating environment hook '/home/dcbothra2204/arm_manip/install/ur_control/share/ur_control/hook/cmake_prefix_path.sh'
[0.461s] Level 1:colcon.colcon_core.environment:checking '/home/dcbothra2204/arm_manip/install/ur_control/bin'
[0.461s] Level 1:colcon.colcon_core.environment:checking '/home/dcbothra2204/arm_manip/install/ur_control/lib/pkgconfig/ur_control.pc'
[0.461s] Level 1:colcon.colcon_core.environment:checking '/home/dcbothra2204/arm_manip/install/ur_control/lib/python3.10/site-packages'
[0.462s] Level 1:colcon.colcon_core.environment:checking '/home/dcbothra2204/arm_manip/install/ur_control/bin'
[0.462s] INFO:colcon.colcon_core.shell:Creating package script '/home/dcbothra2204/arm_manip/install/ur_control/share/ur_control/package.ps1'
[0.463s] INFO:colcon.colcon_core.shell:Creating package descriptor '/home/dcbothra2204/arm_manip/install/ur_control/share/ur_control/package.dsv'
[0.464s] INFO:colcon.colcon_core.shell:Creating package script '/home/dcbothra2204/arm_manip/install/ur_control/share/ur_control/package.sh'
[0.465s] INFO:colcon.colcon_core.shell:Creating package script '/home/dcbothra2204/arm_manip/install/ur_control/share/ur_control/package.bash'
[0.465s] INFO:colcon.colcon_core.shell:Creating package script '/home/dcbothra2204/arm_manip/install/ur_control/share/ur_control/package.zsh'
[0.466s] Level 1:colcon.colcon_core.environment:create_file_with_runtime_dependencies(/home/dcbothra2204/arm_manip/install/ur_control/share/colcon-core/packages/ur_control)
[0.467s] Level 1:colcon.colcon_core.environment:create_environment_scripts_only(ur_simulation)
[0.467s] Level 1:colcon.colcon_core.environment:checking '/home/dcbothra2204/arm_manip/install/ur_simulation' for CMake module files
[0.468s] Level 1:colcon.colcon_core.environment:checking '/home/dcbothra2204/arm_manip/install/ur_simulation' for CMake config files
[0.468s] Level 1:colcon.colcon_core.shell:create_environment_hook('ur_simulation', 'cmake_prefix_path')
[0.469s] INFO:colcon.colcon_core.shell:Creating environment hook '/home/dcbothra2204/arm_manip/install/ur_simulation/share/ur_simulation/hook/cmake_prefix_path.ps1'
[0.469s] INFO:colcon.colcon_core.shell:Creating environment descriptor '/home/dcbothra2204/arm_manip/install/ur_simulation/share/ur_simulation/hook/cmake_prefix_path.dsv'
[0.469s] INFO:colcon.colcon_core.shell:Creating environment hook '/home/dcbothra2204/arm_manip/install/ur_simulation/share/ur_simulation/hook/cmake_prefix_path.sh'
[0.470s] Level 1:colcon.colcon_core.environment:checking '/home/dcbothra2204/arm_manip/install/ur_simulation/bin'
[0.470s] Level 1:colcon.colcon_core.environment:checking '/home/dcbothra2204/arm_manip/install/ur_simulation/lib/pkgconfig/ur_simulation.pc'
[0.470s] Level 1:colcon.colcon_core.environment:checking '/home/dcbothra2204/arm_manip/install/ur_simulation/lib/python3.10/site-packages'
[0.470s] Level 1:colcon.colcon_core.environment:checking '/home/dcbothra2204/arm_manip/install/ur_simulation/bin'
[0.470s] INFO:colcon.colcon_core.shell:Creating package script '/home/dcbothra2204/arm_manip/install/ur_simulation/share/ur_simulation/package.ps1'
[0.471s] INFO:colcon.colcon_core.shell:Creating package descriptor '/home/dcbothra2204/arm_manip/install/ur_simulation/share/ur_simulation/package.dsv'
[0.471s] INFO:colcon.colcon_core.shell:Creating package script '/home/dcbothra2204/arm_manip/install/ur_simulation/share/ur_simulation/package.sh'
[0.471s] INFO:colcon.colcon_core.shell:Creating package script '/home/dcbothra2204/arm_manip/install/ur_simulation/share/ur_simulation/package.bash'
[0.472s] INFO:colcon.colcon_core.shell:Creating package script '/home/dcbothra2204/arm_manip/install/ur_simulation/share/ur_simulation/package.zsh'
[0.472s] Level 1:colcon.colcon_core.environment:create_file_with_runtime_dependencies(/home/dcbothra2204/arm_manip/install/ur_simulation/share/colcon-core/packages/ur_simulation)
[0.475s] DEBUG:colcon.colcon_core.event_handler.log_command:Invoking command in '/home/dcbothra2204/arm_manip/build/ur_moveit_config': CMAKE_PREFIX_PATH=/home/dcbothra2204/arm_manip/install/ur_description:/home/dcbothra2204/arm_manip/install/ur_moveit_config:/home/dcbothra2204/arm_manip/install/ur_control:/home/dcbothra2204/arm_manip/install/trac_ik:/home/dcbothra2204/arm_manip/install/trac_ik_examples:/home/dcbothra2204/arm_manip/install/trac_ik_lib:/home/dcbothra2204/arm_manip/install/ur_simulation:/opt/ros/humble /usr/bin/cmake --build /home/dcbothra2204/arm_manip/build/ur_moveit_config -- -j8 -l8
[0.505s] DEBUG:colcon.colcon_core.event_handler.log_command:Invoked command in '/home/dcbothra2204/arm_manip/build/ur_moveit_config' returned '0': CMAKE_PREFIX_PATH=/home/dcbothra2204/arm_manip/install/ur_description:/home/dcbothra2204/arm_manip/install/ur_moveit_config:/home/dcbothra2204/arm_manip/install/ur_control:/home/dcbothra2204/arm_manip/install/trac_ik:/home/dcbothra2204/arm_manip/install/trac_ik_examples:/home/dcbothra2204/arm_manip/install/trac_ik_lib:/home/dcbothra2204/arm_manip/install/ur_simulation:/opt/ros/humble /usr/bin/cmake --build /home/dcbothra2204/arm_manip/build/ur_moveit_config -- -j8 -l8
[0.522s] DEBUG:colcon.colcon_core.event_handler.log_command:Invoking command in '/home/dcbothra2204/arm_manip/build/ur_moveit_config': CMAKE_PREFIX_PATH=/home/dcbothra2204/arm_manip/install/ur_description:/home/dcbothra2204/arm_manip/install/ur_moveit_config:/home/dcbothra2204/arm_manip/install/ur_control:/home/dcbothra2204/arm_manip/install/trac_ik:/home/dcbothra2204/arm_manip/install/trac_ik_examples:/home/dcbothra2204/arm_manip/install/trac_ik_lib:/home/dcbothra2204/arm_manip/install/ur_simulation:/opt/ros/humble /usr/bin/cmake --install /home/dcbothra2204/arm_manip/build/ur_moveit_config
[0.529s] Level 1:colcon.colcon_core.environment:create_environment_scripts_only(ur_moveit_config)
[0.530s] Level 1:colcon.colcon_core.environment:checking '/home/dcbothra2204/arm_manip/install/ur_moveit_config' for CMake module files
[0.530s] DEBUG:colcon.colcon_core.event_handler.log_command:Invoked command in '/home/dcbothra2204/arm_manip/build/ur_moveit_config' returned '0': CMAKE_PREFIX_PATH=/home/dcbothra2204/arm_manip/install/ur_description:/home/dcbothra2204/arm_manip/install/ur_moveit_config:/home/dcbothra2204/arm_manip/install/ur_control:/home/dcbothra2204/arm_manip/install/trac_ik:/home/dcbothra2204/arm_manip/install/trac_ik_examples:/home/dcbothra2204/arm_manip/install/trac_ik_lib:/home/dcbothra2204/arm_manip/install/ur_simulation:/opt/ros/humble /usr/bin/cmake --install /home/dcbothra2204/arm_manip/build/ur_moveit_config
[0.530s] Level 1:colcon.colcon_core.environment:checking '/home/dcbothra2204/arm_manip/install/ur_moveit_config' for CMake config files
[0.531s] Level 1:colcon.colcon_core.shell:create_environment_hook('ur_moveit_config', 'cmake_prefix_path')
[0.531s] INFO:colcon.colcon_core.shell:Creating environment hook '/home/dcbothra2204/arm_manip/install/ur_moveit_config/share/ur_moveit_config/hook/cmake_prefix_path.ps1'
[0.531s] INFO:colcon.colcon_core.shell:Creating environment descriptor '/home/dcbothra2204/arm_manip/install/ur_moveit_config/share/ur_moveit_config/hook/cmake_prefix_path.dsv'
[0.531s] INFO:colcon.colcon_core.shell:Creating environment hook '/home/dcbothra2204/arm_manip/install/ur_moveit_config/share/ur_moveit_config/hook/cmake_prefix_path.sh'
[0.532s] Level 1:colcon.colcon_core.environment:checking '/home/dcbothra2204/arm_manip/install/ur_moveit_config/bin'
[0.532s] Level 1:colcon.colcon_core.environment:checking '/home/dcbothra2204/arm_manip/install/ur_moveit_config/lib/pkgconfig/ur_moveit_config.pc'
[0.532s] Level 1:colcon.colcon_core.environment:checking '/home/dcbothra2204/arm_manip/install/ur_moveit_config/lib/python3.10/site-packages'
[0.532s] Level 1:colcon.colcon_core.environment:checking '/home/dcbothra2204/arm_manip/install/ur_moveit_config/bin'
[0.532s] INFO:colcon.colcon_core.shell:Creating package script '/home/dcbothra2204/arm_manip/install/ur_moveit_config/share/ur_moveit_config/package.ps1'
[0.532s] INFO:colcon.colcon_core.shell:Creating package descriptor '/home/dcbothra2204/arm_manip/install/ur_moveit_config/share/ur_moveit_config/package.dsv'
[0.533s] INFO:colcon.colcon_core.shell:Creating package script '/home/dcbothra2204/arm_manip/install/ur_moveit_config/share/ur_moveit_config/package.sh'
[0.533s] INFO:colcon.colcon_core.shell:Creating package script '/home/dcbothra2204/arm_manip/install/ur_moveit_config/share/ur_moveit_config/package.bash'
[0.533s] INFO:colcon.colcon_core.shell:Creating package script '/home/dcbothra2204/arm_manip/install/ur_moveit_config/share/ur_moveit_config/package.zsh'
[0.533s] Level 1:colcon.colcon_core.environment:create_file_with_runtime_dependencies(/home/dcbothra2204/arm_manip/install/ur_moveit_config/share/colcon-core/packages/ur_moveit_config)
[0.550s] Level 1:colcon.colcon_core.environment:create_environment_scripts_only(ur_moveit_config)
[0.550s] Level 1:colcon.colcon_core.environment:checking '/home/dcbothra2204/arm_manip/install/ur_moveit_config' for CMake module files
[0.551s] Level 1:colcon.colcon_core.environment:checking '/home/dcbothra2204/arm_manip/install/ur_moveit_config' for CMake config files
[0.551s] Level 1:colcon.colcon_core.shell:create_environment_hook('ur_moveit_config', 'cmake_prefix_path')
[0.551s] INFO:colcon.colcon_core.shell:Creating environment hook '/home/dcbothra2204/arm_manip/install/ur_moveit_config/share/ur_moveit_config/hook/cmake_prefix_path.ps1'
[0.551s] INFO:colcon.colcon_core.shell:Creating environment descriptor '/home/dcbothra2204/arm_manip/install/ur_moveit_config/share/ur_moveit_config/hook/cmake_prefix_path.dsv'
[0.551s] INFO:colcon.colcon_core.shell:Creating environment hook '/home/dcbothra2204/arm_manip/install/ur_moveit_config/share/ur_moveit_config/hook/cmake_prefix_path.sh'
[0.552s] Level 1:colcon.colcon_core.environment:checking '/home/dcbothra2204/arm_manip/install/ur_moveit_config/bin'
[0.552s] Level 1:colcon.colcon_core.environment:checking '/home/dcbothra2204/arm_manip/install/ur_moveit_config/lib/pkgconfig/ur_moveit_config.pc'
[0.552s] Level 1:colcon.colcon_core.environment:checking '/home/dcbothra2204/arm_manip/install/ur_moveit_config/lib/python3.10/site-packages'
[0.552s] Level 1:colcon.colcon_core.environment:checking '/home/dcbothra2204/arm_manip/install/ur_moveit_config/bin'
[0.552s] INFO:colcon.colcon_core.shell:Creating package script '/home/dcbothra2204/arm_manip/install/ur_moveit_config/share/ur_moveit_config/package.ps1'
[0.553s] INFO:colcon.colcon_core.shell:Creating package descriptor '/home/dcbothra2204/arm_manip/install/ur_moveit_config/share/ur_moveit_config/package.dsv'
[0.553s] INFO:colcon.colcon_core.shell:Creating package script '/home/dcbothra2204/arm_manip/install/ur_moveit_config/share/ur_moveit_config/package.sh'
[0.553s] INFO:colcon.colcon_core.shell:Creating package script '/home/dcbothra2204/arm_manip/install/ur_moveit_config/share/ur_moveit_config/package.bash'
[0.553s] INFO:colcon.colcon_core.shell:Creating package script '/home/dcbothra2204/arm_manip/install/ur_moveit_config/share/ur_moveit_config/package.zsh'
[0.553s] Level 1:colcon.colcon_core.environment:create_file_with_runtime_dependencies(/home/dcbothra2204/arm_manip/install/ur_moveit_config/share/colcon-core/packages/ur_moveit_config)
[0.554s] DEBUG:colcon.colcon_parallel_executor.executor.parallel:closing loop
[0.554s] DEBUG:colcon.colcon_parallel_executor.executor.parallel:loop closed
[0.554s] DEBUG:colcon.colcon_parallel_executor.executor.parallel:run_until_complete finished with '0'
[0.554s] DEBUG:colcon.colcon_core.event_reactor:joining thread
[0.558s] INFO:colcon.colcon_core.plugin_system:Skipping extension 'colcon_notification.desktop_notification.terminal_notifier': Not used on non-Darwin systems
[0.558s] INFO:colcon.colcon_core.plugin_system:Skipping extension 'colcon_notification.desktop_notification.win32': Not used on non-Windows systems
[0.558s] INFO:colcon.colcon_notification.desktop_notification:Sending desktop notification using 'notify2'
[0.570s] DEBUG:colcon.colcon_core.event_reactor:joined thread
[0.570s] INFO:colcon.colcon_core.shell:Creating prefix script '/home/dcbothra2204/arm_manip/install/local_setup.ps1'
[0.571s] INFO:colcon.colcon_core.shell:Creating prefix util module '/home/dcbothra2204/arm_manip/install/_local_setup_util_ps1.py'
[0.572s] INFO:colcon.colcon_core.shell:Creating prefix chain script '/home/dcbothra2204/arm_manip/install/setup.ps1'
[0.573s] INFO:colcon.colcon_core.shell:Creating prefix script '/home/dcbothra2204/arm_manip/install/local_setup.sh'
[0.574s] INFO:colcon.colcon_core.shell:Creating prefix util module '/home/dcbothra2204/arm_manip/install/_local_setup_util_sh.py'
[0.574s] INFO:colcon.colcon_core.shell:Creating prefix chain script '/home/dcbothra2204/arm_manip/install/setup.sh'
[0.575s] INFO:colcon.colcon_core.shell:Creating prefix script '/home/dcbothra2204/arm_manip/install/local_setup.bash'
[0.575s] INFO:colcon.colcon_core.shell:Creating prefix chain script '/home/dcbothra2204/arm_manip/install/setup.bash'
[0.576s] INFO:colcon.colcon_core.shell:Creating prefix script '/home/dcbothra2204/arm_manip/install/local_setup.zsh'
[0.576s] INFO:colcon.colcon_core.shell:Creating prefix chain script '/home/dcbothra2204/arm_manip/install/setup.zsh'
