[0.006s] Invoking command in '/home/dcbothra2204/arm_manip/build/trac_ik_examples': AMENT_PREFIX_PATH=/home/dcbothra2204/arm_manip/install/trac_ik_lib:${AMENT_PREFIX_PATH} CMAKE_PREFIX_PATH=/home/dcbothra2204/arm_manip/install/trac_ik_lib:/home/dcbothra2204/arm_manip/install/ur_simulation:/home/dcbothra2204/arm_manip/install/ur_description:/opt/ros/humble LD_LIBRARY_PATH=/home/dcbothra2204/arm_manip/install/trac_ik_lib/lib:${LD_LIBRARY_PATH} /usr/bin/cmake /home/dcbothra2204/arm_manip/src/trac_ik/trac_ik_examples -DAMENT_CMAKE_SYMLINK_INSTALL=1 -DCMAKE_INSTALL_PREFIX=/home/dcbothra2204/arm_manip/install/trac_ik_examples
[0.048s] -- The C compiler identification is GNU 11.4.0
[0.093s] -- The CXX compiler identification is GNU 11.4.0
[0.098s] -- Detecting C compiler ABI info
[0.156s] -- Detecting C compiler ABI info - done
[0.163s] -- Check for working C compiler: /usr/bin/cc - skipped
[0.163s] -- Detecting C compile features
[0.164s] -- Detecting C compile features - done
[0.166s] -- Detecting CXX compiler ABI info
[0.224s] -- Detecting CXX compiler ABI info - done
[0.229s] -- Check for working CXX compiler: /usr/bin/c++ - skipped
[0.229s] -- Detecting CXX compile features
[0.230s] -- Detecting CXX compile features - done
[0.231s] -- Found ament_cmake: 1.3.10 (/opt/ros/humble/share/ament_cmake/cmake)
[0.342s] -- Found Python3: /usr/bin/python3 (found version "3.10.12") found components: Interpreter 
[0.386s] -- Override CMake install command with custom implementation using symlinks instead of copying resources
[0.410s] -- Found rclcpp: 16.0.10 (/opt/ros/humble/share/rclcpp/cmake)
[0.438s] -- Found rosidl_generator_c: 3.1.5 (/opt/ros/humble/share/rosidl_generator_c/cmake)
[0.441s] -- Found rosidl_adapter: 3.1.5 (/opt/ros/humble/share/rosidl_adapter/cmake)
[0.446s] -- Found rosidl_generator_cpp: 3.1.5 (/opt/ros/humble/share/rosidl_generator_cpp/cmake)
[0.454s] -- Using all available rosidl_typesupport_c: rosidl_typesupport_fastrtps_c;rosidl_typesupport_introspection_c
[0.465s] -- Using all available rosidl_typesupport_cpp: rosidl_typesupport_fastrtps_cpp;rosidl_typesupport_introspection_cpp
[0.495s] -- Found rmw_implementation_cmake: 6.1.2 (/opt/ros/humble/share/rmw_implementation_cmake/cmake)
[0.497s] -- Found rmw_fastrtps_cpp: 6.2.7 (/opt/ros/humble/share/rmw_fastrtps_cpp/cmake)
[0.558s] -- Found OpenSSL: /usr/lib/x86_64-linux-gnu/libcrypto.so (found version "3.0.2")  
[0.577s] -- Found FastRTPS: /opt/ros/humble/include  
[0.608s] -- Using RMW implementation 'rmw_fastrtps_cpp' as default
[0.613s] -- Looking for pthread.h
[0.676s] -- Looking for pthread.h - found
[0.676s] -- Performing Test CMAKE_HAVE_LIBC_PTHREAD
[0.730s] -- Performing Test CMAKE_HAVE_LIBC_PTHREAD - Success
[0.731s] -- Found Threads: TRUE  
[0.774s] -- Found trac_ik_lib: 0.1.0 (/home/dcbothra2204/arm_manip/install/trac_ik_lib/share/trac_ik_lib/cmake)
[0.779s] -- Found eigen3_cmake_module: 0.1.1 (/opt/ros/humble/share/eigen3_cmake_module/cmake)
[0.780s] -- Found Eigen3: TRUE (found version "3.4.0") 
[0.780s] -- Ensuring Eigen3 include directory is part of orocos-kdl CMake target
[0.807s] -- Found ament_lint_auto: 0.12.12 (/opt/ros/humble/share/ament_lint_auto/cmake)
[0.862s] -- Added test 'copyright' to check source files copyright and LICENSE
[0.868s] -- Added test 'cppcheck' to perform static code analysis on C / C++ code
[0.868s] -- Configured cppcheck include dirs: 
[0.868s] -- Configured cppcheck exclude dirs and/or files: 
[0.868s] -- Added test 'cpplint' to check C / C++ code against the Google style
[0.868s] -- Configured cpplint exclude dirs and/or files: 
[0.868s] -- Added test 'flake8' to check Python code syntax and style conventions
[0.869s] -- Added test 'lint_cmake' to check CMake code style
[0.869s] -- Added test 'pep257' to check Python code against some of the docstring style conventions in PEP 257
[0.870s] -- Added test 'uncrustify' to check C / C++ code style
[0.870s] -- Configured uncrustify additional arguments: 
[0.870s] -- Added test 'xmllint' to check XML markup files
[0.871s] -- Configuring done
[0.877s] -- Generating done
[0.878s] -- Build files have been written to: /home/dcbothra2204/arm_manip/build/trac_ik_examples
[0.887s] Invoked command in '/home/dcbothra2204/arm_manip/build/trac_ik_examples' returned '0': AMENT_PREFIX_PATH=/home/dcbothra2204/arm_manip/install/trac_ik_lib:${AMENT_PREFIX_PATH} CMAKE_PREFIX_PATH=/home/dcbothra2204/arm_manip/install/trac_ik_lib:/home/dcbothra2204/arm_manip/install/ur_simulation:/home/dcbothra2204/arm_manip/install/ur_description:/opt/ros/humble LD_LIBRARY_PATH=/home/dcbothra2204/arm_manip/install/trac_ik_lib/lib:${LD_LIBRARY_PATH} /usr/bin/cmake /home/dcbothra2204/arm_manip/src/trac_ik/trac_ik_examples -DAMENT_CMAKE_SYMLINK_INSTALL=1 -DCMAKE_INSTALL_PREFIX=/home/dcbothra2204/arm_manip/install/trac_ik_examples
[0.887s] Invoking command in '/home/dcbothra2204/arm_manip/build/trac_ik_examples': AMENT_PREFIX_PATH=/home/dcbothra2204/arm_manip/install/trac_ik_lib:${AMENT_PREFIX_PATH} CMAKE_PREFIX_PATH=/home/dcbothra2204/arm_manip/install/trac_ik_lib:/home/dcbothra2204/arm_manip/install/ur_simulation:/home/dcbothra2204/arm_manip/install/ur_description:/opt/ros/humble LD_LIBRARY_PATH=/home/dcbothra2204/arm_manip/install/trac_ik_lib/lib:${LD_LIBRARY_PATH} /usr/bin/cmake --build /home/dcbothra2204/arm_manip/build/trac_ik_examples -- -j8 -l8
[0.934s] [ 50%] [32mBuilding CXX object CMakeFiles/ik_tests.dir/src/ik_tests.cpp.o[0m
[4.161s] [100%] [32m[1mLinking CXX executable ik_tests[0m
[4.290s] [100%] Built target ik_tests
[4.298s] Invoked command in '/home/dcbothra2204/arm_manip/build/trac_ik_examples' returned '0': AMENT_PREFIX_PATH=/home/dcbothra2204/arm_manip/install/trac_ik_lib:${AMENT_PREFIX_PATH} CMAKE_PREFIX_PATH=/home/dcbothra2204/arm_manip/install/trac_ik_lib:/home/dcbothra2204/arm_manip/install/ur_simulation:/home/dcbothra2204/arm_manip/install/ur_description:/opt/ros/humble LD_LIBRARY_PATH=/home/dcbothra2204/arm_manip/install/trac_ik_lib/lib:${LD_LIBRARY_PATH} /usr/bin/cmake --build /home/dcbothra2204/arm_manip/build/trac_ik_examples -- -j8 -l8
[4.316s] Invoking command in '/home/dcbothra2204/arm_manip/build/trac_ik_examples': AMENT_PREFIX_PATH=/home/dcbothra2204/arm_manip/install/trac_ik_lib:${AMENT_PREFIX_PATH} CMAKE_PREFIX_PATH=/home/dcbothra2204/arm_manip/install/trac_ik_lib:/home/dcbothra2204/arm_manip/install/ur_simulation:/home/dcbothra2204/arm_manip/install/ur_description:/opt/ros/humble LD_LIBRARY_PATH=/home/dcbothra2204/arm_manip/install/trac_ik_lib/lib:${LD_LIBRARY_PATH} /usr/bin/cmake --install /home/dcbothra2204/arm_manip/build/trac_ik_examples
[4.322s] -- Install configuration: ""
[4.322s] -- Execute custom install script
[4.322s] -- Symlinking: /home/dcbothra2204/arm_manip/install/trac_ik_examples/lib/trac_ik_examples/ik_tests
[4.329s] -- Symlinking: /home/dcbothra2204/arm_manip/install/trac_ik_examples/share/trac_ik_examples/launch/pr2.urdf
[4.336s] -- Symlinking: /home/dcbothra2204/arm_manip/install/trac_ik_examples/share/trac_ik_examples/launch/pr2_arm.launch.py
[4.342s] -- Symlinking: /home/dcbothra2204/arm_manip/install/trac_ik_examples/share/ament_index/resource_index/package_run_dependencies/trac_ik_examples
[4.349s] -- Symlinking: /home/dcbothra2204/arm_manip/install/trac_ik_examples/share/ament_index/resource_index/parent_prefix_path/trac_ik_examples
[4.355s] -- Symlinking: /home/dcbothra2204/arm_manip/install/trac_ik_examples/share/trac_ik_examples/environment/ament_prefix_path.sh
[4.362s] -- Symlinking: /home/dcbothra2204/arm_manip/install/trac_ik_examples/share/trac_ik_examples/environment/ament_prefix_path.dsv
[4.368s] -- Symlinking: /home/dcbothra2204/arm_manip/install/trac_ik_examples/share/trac_ik_examples/environment/path.sh
[4.375s] -- Symlinking: /home/dcbothra2204/arm_manip/install/trac_ik_examples/share/trac_ik_examples/environment/path.dsv
[4.381s] -- Symlinking: /home/dcbothra2204/arm_manip/install/trac_ik_examples/share/trac_ik_examples/local_setup.bash
[4.387s] -- Symlinking: /home/dcbothra2204/arm_manip/install/trac_ik_examples/share/trac_ik_examples/local_setup.sh
[4.394s] -- Symlinking: /home/dcbothra2204/arm_manip/install/trac_ik_examples/share/trac_ik_examples/local_setup.zsh
[4.400s] -- Symlinking: /home/dcbothra2204/arm_manip/install/trac_ik_examples/share/trac_ik_examples/local_setup.dsv
[4.407s] -- Symlinking: /home/dcbothra2204/arm_manip/install/trac_ik_examples/share/trac_ik_examples/package.dsv
[4.414s] -- Symlinking: /home/dcbothra2204/arm_manip/install/trac_ik_examples/share/ament_index/resource_index/packages/trac_ik_examples
[4.421s] -- Symlinking: /home/dcbothra2204/arm_manip/install/trac_ik_examples/share/trac_ik_examples/cmake/trac_ik_examplesConfig.cmake
[4.427s] -- Symlinking: /home/dcbothra2204/arm_manip/install/trac_ik_examples/share/trac_ik_examples/cmake/trac_ik_examplesConfig-version.cmake
[4.433s] -- Symlinking: /home/dcbothra2204/arm_manip/install/trac_ik_examples/share/trac_ik_examples/package.xml
[4.441s] Invoked command in '/home/dcbothra2204/arm_manip/build/trac_ik_examples' returned '0': AMENT_PREFIX_PATH=/home/dcbothra2204/arm_manip/install/trac_ik_lib:${AMENT_PREFIX_PATH} CMAKE_PREFIX_PATH=/home/dcbothra2204/arm_manip/install/trac_ik_lib:/home/dcbothra2204/arm_manip/install/ur_simulation:/home/dcbothra2204/arm_manip/install/ur_description:/opt/ros/humble LD_LIBRARY_PATH=/home/dcbothra2204/arm_manip/install/trac_ik_lib/lib:${LD_LIBRARY_PATH} /usr/bin/cmake --install /home/dcbothra2204/arm_manip/build/trac_ik_examples
