[0.109s] DEBUG:colcon:Command line arguments: ['/usr/bin/colcon', 'build']
[0.109s] DEBUG:colcon:Parsed command line arguments: Namespace(log_base=None, log_level=None, verb_name='build', build_base='build', install_base='install', merge_install=False, symlink_install=False, test_result_base=None, continue_on_error=False, executor='parallel', parallel_workers=8, event_handlers=None, ignore_user_meta=False, metas=['./colcon.meta'], base_paths=['.'], packages_ignore=None, packages_ignore_regex=None, paths=None, packages_up_to=None, packages_up_to_regex=None, packages_above=None, packages_above_and_dependencies=None, packages_above_depth=None, packages_select_by_dep=None, packages_skip_by_dep=None, packages_skip_up_to=None, packages_select_build_failed=False, packages_skip_build_finished=False, packages_select_test_failures=False, packages_skip_test_passed=False, packages_select=None, packages_skip=None, packages_select_regex=None, packages_skip_regex=None, packages_start=None, packages_end=None, allow_overriding=[], cmake_args=None, cmake_target=None, cmake_target_skip_unavailable=False, cmake_clean_cache=False, cmake_clean_first=False, cmake_force_configure=False, ament_cmake_args=None, catkin_cmake_args=None, catkin_skip_building_tests=False, mixin_files=None, mixin=None, verb_parser=<colcon_mixin.mixin.mixin_argument.MixinArgumentDecorator object at 0x776a30b65720>, verb_extension=<colcon_core.verb.build.BuildVerb object at 0x776a30b65150>, main=<bound method BuildVerb.main of <colcon_core.verb.build.BuildVerb object at 0x776a30b65150>>, mixin_verb=('build',))
[0.346s] Level 1:colcon.colcon_core.package_discovery:discover_packages(colcon_meta) check parameters
[0.346s] Level 1:colcon.colcon_core.package_discovery:discover_packages(recursive) check parameters
[0.346s] Level 1:colcon.colcon_core.package_discovery:discover_packages(ignore) check parameters
[0.346s] Level 1:colcon.colcon_core.package_discovery:discover_packages(path) check parameters
[0.346s] Level 1:colcon.colcon_core.package_discovery:discover_packages(colcon_meta) discover
[0.346s] Level 1:colcon.colcon_core.package_discovery:discover_packages(recursive) discover
[0.346s] INFO:colcon.colcon_core.package_discovery:Crawling recursively for packages in '/home/dcbothra2204/arm_manip'
[0.346s] Level 1:colcon.colcon_core.package_identification:_identify(.) by extensions ['ignore', 'ignore_ament_install']
[0.346s] Level 1:colcon.colcon_core.package_identification:_identify(.) by extension 'ignore'
[0.346s] Level 1:colcon.colcon_core.package_identification:_identify(.) by extension 'ignore_ament_install'
[0.346s] Level 1:colcon.colcon_core.package_identification:_identify(.) by extensions ['colcon_pkg']
[0.346s] Level 1:colcon.colcon_core.package_identification:_identify(.) by extension 'colcon_pkg'
[0.346s] Level 1:colcon.colcon_core.package_identification:_identify(.) by extensions ['colcon_meta']
[0.346s] Level 1:colcon.colcon_core.package_identification:_identify(.) by extension 'colcon_meta'
[0.346s] Level 1:colcon.colcon_core.package_identification:_identify(.) by extensions ['ros']
[0.346s] Level 1:colcon.colcon_core.package_identification:_identify(.) by extension 'ros'
[0.356s] Level 1:colcon.colcon_core.package_identification:_identify(.) by extensions ['cmake', 'python']
[0.356s] Level 1:colcon.colcon_core.package_identification:_identify(.) by extension 'cmake'
[0.356s] Level 1:colcon.colcon_core.package_identification:_identify(.) by extension 'python'
[0.356s] Level 1:colcon.colcon_core.package_identification:_identify(.) by extensions ['python_setup_py']
[0.356s] Level 1:colcon.colcon_core.package_identification:_identify(.) by extension 'python_setup_py'
[0.356s] Level 1:colcon.colcon_core.package_identification:_identify(build) by extensions ['ignore', 'ignore_ament_install']
[0.357s] Level 1:colcon.colcon_core.package_identification:_identify(build) by extension 'ignore'
[0.357s] Level 1:colcon.colcon_core.package_identification:_identify(build) ignored
[0.357s] Level 1:colcon.colcon_core.package_identification:_identify(install) by extensions ['ignore', 'ignore_ament_install']
[0.357s] Level 1:colcon.colcon_core.package_identification:_identify(install) by extension 'ignore'
[0.357s] Level 1:colcon.colcon_core.package_identification:_identify(install) ignored
[0.357s] Level 1:colcon.colcon_core.package_identification:_identify(log) by extensions ['ignore', 'ignore_ament_install']
[0.357s] Level 1:colcon.colcon_core.package_identification:_identify(log) by extension 'ignore'
[0.357s] Level 1:colcon.colcon_core.package_identification:_identify(log) ignored
[0.357s] Level 1:colcon.colcon_core.package_identification:_identify(src) by extensions ['ignore', 'ignore_ament_install']
[0.357s] Level 1:colcon.colcon_core.package_identification:_identify(src) by extension 'ignore'
[0.357s] Level 1:colcon.colcon_core.package_identification:_identify(src) by extension 'ignore_ament_install'
[0.357s] Level 1:colcon.colcon_core.package_identification:_identify(src) by extensions ['colcon_pkg']
[0.357s] Level 1:colcon.colcon_core.package_identification:_identify(src) by extension 'colcon_pkg'
[0.357s] Level 1:colcon.colcon_core.package_identification:_identify(src) by extensions ['colcon_meta']
[0.357s] Level 1:colcon.colcon_core.package_identification:_identify(src) by extension 'colcon_meta'
[0.357s] Level 1:colcon.colcon_core.package_identification:_identify(src) by extensions ['ros']
[0.357s] Level 1:colcon.colcon_core.package_identification:_identify(src) by extension 'ros'
[0.357s] Level 1:colcon.colcon_core.package_identification:_identify(src) by extensions ['cmake', 'python']
[0.357s] Level 1:colcon.colcon_core.package_identification:_identify(src) by extension 'cmake'
[0.357s] Level 1:colcon.colcon_core.package_identification:_identify(src) by extension 'python'
[0.357s] Level 1:colcon.colcon_core.package_identification:_identify(src) by extensions ['python_setup_py']
[0.357s] Level 1:colcon.colcon_core.package_identification:_identify(src) by extension 'python_setup_py'
[0.357s] Level 1:colcon.colcon_core.package_identification:_identify(src/ur_control) by extensions ['ignore', 'ignore_ament_install']
[0.358s] Level 1:colcon.colcon_core.package_identification:_identify(src/ur_control) by extension 'ignore'
[0.358s] Level 1:colcon.colcon_core.package_identification:_identify(src/ur_control) by extension 'ignore_ament_install'
[0.358s] Level 1:colcon.colcon_core.package_identification:_identify(src/ur_control) by extensions ['colcon_pkg']
[0.358s] Level 1:colcon.colcon_core.package_identification:_identify(src/ur_control) by extension 'colcon_pkg'
[0.358s] Level 1:colcon.colcon_core.package_identification:_identify(src/ur_control) by extensions ['colcon_meta']
[0.358s] Level 1:colcon.colcon_core.package_identification:_identify(src/ur_control) by extension 'colcon_meta'
[0.358s] Level 1:colcon.colcon_core.package_identification:_identify(src/ur_control) by extensions ['ros']
[0.358s] Level 1:colcon.colcon_core.package_identification:_identify(src/ur_control) by extension 'ros'
[0.360s] DEBUG:colcon.colcon_core.package_identification:Package 'src/ur_control' with type 'ros.ament_cmake' and name 'ur_control'
[0.361s] Level 1:colcon.colcon_core.package_identification:_identify(src/ur_description) by extensions ['ignore', 'ignore_ament_install']
[0.361s] Level 1:colcon.colcon_core.package_identification:_identify(src/ur_description) by extension 'ignore'
[0.361s] Level 1:colcon.colcon_core.package_identification:_identify(src/ur_description) by extension 'ignore_ament_install'
[0.361s] Level 1:colcon.colcon_core.package_identification:_identify(src/ur_description) by extensions ['colcon_pkg']
[0.361s] Level 1:colcon.colcon_core.package_identification:_identify(src/ur_description) by extension 'colcon_pkg'
[0.361s] Level 1:colcon.colcon_core.package_identification:_identify(src/ur_description) by extensions ['colcon_meta']
[0.361s] Level 1:colcon.colcon_core.package_identification:_identify(src/ur_description) by extension 'colcon_meta'
[0.361s] Level 1:colcon.colcon_core.package_identification:_identify(src/ur_description) by extensions ['ros']
[0.361s] Level 1:colcon.colcon_core.package_identification:_identify(src/ur_description) by extension 'ros'
[0.361s] DEBUG:colcon.colcon_core.package_identification:Package 'src/ur_description' with type 'ros.ament_cmake' and name 'ur_description'
[0.362s] Level 1:colcon.colcon_core.package_identification:_identify(src/ur_moveit_config) by extensions ['ignore', 'ignore_ament_install']
[0.362s] Level 1:colcon.colcon_core.package_identification:_identify(src/ur_moveit_config) by extension 'ignore'
[0.362s] Level 1:colcon.colcon_core.package_identification:_identify(src/ur_moveit_config) by extension 'ignore_ament_install'
[0.362s] Level 1:colcon.colcon_core.package_identification:_identify(src/ur_moveit_config) by extensions ['colcon_pkg']
[0.362s] Level 1:colcon.colcon_core.package_identification:_identify(src/ur_moveit_config) by extension 'colcon_pkg'
[0.362s] Level 1:colcon.colcon_core.package_identification:_identify(src/ur_moveit_config) by extensions ['colcon_meta']
[0.362s] Level 1:colcon.colcon_core.package_identification:_identify(src/ur_moveit_config) by extension 'colcon_meta'
[0.362s] Level 1:colcon.colcon_core.package_identification:_identify(src/ur_moveit_config) by extensions ['ros']
[0.362s] Level 1:colcon.colcon_core.package_identification:_identify(src/ur_moveit_config) by extension 'ros'
[0.362s] DEBUG:colcon.colcon_core.package_identification:Package 'src/ur_moveit_config' with type 'ros.ament_cmake' and name 'ur_moveit_config'
[0.362s] Level 1:colcon.colcon_core.package_identification:_identify(src/ur_simulation) by extensions ['ignore', 'ignore_ament_install']
[0.362s] Level 1:colcon.colcon_core.package_identification:_identify(src/ur_simulation) by extension 'ignore'
[0.363s] Level 1:colcon.colcon_core.package_identification:_identify(src/ur_simulation) by extension 'ignore_ament_install'
[0.363s] Level 1:colcon.colcon_core.package_identification:_identify(src/ur_simulation) by extensions ['colcon_pkg']
[0.363s] Level 1:colcon.colcon_core.package_identification:_identify(src/ur_simulation) by extension 'colcon_pkg'
[0.363s] Level 1:colcon.colcon_core.package_identification:_identify(src/ur_simulation) by extensions ['colcon_meta']
[0.363s] Level 1:colcon.colcon_core.package_identification:_identify(src/ur_simulation) by extension 'colcon_meta'
[0.363s] Level 1:colcon.colcon_core.package_identification:_identify(src/ur_simulation) by extensions ['ros']
[0.363s] Level 1:colcon.colcon_core.package_identification:_identify(src/ur_simulation) by extension 'ros'
[0.363s] DEBUG:colcon.colcon_core.package_identification:Package 'src/ur_simulation' with type 'ros.ament_cmake' and name 'ur_simulation'
[0.363s] Level 1:colcon.colcon_core.package_discovery:discover_packages(recursive) using defaults
[0.363s] Level 1:colcon.colcon_core.package_discovery:discover_packages(ignore) discover
[0.364s] Level 1:colcon.colcon_core.package_discovery:discover_packages(ignore) using defaults
[0.364s] Level 1:colcon.colcon_core.package_discovery:discover_packages(path) discover
[0.364s] Level 1:colcon.colcon_core.package_discovery:discover_packages(path) using defaults
[0.396s] Level 1:colcon.colcon_core.package_discovery:discover_packages(prefix_path) check parameters
[0.396s] Level 1:colcon.colcon_core.package_discovery:discover_packages(prefix_path) discover
[0.401s] DEBUG:colcon.colcon_installed_package_information.package_discovery:Found 5 installed packages in /home/dcbothra2204/arm_manip/install
[0.402s] DEBUG:colcon.colcon_installed_package_information.package_discovery:Found 383 installed packages in /opt/ros/humble
[0.403s] Level 1:colcon.colcon_core.package_discovery:discover_packages(prefix_path) using defaults
[0.440s] Level 5:colcon.colcon_core.verb:set package 'ur_control' build argument 'cmake_args' from command line to 'None'
[0.440s] Level 5:colcon.colcon_core.verb:set package 'ur_control' build argument 'cmake_target' from command line to 'None'
[0.440s] Level 5:colcon.colcon_core.verb:set package 'ur_control' build argument 'cmake_target_skip_unavailable' from command line to 'False'
[0.440s] Level 5:colcon.colcon_core.verb:set package 'ur_control' build argument 'cmake_clean_cache' from command line to 'False'
[0.440s] Level 5:colcon.colcon_core.verb:set package 'ur_control' build argument 'cmake_clean_first' from command line to 'False'
[0.440s] Level 5:colcon.colcon_core.verb:set package 'ur_control' build argument 'cmake_force_configure' from command line to 'False'
[0.440s] Level 5:colcon.colcon_core.verb:set package 'ur_control' build argument 'ament_cmake_args' from command line to 'None'
[0.440s] Level 5:colcon.colcon_core.verb:set package 'ur_control' build argument 'catkin_cmake_args' from command line to 'None'
[0.440s] Level 5:colcon.colcon_core.verb:set package 'ur_control' build argument 'catkin_skip_building_tests' from command line to 'False'
[0.440s] DEBUG:colcon.colcon_core.verb:Building package 'ur_control' with the following arguments: {'ament_cmake_args': None, 'build_base': '/home/dcbothra2204/arm_manip/build/ur_control', 'catkin_cmake_args': None, 'catkin_skip_building_tests': False, 'cmake_args': None, 'cmake_clean_cache': False, 'cmake_clean_first': False, 'cmake_force_configure': False, 'cmake_target': None, 'cmake_target_skip_unavailable': False, 'install_base': '/home/dcbothra2204/arm_manip/install/ur_control', 'merge_install': False, 'path': '/home/dcbothra2204/arm_manip/src/ur_control', 'symlink_install': False, 'test_result_base': None}
[0.440s] Level 5:colcon.colcon_core.verb:set package 'ur_description' build argument 'cmake_args' from command line to 'None'
[0.440s] Level 5:colcon.colcon_core.verb:set package 'ur_description' build argument 'cmake_target' from command line to 'None'
[0.440s] Level 5:colcon.colcon_core.verb:set package 'ur_description' build argument 'cmake_target_skip_unavailable' from command line to 'False'
[0.440s] Level 5:colcon.colcon_core.verb:set package 'ur_description' build argument 'cmake_clean_cache' from command line to 'False'
[0.440s] Level 5:colcon.colcon_core.verb:set package 'ur_description' build argument 'cmake_clean_first' from command line to 'False'
[0.440s] Level 5:colcon.colcon_core.verb:set package 'ur_description' build argument 'cmake_force_configure' from command line to 'False'
[0.440s] Level 5:colcon.colcon_core.verb:set package 'ur_description' build argument 'ament_cmake_args' from command line to 'None'
[0.440s] Level 5:colcon.colcon_core.verb:set package 'ur_description' build argument 'catkin_cmake_args' from command line to 'None'
[0.440s] Level 5:colcon.colcon_core.verb:set package 'ur_description' build argument 'catkin_skip_building_tests' from command line to 'False'
[0.440s] DEBUG:colcon.colcon_core.verb:Building package 'ur_description' with the following arguments: {'ament_cmake_args': None, 'build_base': '/home/dcbothra2204/arm_manip/build/ur_description', 'catkin_cmake_args': None, 'catkin_skip_building_tests': False, 'cmake_args': None, 'cmake_clean_cache': False, 'cmake_clean_first': False, 'cmake_force_configure': False, 'cmake_target': None, 'cmake_target_skip_unavailable': False, 'install_base': '/home/dcbothra2204/arm_manip/install/ur_description', 'merge_install': False, 'path': '/home/dcbothra2204/arm_manip/src/ur_description', 'symlink_install': False, 'test_result_base': None}
[0.441s] Level 5:colcon.colcon_core.verb:set package 'ur_simulation' build argument 'cmake_args' from command line to 'None'
[0.441s] Level 5:colcon.colcon_core.verb:set package 'ur_simulation' build argument 'cmake_target' from command line to 'None'
[0.441s] Level 5:colcon.colcon_core.verb:set package 'ur_simulation' build argument 'cmake_target_skip_unavailable' from command line to 'False'
[0.441s] Level 5:colcon.colcon_core.verb:set package 'ur_simulation' build argument 'cmake_clean_cache' from command line to 'False'
[0.441s] Level 5:colcon.colcon_core.verb:set package 'ur_simulation' build argument 'cmake_clean_first' from command line to 'False'
[0.441s] Level 5:colcon.colcon_core.verb:set package 'ur_simulation' build argument 'cmake_force_configure' from command line to 'False'
[0.441s] Level 5:colcon.colcon_core.verb:set package 'ur_simulation' build argument 'ament_cmake_args' from command line to 'None'
[0.441s] Level 5:colcon.colcon_core.verb:set package 'ur_simulation' build argument 'catkin_cmake_args' from command line to 'None'
[0.441s] Level 5:colcon.colcon_core.verb:set package 'ur_simulation' build argument 'catkin_skip_building_tests' from command line to 'False'
[0.441s] DEBUG:colcon.colcon_core.verb:Building package 'ur_simulation' with the following arguments: {'ament_cmake_args': None, 'build_base': '/home/dcbothra2204/arm_manip/build/ur_simulation', 'catkin_cmake_args': None, 'catkin_skip_building_tests': False, 'cmake_args': None, 'cmake_clean_cache': False, 'cmake_clean_first': False, 'cmake_force_configure': False, 'cmake_target': None, 'cmake_target_skip_unavailable': False, 'install_base': '/home/dcbothra2204/arm_manip/install/ur_simulation', 'merge_install': False, 'path': '/home/dcbothra2204/arm_manip/src/ur_simulation', 'symlink_install': False, 'test_result_base': None}
[0.441s] Level 5:colcon.colcon_core.verb:set package 'ur_moveit_config' build argument 'cmake_args' from command line to 'None'
[0.441s] Level 5:colcon.colcon_core.verb:set package 'ur_moveit_config' build argument 'cmake_target' from command line to 'None'
[0.441s] Level 5:colcon.colcon_core.verb:set package 'ur_moveit_config' build argument 'cmake_target_skip_unavailable' from command line to 'False'
[0.441s] Level 5:colcon.colcon_core.verb:set package 'ur_moveit_config' build argument 'cmake_clean_cache' from command line to 'False'
[0.441s] Level 5:colcon.colcon_core.verb:set package 'ur_moveit_config' build argument 'cmake_clean_first' from command line to 'False'
[0.441s] Level 5:colcon.colcon_core.verb:set package 'ur_moveit_config' build argument 'cmake_force_configure' from command line to 'False'
[0.441s] Level 5:colcon.colcon_core.verb:set package 'ur_moveit_config' build argument 'ament_cmake_args' from command line to 'None'
[0.441s] Level 5:colcon.colcon_core.verb:set package 'ur_moveit_config' build argument 'catkin_cmake_args' from command line to 'None'
[0.441s] Level 5:colcon.colcon_core.verb:set package 'ur_moveit_config' build argument 'catkin_skip_building_tests' from command line to 'False'
[0.441s] DEBUG:colcon.colcon_core.verb:Building package 'ur_moveit_config' with the following arguments: {'ament_cmake_args': None, 'build_base': '/home/dcbothra2204/arm_manip/build/ur_moveit_config', 'catkin_cmake_args': None, 'catkin_skip_building_tests': False, 'cmake_args': None, 'cmake_clean_cache': False, 'cmake_clean_first': False, 'cmake_force_configure': False, 'cmake_target': None, 'cmake_target_skip_unavailable': False, 'install_base': '/home/dcbothra2204/arm_manip/install/ur_moveit_config', 'merge_install': False, 'path': '/home/dcbothra2204/arm_manip/src/ur_moveit_config', 'symlink_install': False, 'test_result_base': None}
[0.441s] INFO:colcon.colcon_core.executor:Executing jobs using 'parallel' executor
[0.442s] DEBUG:colcon.colcon_parallel_executor.executor.parallel:run_until_complete
[0.442s] INFO:colcon.colcon_ros.task.ament_cmake.build:Building ROS package in '/home/dcbothra2204/arm_manip/src/ur_description' with build type 'ament_cmake'
[0.442s] INFO:colcon.colcon_cmake.task.cmake.build:Building CMake package in '/home/dcbothra2204/arm_manip/src/ur_description'
[0.446s] INFO:colcon.colcon_core.plugin_system:Skipping extension 'colcon_core.shell.bat': Not used on non-Windows systems
[0.446s] INFO:colcon.colcon_core.shell:Skip shell extension 'powershell' for command environment: Not usable outside of PowerShell
[0.446s] DEBUG:colcon.colcon_core.shell:Skip shell extension 'dsv' for command environment
[0.449s] INFO:colcon.colcon_ros.task.ament_cmake.build:Building ROS package in '/home/dcbothra2204/arm_manip/src/ur_control' with build type 'ament_cmake'
[0.449s] INFO:colcon.colcon_cmake.task.cmake.build:Building CMake package in '/home/dcbothra2204/arm_manip/src/ur_control'
[0.449s] INFO:colcon.colcon_core.shell:Skip shell extension 'powershell' for command environment: Not usable outside of PowerShell
[0.449s] DEBUG:colcon.colcon_core.shell:Skip shell extension 'dsv' for command environment
[0.451s] INFO:colcon.colcon_ros.task.ament_cmake.build:Building ROS package in '/home/dcbothra2204/arm_manip/src/ur_simulation' with build type 'ament_cmake'
[0.451s] INFO:colcon.colcon_cmake.task.cmake.build:Building CMake package in '/home/dcbothra2204/arm_manip/src/ur_simulation'
[0.452s] INFO:colcon.colcon_core.shell:Skip shell extension 'powershell' for command environment: Not usable outside of PowerShell
[0.452s] DEBUG:colcon.colcon_core.shell:Skip shell extension 'dsv' for command environment
[0.459s] DEBUG:colcon.colcon_core.event_handler.log_command:Invoking command in '/home/dcbothra2204/arm_manip/build/ur_description': CMAKE_PREFIX_PATH=${CMAKE_PREFIX_PATH}:/opt/ros/humble /usr/bin/cmake --build /home/dcbothra2204/arm_manip/build/ur_description -- -j8 -l8
[0.461s] DEBUG:colcon.colcon_core.event_handler.log_command:Invoking command in '/home/dcbothra2204/arm_manip/build/ur_control': CMAKE_PREFIX_PATH=${CMAKE_PREFIX_PATH}:/opt/ros/humble /usr/bin/cmake /home/dcbothra2204/arm_manip/src/ur_control -DCMAKE_INSTALL_PREFIX=/home/dcbothra2204/arm_manip/install/ur_control
[0.464s] DEBUG:colcon.colcon_core.event_handler.log_command:Invoking command in '/home/dcbothra2204/arm_manip/build/ur_simulation': CMAKE_PREFIX_PATH=${CMAKE_PREFIX_PATH}:/opt/ros/humble /usr/bin/cmake --build /home/dcbothra2204/arm_manip/build/ur_simulation -- -j8 -l8
[0.507s] DEBUG:colcon.colcon_core.event_handler.log_command:Invoked command in '/home/dcbothra2204/arm_manip/build/ur_description' returned '0': CMAKE_PREFIX_PATH=${CMAKE_PREFIX_PATH}:/opt/ros/humble /usr/bin/cmake --build /home/dcbothra2204/arm_manip/build/ur_description -- -j8 -l8
[0.508s] DEBUG:colcon.colcon_core.event_handler.log_command:Invoked command in '/home/dcbothra2204/arm_manip/build/ur_simulation' returned '0': CMAKE_PREFIX_PATH=${CMAKE_PREFIX_PATH}:/opt/ros/humble /usr/bin/cmake --build /home/dcbothra2204/arm_manip/build/ur_simulation -- -j8 -l8
[0.529s] DEBUG:colcon.colcon_core.event_handler.log_command:Invoking command in '/home/dcbothra2204/arm_manip/build/ur_description': CMAKE_PREFIX_PATH=${CMAKE_PREFIX_PATH}:/opt/ros/humble /usr/bin/cmake --install /home/dcbothra2204/arm_manip/build/ur_description
[0.531s] DEBUG:colcon.colcon_core.event_handler.log_command:Invoking command in '/home/dcbothra2204/arm_manip/build/ur_simulation': CMAKE_PREFIX_PATH=${CMAKE_PREFIX_PATH}:/opt/ros/humble /usr/bin/cmake --install /home/dcbothra2204/arm_manip/build/ur_simulation
[0.540s] Level 1:colcon.colcon_core.environment:create_environment_scripts_only(ur_simulation)
[0.540s] DEBUG:colcon.colcon_core.event_handler.log_command:Invoked command in '/home/dcbothra2204/arm_manip/build/ur_simulation' returned '0': CMAKE_PREFIX_PATH=${CMAKE_PREFIX_PATH}:/opt/ros/humble /usr/bin/cmake --install /home/dcbothra2204/arm_manip/build/ur_simulation
[0.545s] Level 1:colcon.colcon_core.environment:checking '/home/dcbothra2204/arm_manip/install/ur_simulation' for CMake module files
[0.546s] Level 1:colcon.colcon_core.environment:checking '/home/dcbothra2204/arm_manip/install/ur_simulation' for CMake config files
[0.547s] Level 1:colcon.colcon_core.shell:create_environment_hook('ur_simulation', 'cmake_prefix_path')
[0.547s] INFO:colcon.colcon_core.shell:Creating environment hook '/home/dcbothra2204/arm_manip/install/ur_simulation/share/ur_simulation/hook/cmake_prefix_path.ps1'
[0.547s] INFO:colcon.colcon_core.shell:Creating environment descriptor '/home/dcbothra2204/arm_manip/install/ur_simulation/share/ur_simulation/hook/cmake_prefix_path.dsv'
[0.548s] INFO:colcon.colcon_core.shell:Creating environment hook '/home/dcbothra2204/arm_manip/install/ur_simulation/share/ur_simulation/hook/cmake_prefix_path.sh'
[0.549s] Level 1:colcon.colcon_core.environment:checking '/home/dcbothra2204/arm_manip/install/ur_simulation/bin'
[0.549s] Level 1:colcon.colcon_core.environment:checking '/home/dcbothra2204/arm_manip/install/ur_simulation/lib/pkgconfig/ur_simulation.pc'
[0.549s] Level 1:colcon.colcon_core.environment:checking '/home/dcbothra2204/arm_manip/install/ur_simulation/lib/python3.10/site-packages'
[0.549s] Level 1:colcon.colcon_core.environment:checking '/home/dcbothra2204/arm_manip/install/ur_simulation/bin'
[0.549s] INFO:colcon.colcon_core.shell:Creating package script '/home/dcbothra2204/arm_manip/install/ur_simulation/share/ur_simulation/package.ps1'
[0.550s] INFO:colcon.colcon_core.shell:Creating package descriptor '/home/dcbothra2204/arm_manip/install/ur_simulation/share/ur_simulation/package.dsv'
[0.551s] INFO:colcon.colcon_core.shell:Creating package script '/home/dcbothra2204/arm_manip/install/ur_simulation/share/ur_simulation/package.sh'
[0.551s] INFO:colcon.colcon_core.shell:Creating package script '/home/dcbothra2204/arm_manip/install/ur_simulation/share/ur_simulation/package.bash'
[0.552s] INFO:colcon.colcon_core.shell:Creating package script '/home/dcbothra2204/arm_manip/install/ur_simulation/share/ur_simulation/package.zsh'
[0.552s] Level 1:colcon.colcon_core.environment:create_file_with_runtime_dependencies(/home/dcbothra2204/arm_manip/install/ur_simulation/share/colcon-core/packages/ur_simulation)
[0.553s] Level 1:colcon.colcon_core.environment:create_environment_scripts_only(ur_description)
[0.553s] Level 1:colcon.colcon_core.environment:checking '/home/dcbothra2204/arm_manip/install/ur_description' for CMake module files
[0.553s] DEBUG:colcon.colcon_core.event_handler.log_command:Invoked command in '/home/dcbothra2204/arm_manip/build/ur_description' returned '0': CMAKE_PREFIX_PATH=${CMAKE_PREFIX_PATH}:/opt/ros/humble /usr/bin/cmake --install /home/dcbothra2204/arm_manip/build/ur_description
[0.554s] Level 1:colcon.colcon_core.environment:checking '/home/dcbothra2204/arm_manip/install/ur_description' for CMake config files
[0.556s] Level 1:colcon.colcon_core.shell:create_environment_hook('ur_description', 'cmake_prefix_path')
[0.556s] INFO:colcon.colcon_core.shell:Creating environment hook '/home/dcbothra2204/arm_manip/install/ur_description/share/ur_description/hook/cmake_prefix_path.ps1'
[0.556s] INFO:colcon.colcon_core.shell:Creating environment descriptor '/home/dcbothra2204/arm_manip/install/ur_description/share/ur_description/hook/cmake_prefix_path.dsv'
[0.557s] INFO:colcon.colcon_core.shell:Creating environment hook '/home/dcbothra2204/arm_manip/install/ur_description/share/ur_description/hook/cmake_prefix_path.sh'
[0.557s] Level 1:colcon.colcon_core.environment:checking '/home/dcbothra2204/arm_manip/install/ur_description/bin'
[0.557s] Level 1:colcon.colcon_core.environment:checking '/home/dcbothra2204/arm_manip/install/ur_description/lib/pkgconfig/ur_description.pc'
[0.557s] Level 1:colcon.colcon_core.environment:checking '/home/dcbothra2204/arm_manip/install/ur_description/lib/python3.10/site-packages'
[0.557s] Level 1:colcon.colcon_core.environment:checking '/home/dcbothra2204/arm_manip/install/ur_description/bin'
[0.557s] INFO:colcon.colcon_core.shell:Creating package script '/home/dcbothra2204/arm_manip/install/ur_description/share/ur_description/package.ps1'
[0.558s] INFO:colcon.colcon_core.shell:Creating package descriptor '/home/dcbothra2204/arm_manip/install/ur_description/share/ur_description/package.dsv'
[0.558s] INFO:colcon.colcon_core.shell:Creating package script '/home/dcbothra2204/arm_manip/install/ur_description/share/ur_description/package.sh'
[0.558s] INFO:colcon.colcon_core.shell:Creating package script '/home/dcbothra2204/arm_manip/install/ur_description/share/ur_description/package.bash'
[0.559s] INFO:colcon.colcon_core.shell:Creating package script '/home/dcbothra2204/arm_manip/install/ur_description/share/ur_description/package.zsh'
[0.559s] Level 1:colcon.colcon_core.environment:create_file_with_runtime_dependencies(/home/dcbothra2204/arm_manip/install/ur_description/share/colcon-core/packages/ur_description)
[0.569s] Level 1:colcon.colcon_core.environment:create_environment_scripts_only(ur_simulation)
[0.569s] Level 1:colcon.colcon_core.environment:checking '/home/dcbothra2204/arm_manip/install/ur_simulation' for CMake module files
[0.569s] Level 1:colcon.colcon_core.environment:checking '/home/dcbothra2204/arm_manip/install/ur_simulation' for CMake config files
[0.569s] Level 1:colcon.colcon_core.shell:create_environment_hook('ur_simulation', 'cmake_prefix_path')
[0.570s] INFO:colcon.colcon_core.shell:Creating environment hook '/home/dcbothra2204/arm_manip/install/ur_simulation/share/ur_simulation/hook/cmake_prefix_path.ps1'
[0.570s] INFO:colcon.colcon_core.shell:Creating environment descriptor '/home/dcbothra2204/arm_manip/install/ur_simulation/share/ur_simulation/hook/cmake_prefix_path.dsv'
[0.570s] INFO:colcon.colcon_core.shell:Creating environment hook '/home/dcbothra2204/arm_manip/install/ur_simulation/share/ur_simulation/hook/cmake_prefix_path.sh'
[0.570s] Level 1:colcon.colcon_core.environment:checking '/home/dcbothra2204/arm_manip/install/ur_simulation/bin'
[0.571s] Level 1:colcon.colcon_core.environment:checking '/home/dcbothra2204/arm_manip/install/ur_simulation/lib/pkgconfig/ur_simulation.pc'
[0.571s] Level 1:colcon.colcon_core.environment:checking '/home/dcbothra2204/arm_manip/install/ur_simulation/lib/python3.10/site-packages'
[0.571s] Level 1:colcon.colcon_core.environment:checking '/home/dcbothra2204/arm_manip/install/ur_simulation/bin'
[0.571s] INFO:colcon.colcon_core.shell:Creating package script '/home/dcbothra2204/arm_manip/install/ur_simulation/share/ur_simulation/package.ps1'
[0.571s] INFO:colcon.colcon_core.shell:Creating package descriptor '/home/dcbothra2204/arm_manip/install/ur_simulation/share/ur_simulation/package.dsv'
[0.572s] INFO:colcon.colcon_core.shell:Creating package script '/home/dcbothra2204/arm_manip/install/ur_simulation/share/ur_simulation/package.sh'
[0.572s] INFO:colcon.colcon_core.shell:Creating package script '/home/dcbothra2204/arm_manip/install/ur_simulation/share/ur_simulation/package.bash'
[0.572s] INFO:colcon.colcon_core.shell:Creating package script '/home/dcbothra2204/arm_manip/install/ur_simulation/share/ur_simulation/package.zsh'
[0.573s] Level 1:colcon.colcon_core.environment:create_file_with_runtime_dependencies(/home/dcbothra2204/arm_manip/install/ur_simulation/share/colcon-core/packages/ur_simulation)
[0.575s] Level 1:colcon.colcon_core.environment:create_environment_scripts_only(ur_description)
[0.575s] Level 1:colcon.colcon_core.environment:checking '/home/dcbothra2204/arm_manip/install/ur_description' for CMake module files
[0.576s] Level 1:colcon.colcon_core.environment:checking '/home/dcbothra2204/arm_manip/install/ur_description' for CMake config files
[0.576s] Level 1:colcon.colcon_core.shell:create_environment_hook('ur_description', 'cmake_prefix_path')
[0.576s] INFO:colcon.colcon_core.shell:Creating environment hook '/home/dcbothra2204/arm_manip/install/ur_description/share/ur_description/hook/cmake_prefix_path.ps1'
[0.576s] INFO:colcon.colcon_core.shell:Creating environment descriptor '/home/dcbothra2204/arm_manip/install/ur_description/share/ur_description/hook/cmake_prefix_path.dsv'
[0.576s] INFO:colcon.colcon_core.shell:Creating environment hook '/home/dcbothra2204/arm_manip/install/ur_description/share/ur_description/hook/cmake_prefix_path.sh'
[0.577s] Level 1:colcon.colcon_core.environment:checking '/home/dcbothra2204/arm_manip/install/ur_description/bin'
[0.577s] Level 1:colcon.colcon_core.environment:checking '/home/dcbothra2204/arm_manip/install/ur_description/lib/pkgconfig/ur_description.pc'
[0.577s] Level 1:colcon.colcon_core.environment:checking '/home/dcbothra2204/arm_manip/install/ur_description/lib/python3.10/site-packages'
[0.577s] Level 1:colcon.colcon_core.environment:checking '/home/dcbothra2204/arm_manip/install/ur_description/bin'
[0.577s] INFO:colcon.colcon_core.shell:Creating package script '/home/dcbothra2204/arm_manip/install/ur_description/share/ur_description/package.ps1'
[0.578s] INFO:colcon.colcon_core.shell:Creating package descriptor '/home/dcbothra2204/arm_manip/install/ur_description/share/ur_description/package.dsv'
[0.578s] INFO:colcon.colcon_core.shell:Creating package script '/home/dcbothra2204/arm_manip/install/ur_description/share/ur_description/package.sh'
[0.578s] INFO:colcon.colcon_core.shell:Creating package script '/home/dcbothra2204/arm_manip/install/ur_description/share/ur_description/package.bash'
[0.578s] INFO:colcon.colcon_core.shell:Creating package script '/home/dcbothra2204/arm_manip/install/ur_description/share/ur_description/package.zsh'
[0.579s] Level 1:colcon.colcon_core.environment:create_file_with_runtime_dependencies(/home/dcbothra2204/arm_manip/install/ur_description/share/colcon-core/packages/ur_description)
[0.579s] INFO:colcon.colcon_ros.task.ament_cmake.build:Building ROS package in '/home/dcbothra2204/arm_manip/src/ur_moveit_config' with build type 'ament_cmake'
[0.579s] INFO:colcon.colcon_cmake.task.cmake.build:Building CMake package in '/home/dcbothra2204/arm_manip/src/ur_moveit_config'
[0.579s] INFO:colcon.colcon_core.shell:Skip shell extension 'powershell' for command environment: Not usable outside of PowerShell
[0.579s] DEBUG:colcon.colcon_core.shell:Skip shell extension 'dsv' for command environment
[0.586s] DEBUG:colcon.colcon_core.event_handler.log_command:Invoking command in '/home/dcbothra2204/arm_manip/build/ur_moveit_config': CMAKE_PREFIX_PATH=/home/dcbothra2204/arm_manip/install/ur_description:/home/dcbothra2204/arm_manip/install/trac_ik:/home/dcbothra2204/arm_manip/install/trac_ik_examples:/home/dcbothra2204/arm_manip/install/trac_ik_lib:/home/dcbothra2204/arm_manip/install/ur_simulation:/opt/ros/humble /usr/bin/cmake /home/dcbothra2204/arm_manip/src/ur_moveit_config -DCMAKE_INSTALL_PREFIX=/home/dcbothra2204/arm_manip/install/ur_moveit_config
[1.047s] DEBUG:colcon.colcon_core.event_handler.log_command:Invoked command in '/home/dcbothra2204/arm_manip/build/ur_moveit_config' returned '0': CMAKE_PREFIX_PATH=/home/dcbothra2204/arm_manip/install/ur_description:/home/dcbothra2204/arm_manip/install/trac_ik:/home/dcbothra2204/arm_manip/install/trac_ik_examples:/home/dcbothra2204/arm_manip/install/trac_ik_lib:/home/dcbothra2204/arm_manip/install/ur_simulation:/opt/ros/humble /usr/bin/cmake /home/dcbothra2204/arm_manip/src/ur_moveit_config -DCMAKE_INSTALL_PREFIX=/home/dcbothra2204/arm_manip/install/ur_moveit_config
[1.048s] DEBUG:colcon.colcon_core.event_handler.log_command:Invoking command in '/home/dcbothra2204/arm_manip/build/ur_moveit_config': CMAKE_PREFIX_PATH=/home/dcbothra2204/arm_manip/install/ur_description:/home/dcbothra2204/arm_manip/install/trac_ik:/home/dcbothra2204/arm_manip/install/trac_ik_examples:/home/dcbothra2204/arm_manip/install/trac_ik_lib:/home/dcbothra2204/arm_manip/install/ur_simulation:/opt/ros/humble /usr/bin/cmake --build /home/dcbothra2204/arm_manip/build/ur_moveit_config -- -j8 -l8
[1.077s] DEBUG:colcon.colcon_core.event_handler.log_command:Invoked command in '/home/dcbothra2204/arm_manip/build/ur_moveit_config' returned '0': CMAKE_PREFIX_PATH=/home/dcbothra2204/arm_manip/install/ur_description:/home/dcbothra2204/arm_manip/install/trac_ik:/home/dcbothra2204/arm_manip/install/trac_ik_examples:/home/dcbothra2204/arm_manip/install/trac_ik_lib:/home/dcbothra2204/arm_manip/install/ur_simulation:/opt/ros/humble /usr/bin/cmake --build /home/dcbothra2204/arm_manip/build/ur_moveit_config -- -j8 -l8
[1.093s] DEBUG:colcon.colcon_core.event_handler.log_command:Invoking command in '/home/dcbothra2204/arm_manip/build/ur_moveit_config': CMAKE_PREFIX_PATH=/home/dcbothra2204/arm_manip/install/ur_description:/home/dcbothra2204/arm_manip/install/trac_ik:/home/dcbothra2204/arm_manip/install/trac_ik_examples:/home/dcbothra2204/arm_manip/install/trac_ik_lib:/home/dcbothra2204/arm_manip/install/ur_simulation:/opt/ros/humble /usr/bin/cmake --install /home/dcbothra2204/arm_manip/build/ur_moveit_config
[1.103s] Level 1:colcon.colcon_core.environment:create_environment_scripts_only(ur_moveit_config)
[1.104s] Level 1:colcon.colcon_core.environment:checking '/home/dcbothra2204/arm_manip/install/ur_moveit_config' for CMake module files
[1.104s] DEBUG:colcon.colcon_core.event_handler.log_command:Invoked command in '/home/dcbothra2204/arm_manip/build/ur_moveit_config' returned '0': CMAKE_PREFIX_PATH=/home/dcbothra2204/arm_manip/install/ur_description:/home/dcbothra2204/arm_manip/install/trac_ik:/home/dcbothra2204/arm_manip/install/trac_ik_examples:/home/dcbothra2204/arm_manip/install/trac_ik_lib:/home/dcbothra2204/arm_manip/install/ur_simulation:/opt/ros/humble /usr/bin/cmake --install /home/dcbothra2204/arm_manip/build/ur_moveit_config
[1.104s] Level 1:colcon.colcon_core.environment:checking '/home/dcbothra2204/arm_manip/install/ur_moveit_config' for CMake config files
[1.104s] Level 1:colcon.colcon_core.shell:create_environment_hook('ur_moveit_config', 'cmake_prefix_path')
[1.105s] INFO:colcon.colcon_core.shell:Creating environment hook '/home/dcbothra2204/arm_manip/install/ur_moveit_config/share/ur_moveit_config/hook/cmake_prefix_path.ps1'
[1.105s] INFO:colcon.colcon_core.shell:Creating environment descriptor '/home/dcbothra2204/arm_manip/install/ur_moveit_config/share/ur_moveit_config/hook/cmake_prefix_path.dsv'
[1.105s] INFO:colcon.colcon_core.shell:Creating environment hook '/home/dcbothra2204/arm_manip/install/ur_moveit_config/share/ur_moveit_config/hook/cmake_prefix_path.sh'
[1.106s] Level 1:colcon.colcon_core.environment:checking '/home/dcbothra2204/arm_manip/install/ur_moveit_config/bin'
[1.106s] Level 1:colcon.colcon_core.environment:checking '/home/dcbothra2204/arm_manip/install/ur_moveit_config/lib/pkgconfig/ur_moveit_config.pc'
[1.106s] Level 1:colcon.colcon_core.environment:checking '/home/dcbothra2204/arm_manip/install/ur_moveit_config/lib/python3.10/site-packages'
[1.106s] Level 1:colcon.colcon_core.environment:checking '/home/dcbothra2204/arm_manip/install/ur_moveit_config/bin'
[1.107s] INFO:colcon.colcon_core.shell:Creating package script '/home/dcbothra2204/arm_manip/install/ur_moveit_config/share/ur_moveit_config/package.ps1'
[1.107s] INFO:colcon.colcon_core.shell:Creating package descriptor '/home/dcbothra2204/arm_manip/install/ur_moveit_config/share/ur_moveit_config/package.dsv'
[1.107s] INFO:colcon.colcon_core.shell:Creating package script '/home/dcbothra2204/arm_manip/install/ur_moveit_config/share/ur_moveit_config/package.sh'
[1.108s] INFO:colcon.colcon_core.shell:Creating package script '/home/dcbothra2204/arm_manip/install/ur_moveit_config/share/ur_moveit_config/package.bash'
[1.108s] INFO:colcon.colcon_core.shell:Creating package script '/home/dcbothra2204/arm_manip/install/ur_moveit_config/share/ur_moveit_config/package.zsh'
[1.108s] Level 1:colcon.colcon_core.environment:create_file_with_runtime_dependencies(/home/dcbothra2204/arm_manip/install/ur_moveit_config/share/colcon-core/packages/ur_moveit_config)
[1.124s] Level 1:colcon.colcon_core.environment:create_environment_scripts_only(ur_moveit_config)
[1.125s] Level 1:colcon.colcon_core.environment:checking '/home/dcbothra2204/arm_manip/install/ur_moveit_config' for CMake module files
[1.125s] Level 1:colcon.colcon_core.environment:checking '/home/dcbothra2204/arm_manip/install/ur_moveit_config' for CMake config files
[1.126s] Level 1:colcon.colcon_core.shell:create_environment_hook('ur_moveit_config', 'cmake_prefix_path')
[1.126s] INFO:colcon.colcon_core.shell:Creating environment hook '/home/dcbothra2204/arm_manip/install/ur_moveit_config/share/ur_moveit_config/hook/cmake_prefix_path.ps1'
[1.126s] INFO:colcon.colcon_core.shell:Creating environment descriptor '/home/dcbothra2204/arm_manip/install/ur_moveit_config/share/ur_moveit_config/hook/cmake_prefix_path.dsv'
[1.127s] INFO:colcon.colcon_core.shell:Creating environment hook '/home/dcbothra2204/arm_manip/install/ur_moveit_config/share/ur_moveit_config/hook/cmake_prefix_path.sh'
[1.127s] Level 1:colcon.colcon_core.environment:checking '/home/dcbothra2204/arm_manip/install/ur_moveit_config/bin'
[1.127s] Level 1:colcon.colcon_core.environment:checking '/home/dcbothra2204/arm_manip/install/ur_moveit_config/lib/pkgconfig/ur_moveit_config.pc'
[1.127s] Level 1:colcon.colcon_core.environment:checking '/home/dcbothra2204/arm_manip/install/ur_moveit_config/lib/python3.10/site-packages'
[1.128s] Level 1:colcon.colcon_core.environment:checking '/home/dcbothra2204/arm_manip/install/ur_moveit_config/bin'
[1.128s] INFO:colcon.colcon_core.shell:Creating package script '/home/dcbothra2204/arm_manip/install/ur_moveit_config/share/ur_moveit_config/package.ps1'
[1.128s] INFO:colcon.colcon_core.shell:Creating package descriptor '/home/dcbothra2204/arm_manip/install/ur_moveit_config/share/ur_moveit_config/package.dsv'
[1.129s] INFO:colcon.colcon_core.shell:Creating package script '/home/dcbothra2204/arm_manip/install/ur_moveit_config/share/ur_moveit_config/package.sh'
[1.129s] INFO:colcon.colcon_core.shell:Creating package script '/home/dcbothra2204/arm_manip/install/ur_moveit_config/share/ur_moveit_config/package.bash'
[1.129s] INFO:colcon.colcon_core.shell:Creating package script '/home/dcbothra2204/arm_manip/install/ur_moveit_config/share/ur_moveit_config/package.zsh'
[1.130s] Level 1:colcon.colcon_core.environment:create_file_with_runtime_dependencies(/home/dcbothra2204/arm_manip/install/ur_moveit_config/share/colcon-core/packages/ur_moveit_config)
[1.559s] DEBUG:colcon.colcon_core.event_handler.log_command:Invoked command in '/home/dcbothra2204/arm_manip/build/ur_control' returned '1': CMAKE_PREFIX_PATH=${CMAKE_PREFIX_PATH}:/opt/ros/humble /usr/bin/cmake /home/dcbothra2204/arm_manip/src/ur_control -DCMAKE_INSTALL_PREFIX=/home/dcbothra2204/arm_manip/install/ur_control
[1.567s] Level 1:colcon.colcon_core.environment:create_environment_scripts_only(ur_control)
[1.568s] Level 1:colcon.colcon_core.environment:checking '/home/dcbothra2204/arm_manip/install/ur_control' for CMake module files
[1.568s] Level 1:colcon.colcon_core.environment:checking '/home/dcbothra2204/arm_manip/install/ur_control' for CMake config files
[1.568s] Level 1:colcon.colcon_core.environment:checking '/home/dcbothra2204/arm_manip/install/ur_control/bin'
[1.568s] Level 1:colcon.colcon_core.environment:checking '/home/dcbothra2204/arm_manip/install/ur_control/lib/pkgconfig/ur_control.pc'
[1.568s] Level 1:colcon.colcon_core.environment:checking '/home/dcbothra2204/arm_manip/install/ur_control/lib/python3.10/site-packages'
[1.568s] Level 1:colcon.colcon_core.environment:checking '/home/dcbothra2204/arm_manip/install/ur_control/bin'
[1.568s] INFO:colcon.colcon_core.shell:Creating package script '/home/dcbothra2204/arm_manip/install/ur_control/share/ur_control/package.ps1'
[1.569s] INFO:colcon.colcon_core.shell:Creating package descriptor '/home/dcbothra2204/arm_manip/install/ur_control/share/ur_control/package.dsv'
[1.569s] INFO:colcon.colcon_core.shell:Creating package script '/home/dcbothra2204/arm_manip/install/ur_control/share/ur_control/package.sh'
[1.569s] INFO:colcon.colcon_core.shell:Creating package script '/home/dcbothra2204/arm_manip/install/ur_control/share/ur_control/package.bash'
[1.569s] INFO:colcon.colcon_core.shell:Creating package script '/home/dcbothra2204/arm_manip/install/ur_control/share/ur_control/package.zsh'
[1.569s] Level 1:colcon.colcon_core.environment:create_file_with_runtime_dependencies(/home/dcbothra2204/arm_manip/install/ur_control/share/colcon-core/packages/ur_control)
[1.580s] DEBUG:colcon.colcon_parallel_executor.executor.parallel:closing loop
[1.580s] DEBUG:colcon.colcon_parallel_executor.executor.parallel:loop closed
[1.580s] DEBUG:colcon.colcon_parallel_executor.executor.parallel:run_until_complete finished with '1'
[1.580s] DEBUG:colcon.colcon_core.event_reactor:joining thread
[1.587s] INFO:colcon.colcon_core.plugin_system:Skipping extension 'colcon_notification.desktop_notification.terminal_notifier': Not used on non-Darwin systems
[1.588s] INFO:colcon.colcon_core.plugin_system:Skipping extension 'colcon_notification.desktop_notification.win32': Not used on non-Windows systems
[1.588s] INFO:colcon.colcon_notification.desktop_notification:Sending desktop notification using 'notify2'
[1.600s] DEBUG:colcon.colcon_core.event_reactor:joined thread
[1.600s] INFO:colcon.colcon_core.shell:Creating prefix script '/home/dcbothra2204/arm_manip/install/local_setup.ps1'
[1.602s] INFO:colcon.colcon_core.shell:Creating prefix util module '/home/dcbothra2204/arm_manip/install/_local_setup_util_ps1.py'
[1.603s] INFO:colcon.colcon_core.shell:Creating prefix chain script '/home/dcbothra2204/arm_manip/install/setup.ps1'
[1.604s] INFO:colcon.colcon_core.shell:Creating prefix script '/home/dcbothra2204/arm_manip/install/local_setup.sh'
[1.605s] INFO:colcon.colcon_core.shell:Creating prefix util module '/home/dcbothra2204/arm_manip/install/_local_setup_util_sh.py'
[1.605s] INFO:colcon.colcon_core.shell:Creating prefix chain script '/home/dcbothra2204/arm_manip/install/setup.sh'
[1.607s] INFO:colcon.colcon_core.shell:Creating prefix script '/home/dcbothra2204/arm_manip/install/local_setup.bash'
[1.607s] INFO:colcon.colcon_core.shell:Creating prefix chain script '/home/dcbothra2204/arm_manip/install/setup.bash'
[1.609s] INFO:colcon.colcon_core.shell:Creating prefix script '/home/dcbothra2204/arm_manip/install/local_setup.zsh'
[1.609s] INFO:colcon.colcon_core.shell:Creating prefix chain script '/home/dcbothra2204/arm_manip/install/setup.zsh'
