[0.009s] Invoking command in '/home/dcbothra2204/arm_manip/build/ur_description': CMAKE_PREFIX_PATH=${CMAKE_PREFIX_PATH}:/opt/ros/humble /usr/bin/cmake --build /home/dcbothra2204/arm_manip/build/ur_description -- -j8 -l8
[0.036s] Invoked command in '/home/dcbothra2204/arm_manip/build/ur_description' returned '0': CMAKE_PREFIX_PATH=${CMAKE_PREFIX_PATH}:/opt/ros/humble /usr/bin/cmake --build /home/dcbothra2204/arm_manip/build/ur_description -- -j8 -l8
[0.057s] Invoking command in '/home/dcbothra2204/arm_manip/build/ur_description': CMAKE_PREFIX_PATH=${CMAKE_PREFIX_PATH}:/opt/ros/humble /usr/bin/cmake --install /home/dcbothra2204/arm_manip/build/ur_description
[0.062s] -- Install configuration: ""
[0.062s] -- Up-to-date: /home/dcbothra2204/arm_manip/install/ur_description/share/ur_description/config
[0.062s] -- Up-to-date: /home/dcbothra2204/arm_manip/install/ur_description/share/ur_description/config/initial_positions.yaml
[0.062s] -- Up-to-date: /home/dcbothra2204/arm_manip/install/ur_description/share/ur_description/config/ur10e
[0.062s] -- Up-to-date: /home/dcbothra2204/arm_manip/install/ur_description/share/ur_description/config/ur10e/default_kinematics.yaml
[0.063s] -- Up-to-date: /home/dcbothra2204/arm_manip/install/ur_description/share/ur_description/config/ur10e/visual_parameters.yaml
[0.063s] -- Up-to-date: /home/dcbothra2204/arm_manip/install/ur_description/share/ur_description/config/ur10e/joint_limits.yaml
[0.063s] -- Up-to-date: /home/dcbothra2204/arm_manip/install/ur_description/share/ur_description/config/ur10e/physical_parameters.yaml
[0.063s] -- Up-to-date: /home/dcbothra2204/arm_manip/install/ur_description/share/ur_description/launch
[0.063s] -- Up-to-date: /home/dcbothra2204/arm_manip/install/ur_description/share/ur_description/launch/robot_view.launch.py
[0.063s] -- Up-to-date: /home/dcbothra2204/arm_manip/install/ur_description/share/ur_description/meshes
[0.063s] -- Up-to-date: /home/dcbothra2204/arm_manip/install/ur_description/share/ur_description/meshes/ur10e
[0.063s] -- Up-to-date: /home/dcbothra2204/arm_manip/install/ur_description/share/ur_description/meshes/ur10e/visual
[0.063s] -- Up-to-date: /home/dcbothra2204/arm_manip/install/ur_description/share/ur_description/meshes/ur10e/visual/forearm.dae
[0.063s] -- Up-to-date: /home/dcbothra2204/arm_manip/install/ur_description/share/ur_description/meshes/ur10e/visual/shoulder.dae
[0.063s] -- Up-to-date: /home/dcbothra2204/arm_manip/install/ur_description/share/ur_description/meshes/ur10e/visual/base.dae
[0.063s] -- Up-to-date: /home/dcbothra2204/arm_manip/install/ur_description/share/ur_description/meshes/ur10e/visual/upperarm.dae
[0.063s] -- Up-to-date: /home/dcbothra2204/arm_manip/install/ur_description/share/ur_description/meshes/ur10e/visual/wrist2.dae
[0.063s] -- Up-to-date: /home/dcbothra2204/arm_manip/install/ur_description/share/ur_description/meshes/ur10e/visual/wrist1.dae
[0.063s] -- Up-to-date: /home/dcbothra2204/arm_manip/install/ur_description/share/ur_description/meshes/ur10e/visual/wrist3.dae
[0.063s] -- Up-to-date: /home/dcbothra2204/arm_manip/install/ur_description/share/ur_description/meshes/ur10e/collision
[0.063s] -- Up-to-date: /home/dcbothra2204/arm_manip/install/ur_description/share/ur_description/meshes/ur10e/collision/wrist2.stl
[0.063s] -- Up-to-date: /home/dcbothra2204/arm_manip/install/ur_description/share/ur_description/meshes/ur10e/collision/wrist3.stl
[0.063s] -- Up-to-date: /home/dcbothra2204/arm_manip/install/ur_description/share/ur_description/meshes/ur10e/collision/wrist1.stl
[0.063s] -- Up-to-date: /home/dcbothra2204/arm_manip/install/ur_description/share/ur_description/meshes/ur10e/collision/upperarm.stl
[0.063s] -- Up-to-date: /home/dcbothra2204/arm_manip/install/ur_description/share/ur_description/meshes/ur10e/collision/shoulder.stl
[0.064s] -- Up-to-date: /home/dcbothra2204/arm_manip/install/ur_description/share/ur_description/meshes/ur10e/collision/base.stl
[0.064s] -- Up-to-date: /home/dcbothra2204/arm_manip/install/ur_description/share/ur_description/meshes/ur10e/collision/forearm.stl
[0.064s] -- Up-to-date: /home/dcbothra2204/arm_manip/install/ur_description/share/ur_description/rviz
[0.064s] -- Up-to-date: /home/dcbothra2204/arm_manip/install/ur_description/share/ur_description/rviz/view_robot.rviz
[0.064s] -- Up-to-date: /home/dcbothra2204/arm_manip/install/ur_description/share/ur_description/urdf
[0.064s] -- Up-to-date: /home/dcbothra2204/arm_manip/install/ur_description/share/ur_description/urdf/ros2_control_mock_hardware.xacro
[0.064s] -- Up-to-date: /home/dcbothra2204/arm_manip/install/ur_description/share/ur_description/urdf/ur.urdf.xacro
[0.064s] -- Up-to-date: /home/dcbothra2204/arm_manip/install/ur_description/share/ur_description/urdf/inc
[0.064s] -- Up-to-date: /home/dcbothra2204/arm_manip/install/ur_description/share/ur_description/urdf/inc/ur_common.xacro
[0.064s] -- Up-to-date: /home/dcbothra2204/arm_manip/install/ur_description/share/ur_description/urdf/inc/ur_transmissions.xacro
[0.064s] -- Up-to-date: /home/dcbothra2204/arm_manip/install/ur_description/share/ur_description/urdf/inc/ur_joint_control.xacro
[0.064s] -- Up-to-date: /home/dcbothra2204/arm_manip/install/ur_description/share/ur_description/urdf/inc/ur_sensors.xacro
[0.064s] -- Up-to-date: /home/dcbothra2204/arm_manip/install/ur_description/share/ur_description/urdf/ur_macro.xacro
[0.064s] -- Up-to-date: /home/dcbothra2204/arm_manip/install/ur_description/share/ur_description/urdf/ur_mocked.urdf.xacro
[0.064s] -- Up-to-date: /home/dcbothra2204/arm_manip/install/ur_description/share/ament_index/resource_index/package_run_dependencies/ur_description
[0.064s] -- Up-to-date: /home/dcbothra2204/arm_manip/install/ur_description/share/ament_index/resource_index/parent_prefix_path/ur_description
[0.064s] -- Up-to-date: /home/dcbothra2204/arm_manip/install/ur_description/share/ur_description/environment/ament_prefix_path.sh
[0.064s] -- Up-to-date: /home/dcbothra2204/arm_manip/install/ur_description/share/ur_description/environment/ament_prefix_path.dsv
[0.064s] -- Up-to-date: /home/dcbothra2204/arm_manip/install/ur_description/share/ur_description/environment/path.sh
[0.064s] -- Up-to-date: /home/dcbothra2204/arm_manip/install/ur_description/share/ur_description/environment/path.dsv
[0.064s] -- Up-to-date: /home/dcbothra2204/arm_manip/install/ur_description/share/ur_description/local_setup.bash
[0.064s] -- Up-to-date: /home/dcbothra2204/arm_manip/install/ur_description/share/ur_description/local_setup.sh
[0.064s] -- Up-to-date: /home/dcbothra2204/arm_manip/install/ur_description/share/ur_description/local_setup.zsh
[0.064s] -- Up-to-date: /home/dcbothra2204/arm_manip/install/ur_description/share/ur_description/local_setup.dsv
[0.064s] -- Installing: /home/dcbothra2204/arm_manip/install/ur_description/share/ur_description/package.dsv
[0.065s] -- Up-to-date: /home/dcbothra2204/arm_manip/install/ur_description/share/ament_index/resource_index/packages/ur_description
[0.065s] -- Up-to-date: /home/dcbothra2204/arm_manip/install/ur_description/share/ur_description/cmake/ur_descriptionConfig.cmake
[0.065s] -- Up-to-date: /home/dcbothra2204/arm_manip/install/ur_description/share/ur_description/cmake/ur_descriptionConfig-version.cmake
[0.065s] -- Up-to-date: /home/dcbothra2204/arm_manip/install/ur_description/share/ur_description/package.xml
[0.065s] Invoked command in '/home/dcbothra2204/arm_manip/build/ur_description' returned '0': CMAKE_PREFIX_PATH=${CMAKE_PREFIX_PATH}:/opt/ros/humble /usr/bin/cmake --install /home/dcbothra2204/arm_manip/build/ur_description
