[0.006s] Invoking command in '/home/dcbothra2204/arm_manip/build/ur_moveit_config': CMAKE_PREFIX_PATH=/home/dcbothra2204/arm_manip/install/ur_description:/home/dcbothra2204/arm_manip/install/trac_ik:/home/dcbothra2204/arm_manip/install/trac_ik_examples:/home/dcbothra2204/arm_manip/install/trac_ik_lib:/home/dcbothra2204/arm_manip/install/ur_simulation:/opt/ros/humble /usr/bin/cmake /home/dcbothra2204/arm_manip/src/ur_moveit_config -DCMAKE_INSTALL_PREFIX=/home/dcbothra2204/arm_manip/install/ur_moveit_config
[0.045s] -- The C compiler identification is GNU 11.4.0
[0.086s] -- The CXX compiler identification is GNU 11.4.0
[0.091s] -- Detecting C compiler ABI info
[0.141s] -- Detecting C compiler ABI info - done
[0.147s] -- Check for working C compiler: /usr/bin/cc - skipped
[0.147s] -- Detecting C compile features
[0.147s] -- Detecting C compile features - done
[0.149s] -- Detecting CXX compiler ABI info
[0.209s] -- Detecting CXX compiler ABI info - done
[0.214s] -- Check for working CXX compiler: /usr/bin/c++ - skipped
[0.214s] -- Detecting CXX compile features
[0.215s] -- Detecting CXX compile features - done
[0.218s] -- Found ament_cmake: 1.3.10 (/opt/ros/humble/share/ament_cmake/cmake)
[0.334s] -- Found Python3: /usr/bin/python3 (found version "3.10.12") found components: Interpreter 
[0.461s] -- Configuring done
[0.463s] -- Generating done
[0.464s] -- Build files have been written to: /home/dcbothra2204/arm_manip/build/ur_moveit_config
[0.467s] Invoked command in '/home/dcbothra2204/arm_manip/build/ur_moveit_config' returned '0': CMAKE_PREFIX_PATH=/home/dcbothra2204/arm_manip/install/ur_description:/home/dcbothra2204/arm_manip/install/trac_ik:/home/dcbothra2204/arm_manip/install/trac_ik_examples:/home/dcbothra2204/arm_manip/install/trac_ik_lib:/home/dcbothra2204/arm_manip/install/ur_simulation:/opt/ros/humble /usr/bin/cmake /home/dcbothra2204/arm_manip/src/ur_moveit_config -DCMAKE_INSTALL_PREFIX=/home/dcbothra2204/arm_manip/install/ur_moveit_config
[0.468s] Invoking command in '/home/dcbothra2204/arm_manip/build/ur_moveit_config': CMAKE_PREFIX_PATH=/home/dcbothra2204/arm_manip/install/ur_description:/home/dcbothra2204/arm_manip/install/trac_ik:/home/dcbothra2204/arm_manip/install/trac_ik_examples:/home/dcbothra2204/arm_manip/install/trac_ik_lib:/home/dcbothra2204/arm_manip/install/ur_simulation:/opt/ros/humble /usr/bin/cmake --build /home/dcbothra2204/arm_manip/build/ur_moveit_config -- -j8 -l8
[0.498s] Invoked command in '/home/dcbothra2204/arm_manip/build/ur_moveit_config' returned '0': CMAKE_PREFIX_PATH=/home/dcbothra2204/arm_manip/install/ur_description:/home/dcbothra2204/arm_manip/install/trac_ik:/home/dcbothra2204/arm_manip/install/trac_ik_examples:/home/dcbothra2204/arm_manip/install/trac_ik_lib:/home/dcbothra2204/arm_manip/install/ur_simulation:/opt/ros/humble /usr/bin/cmake --build /home/dcbothra2204/arm_manip/build/ur_moveit_config -- -j8 -l8
[0.513s] Invoking command in '/home/dcbothra2204/arm_manip/build/ur_moveit_config': CMAKE_PREFIX_PATH=/home/dcbothra2204/arm_manip/install/ur_description:/home/dcbothra2204/arm_manip/install/trac_ik:/home/dcbothra2204/arm_manip/install/trac_ik_examples:/home/dcbothra2204/arm_manip/install/trac_ik_lib:/home/dcbothra2204/arm_manip/install/ur_simulation:/opt/ros/humble /usr/bin/cmake --install /home/dcbothra2204/arm_manip/build/ur_moveit_config
[0.519s] -- Install configuration: ""
[0.519s] -- Installing: /home/dcbothra2204/arm_manip/install/ur_moveit_config/share/ament_index/resource_index/package_run_dependencies/ur_moveit_config
[0.519s] -- Installing: /home/dcbothra2204/arm_manip/install/ur_moveit_config/share/ament_index/resource_index/parent_prefix_path/ur_moveit_config
[0.519s] -- Installing: /home/dcbothra2204/arm_manip/install/ur_moveit_config/share/ur_moveit_config/environment/ament_prefix_path.sh
[0.519s] -- Installing: /home/dcbothra2204/arm_manip/install/ur_moveit_config/share/ur_moveit_config/environment/ament_prefix_path.dsv
[0.520s] -- Installing: /home/dcbothra2204/arm_manip/install/ur_moveit_config/share/ur_moveit_config/environment/path.sh
[0.520s] -- Installing: /home/dcbothra2204/arm_manip/install/ur_moveit_config/share/ur_moveit_config/environment/path.dsv
[0.520s] -- Installing: /home/dcbothra2204/arm_manip/install/ur_moveit_config/share/ur_moveit_config/local_setup.bash
[0.520s] -- Installing: /home/dcbothra2204/arm_manip/install/ur_moveit_config/share/ur_moveit_config/local_setup.sh
[0.520s] -- Installing: /home/dcbothra2204/arm_manip/install/ur_moveit_config/share/ur_moveit_config/local_setup.zsh
[0.520s] -- Installing: /home/dcbothra2204/arm_manip/install/ur_moveit_config/share/ur_moveit_config/local_setup.dsv
[0.520s] -- Installing: /home/dcbothra2204/arm_manip/install/ur_moveit_config/share/ur_moveit_config/package.dsv
[0.520s] -- Installing: /home/dcbothra2204/arm_manip/install/ur_moveit_config/share/ament_index/resource_index/packages/ur_moveit_config
[0.521s] -- Installing: /home/dcbothra2204/arm_manip/install/ur_moveit_config/share/ur_moveit_config/cmake/ur_moveit_configConfig.cmake
[0.521s] -- Installing: /home/dcbothra2204/arm_manip/install/ur_moveit_config/share/ur_moveit_config/cmake/ur_moveit_configConfig-version.cmake
[0.521s] -- Installing: /home/dcbothra2204/arm_manip/install/ur_moveit_config/share/ur_moveit_config/package.xml
[0.521s] -- Installing: /home/dcbothra2204/arm_manip/install/ur_moveit_config/share/ur_moveit_config/launch
[0.521s] -- Installing: /home/dcbothra2204/arm_manip/install/ur_moveit_config/share/ur_moveit_config/launch/warehouse_db.launch.py
[0.521s] -- Installing: /home/dcbothra2204/arm_manip/install/ur_moveit_config/share/ur_moveit_config/launch/move_group.launch.py
[0.521s] -- Installing: /home/dcbothra2204/arm_manip/install/ur_moveit_config/share/ur_moveit_config/launch/moveit_rviz.launch.py
[0.521s] -- Installing: /home/dcbothra2204/arm_manip/install/ur_moveit_config/share/ur_moveit_config/launch/static_virtual_joint_tfs.launch.py
[0.521s] -- Installing: /home/dcbothra2204/arm_manip/install/ur_moveit_config/share/ur_moveit_config/launch/demo.launch.py
[0.521s] -- Installing: /home/dcbothra2204/arm_manip/install/ur_moveit_config/share/ur_moveit_config/launch/rsp.launch.py
[0.521s] -- Installing: /home/dcbothra2204/arm_manip/install/ur_moveit_config/share/ur_moveit_config/launch/setup_assistant.launch.py
[0.522s] -- Installing: /home/dcbothra2204/arm_manip/install/ur_moveit_config/share/ur_moveit_config/launch/spawn_controllers.launch.py
[0.522s] -- Installing: /home/dcbothra2204/arm_manip/install/ur_moveit_config/share/ur_moveit_config/config
[0.522s] -- Installing: /home/dcbothra2204/arm_manip/install/ur_moveit_config/share/ur_moveit_config/config/initial_positions.yaml
[0.522s] -- Installing: /home/dcbothra2204/arm_manip/install/ur_moveit_config/share/ur_moveit_config/config/pilz_cartesian_limits.yaml
[0.522s] -- Installing: /home/dcbothra2204/arm_manip/install/ur_moveit_config/share/ur_moveit_config/config/ur.urdf.xacro
[0.522s] -- Installing: /home/dcbothra2204/arm_manip/install/ur_moveit_config/share/ur_moveit_config/config/ur.ros2_control.xacro
[0.522s] -- Installing: /home/dcbothra2204/arm_manip/install/ur_moveit_config/share/ur_moveit_config/config/ur.srdf
[0.522s] -- Installing: /home/dcbothra2204/arm_manip/install/ur_moveit_config/share/ur_moveit_config/config/moveit_controllers.yaml
[0.522s] -- Installing: /home/dcbothra2204/arm_manip/install/ur_moveit_config/share/ur_moveit_config/config/joint_limits.yaml
[0.522s] -- Installing: /home/dcbothra2204/arm_manip/install/ur_moveit_config/share/ur_moveit_config/config/moveit.rviz
[0.522s] -- Installing: /home/dcbothra2204/arm_manip/install/ur_moveit_config/share/ur_moveit_config/config/ros2_controllers.yaml
[0.522s] -- Installing: /home/dcbothra2204/arm_manip/install/ur_moveit_config/share/ur_moveit_config/config/kinematics.yaml
[0.523s] -- Installing: /home/dcbothra2204/arm_manip/install/ur_moveit_config/share/ur_moveit_config/.setup_assistant
[0.524s] Invoked command in '/home/dcbothra2204/arm_manip/build/ur_moveit_config' returned '0': CMAKE_PREFIX_PATH=/home/dcbothra2204/arm_manip/install/ur_description:/home/dcbothra2204/arm_manip/install/trac_ik:/home/dcbothra2204/arm_manip/install/trac_ik_examples:/home/dcbothra2204/arm_manip/install/trac_ik_lib:/home/dcbothra2204/arm_manip/install/ur_simulation:/opt/ros/humble /usr/bin/cmake --install /home/dcbothra2204/arm_manip/build/ur_moveit_config
