[0.008s] Invoking command in '/home/dcbothra2204/arm_manip/build/ur_simulation': CMAKE_PREFIX_PATH=${CMAKE_PREFIX_PATH}:/opt/ros/humble /usr/bin/cmake --build /home/dcbothra2204/arm_manip/build/ur_simulation -- -j8 -l8
[0.034s] Invoked command in '/home/dcbothra2204/arm_manip/build/ur_simulation' returned '0': CMAKE_PREFIX_PATH=${CMAKE_PREFIX_PATH}:/opt/ros/humble /usr/bin/cmake --build /home/dcbothra2204/arm_manip/build/ur_simulation -- -j8 -l8
[0.055s] Invoking command in '/home/dcbothra2204/arm_manip/build/ur_simulation': CMAKE_PREFIX_PATH=${CMAKE_PREFIX_PATH}:/opt/ros/humble /usr/bin/cmake --install /home/dcbothra2204/arm_manip/build/ur_simulation
[0.061s] -- Install configuration: ""
[0.061s] -- Up-to-date: /home/dcbothra2204/arm_manip/install/ur_simulation/share/ur_simulation/launch
[0.061s] -- Installing: /home/dcbothra2204/arm_manip/install/ur_simulation/share/ur_simulation/launch/spawn_ign.launch.py
[0.062s] -- Up-to-date: /home/dcbothra2204/arm_manip/install/ur_simulation/share/ur_simulation/launch/gazebo.launch.py
[0.062s] -- Up-to-date: /home/dcbothra2204/arm_manip/install/ur_simulation/share/ur_simulation/launch/robot_rviz.launch.py
[0.062s] -- Up-to-date: /home/dcbothra2204/arm_manip/install/ur_simulation/share/ur_simulation/rviz
[0.062s] -- Up-to-date: /home/dcbothra2204/arm_manip/install/ur_simulation/share/ur_simulation/rviz/view_robot.rviz
[0.062s] -- Up-to-date: /home/dcbothra2204/arm_manip/install/ur_simulation/share/ament_index/resource_index/package_run_dependencies/ur_simulation
[0.063s] -- Up-to-date: /home/dcbothra2204/arm_manip/install/ur_simulation/share/ament_index/resource_index/parent_prefix_path/ur_simulation
[0.063s] -- Up-to-date: /home/dcbothra2204/arm_manip/install/ur_simulation/share/ur_simulation/environment/ament_prefix_path.sh
[0.063s] -- Up-to-date: /home/dcbothra2204/arm_manip/install/ur_simulation/share/ur_simulation/environment/ament_prefix_path.dsv
[0.063s] -- Up-to-date: /home/dcbothra2204/arm_manip/install/ur_simulation/share/ur_simulation/environment/path.sh
[0.063s] -- Up-to-date: /home/dcbothra2204/arm_manip/install/ur_simulation/share/ur_simulation/environment/path.dsv
[0.063s] -- Up-to-date: /home/dcbothra2204/arm_manip/install/ur_simulation/share/ur_simulation/local_setup.bash
[0.064s] -- Up-to-date: /home/dcbothra2204/arm_manip/install/ur_simulation/share/ur_simulation/local_setup.sh
[0.064s] -- Up-to-date: /home/dcbothra2204/arm_manip/install/ur_simulation/share/ur_simulation/local_setup.zsh
[0.064s] -- Up-to-date: /home/dcbothra2204/arm_manip/install/ur_simulation/share/ur_simulation/local_setup.dsv
[0.064s] -- Installing: /home/dcbothra2204/arm_manip/install/ur_simulation/share/ur_simulation/package.dsv
[0.064s] -- Up-to-date: /home/dcbothra2204/arm_manip/install/ur_simulation/share/ament_index/resource_index/packages/ur_simulation
[0.064s] -- Up-to-date: /home/dcbothra2204/arm_manip/install/ur_simulation/share/ur_simulation/cmake/ur_simulationConfig.cmake
[0.064s] -- Up-to-date: /home/dcbothra2204/arm_manip/install/ur_simulation/share/ur_simulation/cmake/ur_simulationConfig-version.cmake
[0.064s] -- Up-to-date: /home/dcbothra2204/arm_manip/install/ur_simulation/share/ur_simulation/package.xml
[0.064s] Invoked command in '/home/dcbothra2204/arm_manip/build/ur_simulation' returned '0': CMAKE_PREFIX_PATH=${CMAKE_PREFIX_PATH}:/opt/ros/humble /usr/bin/cmake --install /home/dcbothra2204/arm_manip/build/ur_simulation
