[0.072s] DEBUG:colcon:Command line arguments: ['/usr/bin/colcon', 'build']
[0.072s] DEBUG:colcon:Parsed command line arguments: Namespace(log_base=None, log_level=None, verb_name='build', build_base='build', install_base='install', merge_install=False, symlink_install=False, test_result_base=None, continue_on_error=False, executor='parallel', parallel_workers=8, event_handlers=None, ignore_user_meta=False, metas=['./colcon.meta'], base_paths=['.'], packages_ignore=None, packages_ignore_regex=None, paths=None, packages_up_to=None, packages_up_to_regex=None, packages_above=None, packages_above_and_dependencies=None, packages_above_depth=None, packages_select_by_dep=None, packages_skip_by_dep=None, packages_skip_up_to=None, packages_select_build_failed=False, packages_skip_build_finished=False, packages_select_test_failures=False, packages_skip_test_passed=False, packages_select=None, packages_skip=None, packages_select_regex=None, packages_skip_regex=None, packages_start=None, packages_end=None, allow_overriding=[], cmake_args=None, cmake_target=None, cmake_target_skip_unavailable=False, cmake_clean_cache=False, cmake_clean_first=False, cmake_force_configure=False, ament_cmake_args=None, catkin_cmake_args=None, catkin_skip_building_tests=False, mixin_files=None, mixin=None, verb_parser=<colcon_mixin.mixin.mixin_argument.MixinArgumentDecorator object at 0x747c335d13f0>, verb_extension=<colcon_core.verb.build.BuildVerb object at 0x747c335d0e20>, main=<bound method BuildVerb.main of <colcon_core.verb.build.BuildVerb object at 0x747c335d0e20>>, mixin_verb=('build',))
[0.180s] Level 1:colcon.colcon_core.package_discovery:discover_packages(colcon_meta) check parameters
[0.180s] Level 1:colcon.colcon_core.package_discovery:discover_packages(recursive) check parameters
[0.180s] Level 1:colcon.colcon_core.package_discovery:discover_packages(ignore) check parameters
[0.180s] Level 1:colcon.colcon_core.package_discovery:discover_packages(path) check parameters
[0.180s] Level 1:colcon.colcon_core.package_discovery:discover_packages(colcon_meta) discover
[0.180s] Level 1:colcon.colcon_core.package_discovery:discover_packages(recursive) discover
[0.180s] INFO:colcon.colcon_core.package_discovery:Crawling recursively for packages in '/home/dcbothra2204/arm_manip'
[0.181s] Level 1:colcon.colcon_core.package_identification:_identify(.) by extensions ['ignore', 'ignore_ament_install']
[0.181s] Level 1:colcon.colcon_core.package_identification:_identify(.) by extension 'ignore'
[0.181s] Level 1:colcon.colcon_core.package_identification:_identify(.) by extension 'ignore_ament_install'
[0.181s] Level 1:colcon.colcon_core.package_identification:_identify(.) by extensions ['colcon_pkg']
[0.181s] Level 1:colcon.colcon_core.package_identification:_identify(.) by extension 'colcon_pkg'
[0.181s] Level 1:colcon.colcon_core.package_identification:_identify(.) by extensions ['colcon_meta']
[0.181s] Level 1:colcon.colcon_core.package_identification:_identify(.) by extension 'colcon_meta'
[0.181s] Level 1:colcon.colcon_core.package_identification:_identify(.) by extensions ['ros']
[0.181s] Level 1:colcon.colcon_core.package_identification:_identify(.) by extension 'ros'
[0.188s] Level 1:colcon.colcon_core.package_identification:_identify(.) by extensions ['cmake', 'python']
[0.188s] Level 1:colcon.colcon_core.package_identification:_identify(.) by extension 'cmake'
[0.188s] Level 1:colcon.colcon_core.package_identification:_identify(.) by extension 'python'
[0.188s] Level 1:colcon.colcon_core.package_identification:_identify(.) by extensions ['python_setup_py']
[0.188s] Level 1:colcon.colcon_core.package_identification:_identify(.) by extension 'python_setup_py'
[0.189s] Level 1:colcon.colcon_core.package_identification:_identify(build) by extensions ['ignore', 'ignore_ament_install']
[0.189s] Level 1:colcon.colcon_core.package_identification:_identify(build) by extension 'ignore'
[0.189s] Level 1:colcon.colcon_core.package_identification:_identify(build) ignored
[0.189s] Level 1:colcon.colcon_core.package_identification:_identify(install) by extensions ['ignore', 'ignore_ament_install']
[0.189s] Level 1:colcon.colcon_core.package_identification:_identify(install) by extension 'ignore'
[0.189s] Level 1:colcon.colcon_core.package_identification:_identify(install) ignored
[0.189s] Level 1:colcon.colcon_core.package_identification:_identify(log) by extensions ['ignore', 'ignore_ament_install']
[0.189s] Level 1:colcon.colcon_core.package_identification:_identify(log) by extension 'ignore'
[0.189s] Level 1:colcon.colcon_core.package_identification:_identify(log) ignored
[0.189s] Level 1:colcon.colcon_core.package_identification:_identify(src) by extensions ['ignore', 'ignore_ament_install']
[0.189s] Level 1:colcon.colcon_core.package_identification:_identify(src) by extension 'ignore'
[0.189s] Level 1:colcon.colcon_core.package_identification:_identify(src) by extension 'ignore_ament_install'
[0.189s] Level 1:colcon.colcon_core.package_identification:_identify(src) by extensions ['colcon_pkg']
[0.189s] Level 1:colcon.colcon_core.package_identification:_identify(src) by extension 'colcon_pkg'
[0.189s] Level 1:colcon.colcon_core.package_identification:_identify(src) by extensions ['colcon_meta']
[0.189s] Level 1:colcon.colcon_core.package_identification:_identify(src) by extension 'colcon_meta'
[0.189s] Level 1:colcon.colcon_core.package_identification:_identify(src) by extensions ['ros']
[0.189s] Level 1:colcon.colcon_core.package_identification:_identify(src) by extension 'ros'
[0.189s] Level 1:colcon.colcon_core.package_identification:_identify(src) by extensions ['cmake', 'python']
[0.189s] Level 1:colcon.colcon_core.package_identification:_identify(src) by extension 'cmake'
[0.189s] Level 1:colcon.colcon_core.package_identification:_identify(src) by extension 'python'
[0.189s] Level 1:colcon.colcon_core.package_identification:_identify(src) by extensions ['python_setup_py']
[0.189s] Level 1:colcon.colcon_core.package_identification:_identify(src) by extension 'python_setup_py'
[0.189s] Level 1:colcon.colcon_core.package_identification:_identify(src/ur_control) by extensions ['ignore', 'ignore_ament_install']
[0.189s] Level 1:colcon.colcon_core.package_identification:_identify(src/ur_control) by extension 'ignore'
[0.189s] Level 1:colcon.colcon_core.package_identification:_identify(src/ur_control) by extension 'ignore_ament_install'
[0.190s] Level 1:colcon.colcon_core.package_identification:_identify(src/ur_control) by extensions ['colcon_pkg']
[0.190s] Level 1:colcon.colcon_core.package_identification:_identify(src/ur_control) by extension 'colcon_pkg'
[0.190s] Level 1:colcon.colcon_core.package_identification:_identify(src/ur_control) by extensions ['colcon_meta']
[0.190s] Level 1:colcon.colcon_core.package_identification:_identify(src/ur_control) by extension 'colcon_meta'
[0.190s] Level 1:colcon.colcon_core.package_identification:_identify(src/ur_control) by extensions ['ros']
[0.190s] Level 1:colcon.colcon_core.package_identification:_identify(src/ur_control) by extension 'ros'
[0.190s] Level 1:colcon.colcon_core.package_identification:_identify(src/ur_control) by extensions ['cmake', 'python']
[0.190s] Level 1:colcon.colcon_core.package_identification:_identify(src/ur_control) by extension 'cmake'
[0.190s] Level 1:colcon.colcon_core.package_identification:_identify(src/ur_control) by extension 'python'
[0.190s] Level 1:colcon.colcon_core.package_identification:_identify(src/ur_control) by extensions ['python_setup_py']
[0.190s] Level 1:colcon.colcon_core.package_identification:_identify(src/ur_control) by extension 'python_setup_py'
[0.190s] Level 1:colcon.colcon_core.package_identification:_identify(src/ur_description) by extensions ['ignore', 'ignore_ament_install']
[0.190s] Level 1:colcon.colcon_core.package_identification:_identify(src/ur_description) by extension 'ignore'
[0.190s] Level 1:colcon.colcon_core.package_identification:_identify(src/ur_description) by extension 'ignore_ament_install'
[0.190s] Level 1:colcon.colcon_core.package_identification:_identify(src/ur_description) by extensions ['colcon_pkg']
[0.190s] Level 1:colcon.colcon_core.package_identification:_identify(src/ur_description) by extension 'colcon_pkg'
[0.190s] Level 1:colcon.colcon_core.package_identification:_identify(src/ur_description) by extensions ['colcon_meta']
[0.190s] Level 1:colcon.colcon_core.package_identification:_identify(src/ur_description) by extension 'colcon_meta'
[0.190s] Level 1:colcon.colcon_core.package_identification:_identify(src/ur_description) by extensions ['ros']
[0.190s] Level 1:colcon.colcon_core.package_identification:_identify(src/ur_description) by extension 'ros'
[0.192s] DEBUG:colcon.colcon_core.package_identification:Package 'src/ur_description' with type 'ros.ament_cmake' and name 'ur_description'
[0.192s] Level 1:colcon.colcon_core.package_identification:_identify(src/ur_simulation) by extensions ['ignore', 'ignore_ament_install']
[0.192s] Level 1:colcon.colcon_core.package_identification:_identify(src/ur_simulation) by extension 'ignore'
[0.192s] Level 1:colcon.colcon_core.package_identification:_identify(src/ur_simulation) by extension 'ignore_ament_install'
[0.192s] Level 1:colcon.colcon_core.package_identification:_identify(src/ur_simulation) by extensions ['colcon_pkg']
[0.192s] Level 1:colcon.colcon_core.package_identification:_identify(src/ur_simulation) by extension 'colcon_pkg'
[0.192s] Level 1:colcon.colcon_core.package_identification:_identify(src/ur_simulation) by extensions ['colcon_meta']
[0.192s] Level 1:colcon.colcon_core.package_identification:_identify(src/ur_simulation) by extension 'colcon_meta'
[0.192s] Level 1:colcon.colcon_core.package_identification:_identify(src/ur_simulation) by extensions ['ros']
[0.192s] Level 1:colcon.colcon_core.package_identification:_identify(src/ur_simulation) by extension 'ros'
[0.193s] DEBUG:colcon.colcon_core.package_identification:Package 'src/ur_simulation' with type 'ros.ament_cmake' and name 'ur_simulation'
[0.193s] Level 1:colcon.colcon_core.package_discovery:discover_packages(recursive) using defaults
[0.193s] Level 1:colcon.colcon_core.package_discovery:discover_packages(ignore) discover
[0.193s] Level 1:colcon.colcon_core.package_discovery:discover_packages(ignore) using defaults
[0.193s] Level 1:colcon.colcon_core.package_discovery:discover_packages(path) discover
[0.193s] Level 1:colcon.colcon_core.package_discovery:discover_packages(path) using defaults
[0.207s] Level 1:colcon.colcon_core.package_discovery:discover_packages(prefix_path) check parameters
[0.207s] Level 1:colcon.colcon_core.package_discovery:discover_packages(prefix_path) discover
[0.208s] DEBUG:colcon.colcon_installed_package_information.package_discovery:Found 2 installed packages in /home/dcbothra2204/arm_manip/install
[0.209s] DEBUG:colcon.colcon_installed_package_information.package_discovery:Found 330 installed packages in /opt/ros/humble
[0.219s] Level 1:colcon.colcon_core.package_discovery:discover_packages(prefix_path) using defaults
[0.246s] Level 5:colcon.colcon_core.verb:set package 'ur_description' build argument 'cmake_args' from command line to 'None'
[0.246s] Level 5:colcon.colcon_core.verb:set package 'ur_description' build argument 'cmake_target' from command line to 'None'
[0.246s] Level 5:colcon.colcon_core.verb:set package 'ur_description' build argument 'cmake_target_skip_unavailable' from command line to 'False'
[0.246s] Level 5:colcon.colcon_core.verb:set package 'ur_description' build argument 'cmake_clean_cache' from command line to 'False'
[0.246s] Level 5:colcon.colcon_core.verb:set package 'ur_description' build argument 'cmake_clean_first' from command line to 'False'
[0.246s] Level 5:colcon.colcon_core.verb:set package 'ur_description' build argument 'cmake_force_configure' from command line to 'False'
[0.246s] Level 5:colcon.colcon_core.verb:set package 'ur_description' build argument 'ament_cmake_args' from command line to 'None'
[0.246s] Level 5:colcon.colcon_core.verb:set package 'ur_description' build argument 'catkin_cmake_args' from command line to 'None'
[0.246s] Level 5:colcon.colcon_core.verb:set package 'ur_description' build argument 'catkin_skip_building_tests' from command line to 'False'
[0.246s] DEBUG:colcon.colcon_core.verb:Building package 'ur_description' with the following arguments: {'ament_cmake_args': None, 'build_base': '/home/dcbothra2204/arm_manip/build/ur_description', 'catkin_cmake_args': None, 'catkin_skip_building_tests': False, 'cmake_args': None, 'cmake_clean_cache': False, 'cmake_clean_first': False, 'cmake_force_configure': False, 'cmake_target': None, 'cmake_target_skip_unavailable': False, 'install_base': '/home/dcbothra2204/arm_manip/install/ur_description', 'merge_install': False, 'path': '/home/dcbothra2204/arm_manip/src/ur_description', 'symlink_install': False, 'test_result_base': None}
[0.246s] Level 5:colcon.colcon_core.verb:set package 'ur_simulation' build argument 'cmake_args' from command line to 'None'
[0.246s] Level 5:colcon.colcon_core.verb:set package 'ur_simulation' build argument 'cmake_target' from command line to 'None'
[0.246s] Level 5:colcon.colcon_core.verb:set package 'ur_simulation' build argument 'cmake_target_skip_unavailable' from command line to 'False'
[0.246s] Level 5:colcon.colcon_core.verb:set package 'ur_simulation' build argument 'cmake_clean_cache' from command line to 'False'
[0.246s] Level 5:colcon.colcon_core.verb:set package 'ur_simulation' build argument 'cmake_clean_first' from command line to 'False'
[0.246s] Level 5:colcon.colcon_core.verb:set package 'ur_simulation' build argument 'cmake_force_configure' from command line to 'False'
[0.246s] Level 5:colcon.colcon_core.verb:set package 'ur_simulation' build argument 'ament_cmake_args' from command line to 'None'
[0.246s] Level 5:colcon.colcon_core.verb:set package 'ur_simulation' build argument 'catkin_cmake_args' from command line to 'None'
[0.246s] Level 5:colcon.colcon_core.verb:set package 'ur_simulation' build argument 'catkin_skip_building_tests' from command line to 'False'
[0.246s] DEBUG:colcon.colcon_core.verb:Building package 'ur_simulation' with the following arguments: {'ament_cmake_args': None, 'build_base': '/home/dcbothra2204/arm_manip/build/ur_simulation', 'catkin_cmake_args': None, 'catkin_skip_building_tests': False, 'cmake_args': None, 'cmake_clean_cache': False, 'cmake_clean_first': False, 'cmake_force_configure': False, 'cmake_target': None, 'cmake_target_skip_unavailable': False, 'install_base': '/home/dcbothra2204/arm_manip/install/ur_simulation', 'merge_install': False, 'path': '/home/dcbothra2204/arm_manip/src/ur_simulation', 'symlink_install': False, 'test_result_base': None}
[0.247s] INFO:colcon.colcon_core.executor:Executing jobs using 'parallel' executor
[0.247s] DEBUG:colcon.colcon_parallel_executor.executor.parallel:run_until_complete
[0.248s] INFO:colcon.colcon_ros.task.ament_cmake.build:Building ROS package in '/home/dcbothra2204/arm_manip/src/ur_description' with build type 'ament_cmake'
[0.248s] INFO:colcon.colcon_cmake.task.cmake.build:Building CMake package in '/home/dcbothra2204/arm_manip/src/ur_description'
[0.249s] INFO:colcon.colcon_core.plugin_system:Skipping extension 'colcon_core.shell.bat': Not used on non-Windows systems
[0.249s] INFO:colcon.colcon_core.shell:Skip shell extension 'powershell' for command environment: Not usable outside of PowerShell
[0.249s] DEBUG:colcon.colcon_core.shell:Skip shell extension 'dsv' for command environment
[0.252s] INFO:colcon.colcon_ros.task.ament_cmake.build:Building ROS package in '/home/dcbothra2204/arm_manip/src/ur_simulation' with build type 'ament_cmake'
[0.252s] INFO:colcon.colcon_cmake.task.cmake.build:Building CMake package in '/home/dcbothra2204/arm_manip/src/ur_simulation'
[0.252s] INFO:colcon.colcon_core.shell:Skip shell extension 'powershell' for command environment: Not usable outside of PowerShell
[0.252s] DEBUG:colcon.colcon_core.shell:Skip shell extension 'dsv' for command environment
[0.258s] DEBUG:colcon.colcon_core.event_handler.log_command:Invoking command in '/home/dcbothra2204/arm_manip/build/ur_description': CMAKE_PREFIX_PATH=${CMAKE_PREFIX_PATH}:/opt/ros/humble /usr/bin/cmake --build /home/dcbothra2204/arm_manip/build/ur_description -- -j8 -l8
[0.261s] DEBUG:colcon.colcon_core.event_handler.log_command:Invoking command in '/home/dcbothra2204/arm_manip/build/ur_simulation': CMAKE_PREFIX_PATH=${CMAKE_PREFIX_PATH}:/opt/ros/humble /usr/bin/cmake --build /home/dcbothra2204/arm_manip/build/ur_simulation -- -j8 -l8
[0.286s] DEBUG:colcon.colcon_core.event_handler.log_command:Invoked command in '/home/dcbothra2204/arm_manip/build/ur_description' returned '0': CMAKE_PREFIX_PATH=${CMAKE_PREFIX_PATH}:/opt/ros/humble /usr/bin/cmake --build /home/dcbothra2204/arm_manip/build/ur_description -- -j8 -l8
[0.288s] DEBUG:colcon.colcon_core.event_handler.log_command:Invoked command in '/home/dcbothra2204/arm_manip/build/ur_simulation' returned '0': CMAKE_PREFIX_PATH=${CMAKE_PREFIX_PATH}:/opt/ros/humble /usr/bin/cmake --build /home/dcbothra2204/arm_manip/build/ur_simulation -- -j8 -l8
[0.308s] DEBUG:colcon.colcon_core.event_handler.log_command:Invoking command in '/home/dcbothra2204/arm_manip/build/ur_description': CMAKE_PREFIX_PATH=${CMAKE_PREFIX_PATH}:/opt/ros/humble /usr/bin/cmake --install /home/dcbothra2204/arm_manip/build/ur_description
[0.309s] DEBUG:colcon.colcon_core.event_handler.log_command:Invoking command in '/home/dcbothra2204/arm_manip/build/ur_simulation': CMAKE_PREFIX_PATH=${CMAKE_PREFIX_PATH}:/opt/ros/humble /usr/bin/cmake --install /home/dcbothra2204/arm_manip/build/ur_simulation
[0.316s] Level 1:colcon.colcon_core.environment:create_environment_scripts_only(ur_description)
[0.318s] DEBUG:colcon.colcon_core.event_handler.log_command:Invoked command in '/home/dcbothra2204/arm_manip/build/ur_description' returned '0': CMAKE_PREFIX_PATH=${CMAKE_PREFIX_PATH}:/opt/ros/humble /usr/bin/cmake --install /home/dcbothra2204/arm_manip/build/ur_description
[0.320s] Level 1:colcon.colcon_core.environment:checking '/home/dcbothra2204/arm_manip/install/ur_description' for CMake module files
[0.320s] Level 1:colcon.colcon_core.environment:checking '/home/dcbothra2204/arm_manip/install/ur_description' for CMake config files
[0.320s] Level 1:colcon.colcon_core.shell:create_environment_hook('ur_description', 'cmake_prefix_path')
[0.321s] INFO:colcon.colcon_core.shell:Creating environment hook '/home/dcbothra2204/arm_manip/install/ur_description/share/ur_description/hook/cmake_prefix_path.ps1'
[0.321s] INFO:colcon.colcon_core.shell:Creating environment descriptor '/home/dcbothra2204/arm_manip/install/ur_description/share/ur_description/hook/cmake_prefix_path.dsv'
[0.321s] INFO:colcon.colcon_core.shell:Creating environment hook '/home/dcbothra2204/arm_manip/install/ur_description/share/ur_description/hook/cmake_prefix_path.sh'
[0.322s] Level 1:colcon.colcon_core.environment:checking '/home/dcbothra2204/arm_manip/install/ur_description/bin'
[0.322s] Level 1:colcon.colcon_core.environment:checking '/home/dcbothra2204/arm_manip/install/ur_description/lib/pkgconfig/ur_description.pc'
[0.322s] Level 1:colcon.colcon_core.environment:checking '/home/dcbothra2204/arm_manip/install/ur_description/lib/python3.10/site-packages'
[0.322s] Level 1:colcon.colcon_core.environment:checking '/home/dcbothra2204/arm_manip/install/ur_description/bin'
[0.322s] INFO:colcon.colcon_core.shell:Creating package script '/home/dcbothra2204/arm_manip/install/ur_description/share/ur_description/package.ps1'
[0.323s] INFO:colcon.colcon_core.shell:Creating package descriptor '/home/dcbothra2204/arm_manip/install/ur_description/share/ur_description/package.dsv'
[0.323s] INFO:colcon.colcon_core.shell:Creating package script '/home/dcbothra2204/arm_manip/install/ur_description/share/ur_description/package.sh'
[0.324s] INFO:colcon.colcon_core.shell:Creating package script '/home/dcbothra2204/arm_manip/install/ur_description/share/ur_description/package.bash'
[0.324s] INFO:colcon.colcon_core.shell:Creating package script '/home/dcbothra2204/arm_manip/install/ur_description/share/ur_description/package.zsh'
[0.325s] Level 1:colcon.colcon_core.environment:create_file_with_runtime_dependencies(/home/dcbothra2204/arm_manip/install/ur_description/share/colcon-core/packages/ur_description)
[0.326s] Level 1:colcon.colcon_core.environment:create_environment_scripts_only(ur_simulation)
[0.326s] Level 1:colcon.colcon_core.environment:checking '/home/dcbothra2204/arm_manip/install/ur_simulation' for CMake module files
[0.327s] DEBUG:colcon.colcon_core.event_handler.log_command:Invoked command in '/home/dcbothra2204/arm_manip/build/ur_simulation' returned '0': CMAKE_PREFIX_PATH=${CMAKE_PREFIX_PATH}:/opt/ros/humble /usr/bin/cmake --install /home/dcbothra2204/arm_manip/build/ur_simulation
[0.327s] Level 1:colcon.colcon_core.environment:checking '/home/dcbothra2204/arm_manip/install/ur_simulation' for CMake config files
[0.327s] Level 1:colcon.colcon_core.shell:create_environment_hook('ur_simulation', 'cmake_prefix_path')
[0.327s] INFO:colcon.colcon_core.shell:Creating environment hook '/home/dcbothra2204/arm_manip/install/ur_simulation/share/ur_simulation/hook/cmake_prefix_path.ps1'
[0.328s] INFO:colcon.colcon_core.shell:Creating environment descriptor '/home/dcbothra2204/arm_manip/install/ur_simulation/share/ur_simulation/hook/cmake_prefix_path.dsv'
[0.328s] INFO:colcon.colcon_core.shell:Creating environment hook '/home/dcbothra2204/arm_manip/install/ur_simulation/share/ur_simulation/hook/cmake_prefix_path.sh'
[0.328s] Level 1:colcon.colcon_core.environment:checking '/home/dcbothra2204/arm_manip/install/ur_simulation/bin'
[0.328s] Level 1:colcon.colcon_core.environment:checking '/home/dcbothra2204/arm_manip/install/ur_simulation/lib/pkgconfig/ur_simulation.pc'
[0.328s] Level 1:colcon.colcon_core.environment:checking '/home/dcbothra2204/arm_manip/install/ur_simulation/lib/python3.10/site-packages'
[0.329s] Level 1:colcon.colcon_core.environment:checking '/home/dcbothra2204/arm_manip/install/ur_simulation/bin'
[0.329s] INFO:colcon.colcon_core.shell:Creating package script '/home/dcbothra2204/arm_manip/install/ur_simulation/share/ur_simulation/package.ps1'
[0.329s] INFO:colcon.colcon_core.shell:Creating package descriptor '/home/dcbothra2204/arm_manip/install/ur_simulation/share/ur_simulation/package.dsv'
[0.329s] INFO:colcon.colcon_core.shell:Creating package script '/home/dcbothra2204/arm_manip/install/ur_simulation/share/ur_simulation/package.sh'
[0.329s] INFO:colcon.colcon_core.shell:Creating package script '/home/dcbothra2204/arm_manip/install/ur_simulation/share/ur_simulation/package.bash'
[0.330s] INFO:colcon.colcon_core.shell:Creating package script '/home/dcbothra2204/arm_manip/install/ur_simulation/share/ur_simulation/package.zsh'
[0.330s] Level 1:colcon.colcon_core.environment:create_file_with_runtime_dependencies(/home/dcbothra2204/arm_manip/install/ur_simulation/share/colcon-core/packages/ur_simulation)
[0.339s] Level 1:colcon.colcon_core.environment:create_environment_scripts_only(ur_description)
[0.340s] Level 1:colcon.colcon_core.environment:checking '/home/dcbothra2204/arm_manip/install/ur_description' for CMake module files
[0.340s] Level 1:colcon.colcon_core.environment:checking '/home/dcbothra2204/arm_manip/install/ur_description' for CMake config files
[0.340s] Level 1:colcon.colcon_core.shell:create_environment_hook('ur_description', 'cmake_prefix_path')
[0.340s] INFO:colcon.colcon_core.shell:Creating environment hook '/home/dcbothra2204/arm_manip/install/ur_description/share/ur_description/hook/cmake_prefix_path.ps1'
[0.341s] INFO:colcon.colcon_core.shell:Creating environment descriptor '/home/dcbothra2204/arm_manip/install/ur_description/share/ur_description/hook/cmake_prefix_path.dsv'
[0.341s] INFO:colcon.colcon_core.shell:Creating environment hook '/home/dcbothra2204/arm_manip/install/ur_description/share/ur_description/hook/cmake_prefix_path.sh'
[0.341s] Level 1:colcon.colcon_core.environment:checking '/home/dcbothra2204/arm_manip/install/ur_description/bin'
[0.341s] Level 1:colcon.colcon_core.environment:checking '/home/dcbothra2204/arm_manip/install/ur_description/lib/pkgconfig/ur_description.pc'
[0.342s] Level 1:colcon.colcon_core.environment:checking '/home/dcbothra2204/arm_manip/install/ur_description/lib/python3.10/site-packages'
[0.342s] Level 1:colcon.colcon_core.environment:checking '/home/dcbothra2204/arm_manip/install/ur_description/bin'
[0.342s] INFO:colcon.colcon_core.shell:Creating package script '/home/dcbothra2204/arm_manip/install/ur_description/share/ur_description/package.ps1'
[0.342s] INFO:colcon.colcon_core.shell:Creating package descriptor '/home/dcbothra2204/arm_manip/install/ur_description/share/ur_description/package.dsv'
[0.343s] INFO:colcon.colcon_core.shell:Creating package script '/home/dcbothra2204/arm_manip/install/ur_description/share/ur_description/package.sh'
[0.343s] INFO:colcon.colcon_core.shell:Creating package script '/home/dcbothra2204/arm_manip/install/ur_description/share/ur_description/package.bash'
[0.343s] INFO:colcon.colcon_core.shell:Creating package script '/home/dcbothra2204/arm_manip/install/ur_description/share/ur_description/package.zsh'
[0.343s] Level 1:colcon.colcon_core.environment:create_file_with_runtime_dependencies(/home/dcbothra2204/arm_manip/install/ur_description/share/colcon-core/packages/ur_description)
[0.344s] Level 1:colcon.colcon_core.environment:create_environment_scripts_only(ur_simulation)
[0.344s] Level 1:colcon.colcon_core.environment:checking '/home/dcbothra2204/arm_manip/install/ur_simulation' for CMake module files
[0.345s] Level 1:colcon.colcon_core.environment:checking '/home/dcbothra2204/arm_manip/install/ur_simulation' for CMake config files
[0.345s] Level 1:colcon.colcon_core.shell:create_environment_hook('ur_simulation', 'cmake_prefix_path')
[0.345s] INFO:colcon.colcon_core.shell:Creating environment hook '/home/dcbothra2204/arm_manip/install/ur_simulation/share/ur_simulation/hook/cmake_prefix_path.ps1'
[0.345s] INFO:colcon.colcon_core.shell:Creating environment descriptor '/home/dcbothra2204/arm_manip/install/ur_simulation/share/ur_simulation/hook/cmake_prefix_path.dsv'
[0.345s] INFO:colcon.colcon_core.shell:Creating environment hook '/home/dcbothra2204/arm_manip/install/ur_simulation/share/ur_simulation/hook/cmake_prefix_path.sh'
[0.346s] Level 1:colcon.colcon_core.environment:checking '/home/dcbothra2204/arm_manip/install/ur_simulation/bin'
[0.346s] Level 1:colcon.colcon_core.environment:checking '/home/dcbothra2204/arm_manip/install/ur_simulation/lib/pkgconfig/ur_simulation.pc'
[0.346s] Level 1:colcon.colcon_core.environment:checking '/home/dcbothra2204/arm_manip/install/ur_simulation/lib/python3.10/site-packages'
[0.346s] Level 1:colcon.colcon_core.environment:checking '/home/dcbothra2204/arm_manip/install/ur_simulation/bin'
[0.346s] INFO:colcon.colcon_core.shell:Creating package script '/home/dcbothra2204/arm_manip/install/ur_simulation/share/ur_simulation/package.ps1'
[0.347s] INFO:colcon.colcon_core.shell:Creating package descriptor '/home/dcbothra2204/arm_manip/install/ur_simulation/share/ur_simulation/package.dsv'
[0.347s] INFO:colcon.colcon_core.shell:Creating package script '/home/dcbothra2204/arm_manip/install/ur_simulation/share/ur_simulation/package.sh'
[0.347s] INFO:colcon.colcon_core.shell:Creating package script '/home/dcbothra2204/arm_manip/install/ur_simulation/share/ur_simulation/package.bash'
[0.347s] INFO:colcon.colcon_core.shell:Creating package script '/home/dcbothra2204/arm_manip/install/ur_simulation/share/ur_simulation/package.zsh'
[0.348s] Level 1:colcon.colcon_core.environment:create_file_with_runtime_dependencies(/home/dcbothra2204/arm_manip/install/ur_simulation/share/colcon-core/packages/ur_simulation)
[0.348s] DEBUG:colcon.colcon_parallel_executor.executor.parallel:closing loop
[0.348s] DEBUG:colcon.colcon_parallel_executor.executor.parallel:loop closed
[0.348s] DEBUG:colcon.colcon_parallel_executor.executor.parallel:run_until_complete finished with '0'
[0.348s] DEBUG:colcon.colcon_core.event_reactor:joining thread
[0.352s] INFO:colcon.colcon_core.plugin_system:Skipping extension 'colcon_notification.desktop_notification.terminal_notifier': Not used on non-Darwin systems
[0.352s] INFO:colcon.colcon_core.plugin_system:Skipping extension 'colcon_notification.desktop_notification.win32': Not used on non-Windows systems
[0.352s] INFO:colcon.colcon_notification.desktop_notification:Sending desktop notification using 'notify2'
[0.359s] DEBUG:colcon.colcon_core.event_reactor:joined thread
[0.360s] INFO:colcon.colcon_core.shell:Creating prefix script '/home/dcbothra2204/arm_manip/install/local_setup.ps1'
[0.361s] INFO:colcon.colcon_core.shell:Creating prefix util module '/home/dcbothra2204/arm_manip/install/_local_setup_util_ps1.py'
[0.362s] INFO:colcon.colcon_core.shell:Creating prefix chain script '/home/dcbothra2204/arm_manip/install/setup.ps1'
[0.362s] INFO:colcon.colcon_core.shell:Creating prefix script '/home/dcbothra2204/arm_manip/install/local_setup.sh'
[0.363s] INFO:colcon.colcon_core.shell:Creating prefix util module '/home/dcbothra2204/arm_manip/install/_local_setup_util_sh.py'
[0.363s] INFO:colcon.colcon_core.shell:Creating prefix chain script '/home/dcbothra2204/arm_manip/install/setup.sh'
[0.363s] INFO:colcon.colcon_core.shell:Creating prefix script '/home/dcbothra2204/arm_manip/install/local_setup.bash'
[0.364s] INFO:colcon.colcon_core.shell:Creating prefix chain script '/home/dcbothra2204/arm_manip/install/setup.bash'
[0.364s] INFO:colcon.colcon_core.shell:Creating prefix script '/home/dcbothra2204/arm_manip/install/local_setup.zsh'
[0.365s] INFO:colcon.colcon_core.shell:Creating prefix chain script '/home/dcbothra2204/arm_manip/install/setup.zsh'
