[0.077s] DEBUG:colcon:Command line arguments: ['/usr/bin/colcon', 'build', '--symlink-install', '--packages-select', 'trac_ik', 'trac_ik_examples', 'trac_ik_lib', 'trac_ik_kinematics_plugin']
[0.077s] DEBUG:colcon:Parsed command line arguments: Namespace(log_base=None, log_level=None, verb_name='build', build_base='build', install_base='install', merge_install=False, symlink_install=True, test_result_base=None, continue_on_error=False, executor='parallel', parallel_workers=8, event_handlers=None, ignore_user_meta=False, metas=['./colcon.meta'], base_paths=['.'], packages_ignore=None, packages_ignore_regex=None, paths=None, packages_up_to=None, packages_up_to_regex=None, packages_above=None, packages_above_and_dependencies=None, packages_above_depth=None, packages_select_by_dep=None, packages_skip_by_dep=None, packages_skip_up_to=None, packages_select_build_failed=False, packages_skip_build_finished=False, packages_select_test_failures=False, packages_skip_test_passed=False, packages_select=['trac_ik', 'trac_ik_examples', 'trac_ik_lib', 'trac_ik_kinematics_plugin'], packages_skip=None, packages_select_regex=None, packages_skip_regex=None, packages_start=None, packages_end=None, allow_overriding=[], cmake_args=None, cmake_target=None, cmake_target_skip_unavailable=False, cmake_clean_cache=False, cmake_clean_first=False, cmake_force_configure=False, ament_cmake_args=None, catkin_cmake_args=None, catkin_skip_building_tests=False, mixin_files=None, mixin=None, verb_parser=<colcon_mixin.mixin.mixin_argument.MixinArgumentDecorator object at 0x710225f65690>, verb_extension=<colcon_core.verb.build.BuildVerb object at 0x710225f650c0>, main=<bound method BuildVerb.main of <colcon_core.verb.build.BuildVerb object at 0x710225f650c0>>, mixin_verb=('build',))
[0.192s] Level 1:colcon.colcon_core.package_discovery:discover_packages(colcon_meta) check parameters
[0.192s] Level 1:colcon.colcon_core.package_discovery:discover_packages(recursive) check parameters
[0.192s] Level 1:colcon.colcon_core.package_discovery:discover_packages(ignore) check parameters
[0.192s] Level 1:colcon.colcon_core.package_discovery:discover_packages(path) check parameters
[0.192s] Level 1:colcon.colcon_core.package_discovery:discover_packages(colcon_meta) discover
[0.192s] Level 1:colcon.colcon_core.package_discovery:discover_packages(recursive) discover
[0.192s] INFO:colcon.colcon_core.package_discovery:Crawling recursively for packages in '/home/dcbothra2204/arm_manip'
[0.192s] Level 1:colcon.colcon_core.package_identification:_identify(.) by extensions ['ignore', 'ignore_ament_install']
[0.192s] Level 1:colcon.colcon_core.package_identification:_identify(.) by extension 'ignore'
[0.192s] Level 1:colcon.colcon_core.package_identification:_identify(.) by extension 'ignore_ament_install'
[0.192s] Level 1:colcon.colcon_core.package_identification:_identify(.) by extensions ['colcon_pkg']
[0.192s] Level 1:colcon.colcon_core.package_identification:_identify(.) by extension 'colcon_pkg'
[0.192s] Level 1:colcon.colcon_core.package_identification:_identify(.) by extensions ['colcon_meta']
[0.192s] Level 1:colcon.colcon_core.package_identification:_identify(.) by extension 'colcon_meta'
[0.192s] Level 1:colcon.colcon_core.package_identification:_identify(.) by extensions ['ros']
[0.192s] Level 1:colcon.colcon_core.package_identification:_identify(.) by extension 'ros'
[0.200s] Level 1:colcon.colcon_core.package_identification:_identify(.) by extensions ['cmake', 'python']
[0.200s] Level 1:colcon.colcon_core.package_identification:_identify(.) by extension 'cmake'
[0.200s] Level 1:colcon.colcon_core.package_identification:_identify(.) by extension 'python'
[0.200s] Level 1:colcon.colcon_core.package_identification:_identify(.) by extensions ['python_setup_py']
[0.200s] Level 1:colcon.colcon_core.package_identification:_identify(.) by extension 'python_setup_py'
[0.200s] Level 1:colcon.colcon_core.package_identification:_identify(build) by extensions ['ignore', 'ignore_ament_install']
[0.200s] Level 1:colcon.colcon_core.package_identification:_identify(build) by extension 'ignore'
[0.200s] Level 1:colcon.colcon_core.package_identification:_identify(build) ignored
[0.200s] Level 1:colcon.colcon_core.package_identification:_identify(install) by extensions ['ignore', 'ignore_ament_install']
[0.201s] Level 1:colcon.colcon_core.package_identification:_identify(install) by extension 'ignore'
[0.201s] Level 1:colcon.colcon_core.package_identification:_identify(install) ignored
[0.201s] Level 1:colcon.colcon_core.package_identification:_identify(log) by extensions ['ignore', 'ignore_ament_install']
[0.201s] Level 1:colcon.colcon_core.package_identification:_identify(log) by extension 'ignore'
[0.201s] Level 1:colcon.colcon_core.package_identification:_identify(log) ignored
[0.201s] Level 1:colcon.colcon_core.package_identification:_identify(src) by extensions ['ignore', 'ignore_ament_install']
[0.201s] Level 1:colcon.colcon_core.package_identification:_identify(src) by extension 'ignore'
[0.201s] Level 1:colcon.colcon_core.package_identification:_identify(src) by extension 'ignore_ament_install'
[0.201s] Level 1:colcon.colcon_core.package_identification:_identify(src) by extensions ['colcon_pkg']
[0.201s] Level 1:colcon.colcon_core.package_identification:_identify(src) by extension 'colcon_pkg'
[0.201s] Level 1:colcon.colcon_core.package_identification:_identify(src) by extensions ['colcon_meta']
[0.201s] Level 1:colcon.colcon_core.package_identification:_identify(src) by extension 'colcon_meta'
[0.201s] Level 1:colcon.colcon_core.package_identification:_identify(src) by extensions ['ros']
[0.201s] Level 1:colcon.colcon_core.package_identification:_identify(src) by extension 'ros'
[0.201s] Level 1:colcon.colcon_core.package_identification:_identify(src) by extensions ['cmake', 'python']
[0.201s] Level 1:colcon.colcon_core.package_identification:_identify(src) by extension 'cmake'
[0.201s] Level 1:colcon.colcon_core.package_identification:_identify(src) by extension 'python'
[0.201s] Level 1:colcon.colcon_core.package_identification:_identify(src) by extensions ['python_setup_py']
[0.201s] Level 1:colcon.colcon_core.package_identification:_identify(src) by extension 'python_setup_py'
[0.201s] Level 1:colcon.colcon_core.package_identification:_identify(src/trac_ik) by extensions ['ignore', 'ignore_ament_install']
[0.201s] Level 1:colcon.colcon_core.package_identification:_identify(src/trac_ik) by extension 'ignore'
[0.201s] Level 1:colcon.colcon_core.package_identification:_identify(src/trac_ik) by extension 'ignore_ament_install'
[0.201s] Level 1:colcon.colcon_core.package_identification:_identify(src/trac_ik) by extensions ['colcon_pkg']
[0.201s] Level 1:colcon.colcon_core.package_identification:_identify(src/trac_ik) by extension 'colcon_pkg'
[0.201s] Level 1:colcon.colcon_core.package_identification:_identify(src/trac_ik) by extensions ['colcon_meta']
[0.201s] Level 1:colcon.colcon_core.package_identification:_identify(src/trac_ik) by extension 'colcon_meta'
[0.201s] Level 1:colcon.colcon_core.package_identification:_identify(src/trac_ik) by extensions ['ros']
[0.201s] Level 1:colcon.colcon_core.package_identification:_identify(src/trac_ik) by extension 'ros'
[0.201s] Level 1:colcon.colcon_core.package_identification:_identify(src/trac_ik) by extensions ['cmake', 'python']
[0.201s] Level 1:colcon.colcon_core.package_identification:_identify(src/trac_ik) by extension 'cmake'
[0.201s] Level 1:colcon.colcon_core.package_identification:_identify(src/trac_ik) by extension 'python'
[0.201s] Level 1:colcon.colcon_core.package_identification:_identify(src/trac_ik) by extensions ['python_setup_py']
[0.201s] Level 1:colcon.colcon_core.package_identification:_identify(src/trac_ik) by extension 'python_setup_py'
[0.202s] Level 1:colcon.colcon_core.package_identification:_identify(src/trac_ik/trac_ik) by extensions ['ignore', 'ignore_ament_install']
[0.202s] Level 1:colcon.colcon_core.package_identification:_identify(src/trac_ik/trac_ik) by extension 'ignore'
[0.202s] Level 1:colcon.colcon_core.package_identification:_identify(src/trac_ik/trac_ik) by extension 'ignore_ament_install'
[0.202s] Level 1:colcon.colcon_core.package_identification:_identify(src/trac_ik/trac_ik) by extensions ['colcon_pkg']
[0.202s] Level 1:colcon.colcon_core.package_identification:_identify(src/trac_ik/trac_ik) by extension 'colcon_pkg'
[0.202s] Level 1:colcon.colcon_core.package_identification:_identify(src/trac_ik/trac_ik) by extensions ['colcon_meta']
[0.202s] Level 1:colcon.colcon_core.package_identification:_identify(src/trac_ik/trac_ik) by extension 'colcon_meta'
[0.202s] Level 1:colcon.colcon_core.package_identification:_identify(src/trac_ik/trac_ik) by extensions ['ros']
[0.202s] Level 1:colcon.colcon_core.package_identification:_identify(src/trac_ik/trac_ik) by extension 'ros'
[0.203s] DEBUG:colcon.colcon_core.package_identification:Package 'src/trac_ik/trac_ik' with type 'ros.ament_cmake' and name 'trac_ik'
[0.203s] Level 1:colcon.colcon_core.package_identification:_identify(src/trac_ik/trac_ik_examples) by extensions ['ignore', 'ignore_ament_install']
[0.204s] Level 1:colcon.colcon_core.package_identification:_identify(src/trac_ik/trac_ik_examples) by extension 'ignore'
[0.204s] Level 1:colcon.colcon_core.package_identification:_identify(src/trac_ik/trac_ik_examples) by extension 'ignore_ament_install'
[0.204s] Level 1:colcon.colcon_core.package_identification:_identify(src/trac_ik/trac_ik_examples) by extensions ['colcon_pkg']
[0.204s] Level 1:colcon.colcon_core.package_identification:_identify(src/trac_ik/trac_ik_examples) by extension 'colcon_pkg'
[0.204s] Level 1:colcon.colcon_core.package_identification:_identify(src/trac_ik/trac_ik_examples) by extensions ['colcon_meta']
[0.204s] Level 1:colcon.colcon_core.package_identification:_identify(src/trac_ik/trac_ik_examples) by extension 'colcon_meta'
[0.204s] Level 1:colcon.colcon_core.package_identification:_identify(src/trac_ik/trac_ik_examples) by extensions ['ros']
[0.204s] Level 1:colcon.colcon_core.package_identification:_identify(src/trac_ik/trac_ik_examples) by extension 'ros'
[0.204s] DEBUG:colcon.colcon_core.package_identification:Package 'src/trac_ik/trac_ik_examples' with type 'ros.ament_cmake' and name 'trac_ik_examples'
[0.204s] Level 1:colcon.colcon_core.package_identification:_identify(src/trac_ik/trac_ik_kinematics_plugin) by extensions ['ignore', 'ignore_ament_install']
[0.204s] Level 1:colcon.colcon_core.package_identification:_identify(src/trac_ik/trac_ik_kinematics_plugin) by extension 'ignore'
[0.204s] Level 1:colcon.colcon_core.package_identification:_identify(src/trac_ik/trac_ik_kinematics_plugin) ignored
[0.204s] Level 1:colcon.colcon_core.package_identification:_identify(src/trac_ik/trac_ik_lib) by extensions ['ignore', 'ignore_ament_install']
[0.204s] Level 1:colcon.colcon_core.package_identification:_identify(src/trac_ik/trac_ik_lib) by extension 'ignore'
[0.205s] Level 1:colcon.colcon_core.package_identification:_identify(src/trac_ik/trac_ik_lib) by extension 'ignore_ament_install'
[0.205s] Level 1:colcon.colcon_core.package_identification:_identify(src/trac_ik/trac_ik_lib) by extensions ['colcon_pkg']
[0.205s] Level 1:colcon.colcon_core.package_identification:_identify(src/trac_ik/trac_ik_lib) by extension 'colcon_pkg'
[0.205s] Level 1:colcon.colcon_core.package_identification:_identify(src/trac_ik/trac_ik_lib) by extensions ['colcon_meta']
[0.205s] Level 1:colcon.colcon_core.package_identification:_identify(src/trac_ik/trac_ik_lib) by extension 'colcon_meta'
[0.205s] Level 1:colcon.colcon_core.package_identification:_identify(src/trac_ik/trac_ik_lib) by extensions ['ros']
[0.205s] Level 1:colcon.colcon_core.package_identification:_identify(src/trac_ik/trac_ik_lib) by extension 'ros'
[0.205s] DEBUG:colcon.colcon_core.package_identification:Package 'src/trac_ik/trac_ik_lib' with type 'ros.ament_cmake' and name 'trac_ik_lib'
[0.205s] Level 1:colcon.colcon_core.package_identification:_identify(src/trac_ik/trac_ik_python) by extensions ['ignore', 'ignore_ament_install']
[0.205s] Level 1:colcon.colcon_core.package_identification:_identify(src/trac_ik/trac_ik_python) by extension 'ignore'
[0.205s] Level 1:colcon.colcon_core.package_identification:_identify(src/trac_ik/trac_ik_python) ignored
[0.205s] Level 1:colcon.colcon_core.package_identification:_identify(src/ur_control) by extensions ['ignore', 'ignore_ament_install']
[0.205s] Level 1:colcon.colcon_core.package_identification:_identify(src/ur_control) by extension 'ignore'
[0.205s] Level 1:colcon.colcon_core.package_identification:_identify(src/ur_control) by extension 'ignore_ament_install'
[0.205s] Level 1:colcon.colcon_core.package_identification:_identify(src/ur_control) by extensions ['colcon_pkg']
[0.205s] Level 1:colcon.colcon_core.package_identification:_identify(src/ur_control) by extension 'colcon_pkg'
[0.206s] Level 1:colcon.colcon_core.package_identification:_identify(src/ur_control) by extensions ['colcon_meta']
[0.206s] Level 1:colcon.colcon_core.package_identification:_identify(src/ur_control) by extension 'colcon_meta'
[0.206s] Level 1:colcon.colcon_core.package_identification:_identify(src/ur_control) by extensions ['ros']
[0.206s] Level 1:colcon.colcon_core.package_identification:_identify(src/ur_control) by extension 'ros'
[0.206s] DEBUG:colcon.colcon_core.package_identification:Package 'src/ur_control' with type 'ros.ament_cmake' and name 'ur_control'
[0.206s] Level 1:colcon.colcon_core.package_identification:_identify(src/ur_description) by extensions ['ignore', 'ignore_ament_install']
[0.206s] Level 1:colcon.colcon_core.package_identification:_identify(src/ur_description) by extension 'ignore'
[0.206s] Level 1:colcon.colcon_core.package_identification:_identify(src/ur_description) by extension 'ignore_ament_install'
[0.206s] Level 1:colcon.colcon_core.package_identification:_identify(src/ur_description) by extensions ['colcon_pkg']
[0.206s] Level 1:colcon.colcon_core.package_identification:_identify(src/ur_description) by extension 'colcon_pkg'
[0.206s] Level 1:colcon.colcon_core.package_identification:_identify(src/ur_description) by extensions ['colcon_meta']
[0.206s] Level 1:colcon.colcon_core.package_identification:_identify(src/ur_description) by extension 'colcon_meta'
[0.207s] Level 1:colcon.colcon_core.package_identification:_identify(src/ur_description) by extensions ['ros']
[0.207s] Level 1:colcon.colcon_core.package_identification:_identify(src/ur_description) by extension 'ros'
[0.207s] DEBUG:colcon.colcon_core.package_identification:Package 'src/ur_description' with type 'ros.ament_cmake' and name 'ur_description'
[0.207s] Level 1:colcon.colcon_core.package_identification:_identify(src/ur_simulation) by extensions ['ignore', 'ignore_ament_install']
[0.207s] Level 1:colcon.colcon_core.package_identification:_identify(src/ur_simulation) by extension 'ignore'
[0.207s] Level 1:colcon.colcon_core.package_identification:_identify(src/ur_simulation) by extension 'ignore_ament_install'
[0.207s] Level 1:colcon.colcon_core.package_identification:_identify(src/ur_simulation) by extensions ['colcon_pkg']
[0.207s] Level 1:colcon.colcon_core.package_identification:_identify(src/ur_simulation) by extension 'colcon_pkg'
[0.207s] Level 1:colcon.colcon_core.package_identification:_identify(src/ur_simulation) by extensions ['colcon_meta']
[0.207s] Level 1:colcon.colcon_core.package_identification:_identify(src/ur_simulation) by extension 'colcon_meta'
[0.207s] Level 1:colcon.colcon_core.package_identification:_identify(src/ur_simulation) by extensions ['ros']
[0.207s] Level 1:colcon.colcon_core.package_identification:_identify(src/ur_simulation) by extension 'ros'
[0.208s] DEBUG:colcon.colcon_core.package_identification:Package 'src/ur_simulation' with type 'ros.ament_cmake' and name 'ur_simulation'
[0.208s] Level 1:colcon.colcon_core.package_discovery:discover_packages(recursive) using defaults
[0.208s] Level 1:colcon.colcon_core.package_discovery:discover_packages(ignore) discover
[0.208s] Level 1:colcon.colcon_core.package_discovery:discover_packages(ignore) using defaults
[0.208s] Level 1:colcon.colcon_core.package_discovery:discover_packages(path) discover
[0.208s] Level 1:colcon.colcon_core.package_discovery:discover_packages(path) using defaults
[0.208s] WARNING:colcon.colcon_core.package_selection:ignoring unknown package 'trac_ik_kinematics_plugin' in --packages-select
[0.233s] INFO:colcon.colcon_core.package_selection:Skipping not selected package 'ur_description' in 'src/ur_description'
[0.233s] INFO:colcon.colcon_core.package_selection:Skipping not selected package 'ur_simulation' in 'src/ur_simulation'
[0.233s] INFO:colcon.colcon_core.package_selection:Skipping not selected package 'ur_control' in 'src/ur_control'
[0.233s] Level 1:colcon.colcon_core.package_discovery:discover_packages(prefix_path) check parameters
[0.233s] Level 1:colcon.colcon_core.package_discovery:discover_packages(prefix_path) discover
[0.234s] DEBUG:colcon.colcon_installed_package_information.package_discovery:Found 4 installed packages in /home/dcbothra2204/arm_manip/install
[0.235s] DEBUG:colcon.colcon_installed_package_information.package_discovery:Found 355 installed packages in /opt/ros/humble
[0.237s] Level 1:colcon.colcon_core.package_discovery:discover_packages(prefix_path) using defaults
[0.268s] Level 5:colcon.colcon_core.verb:set package 'trac_ik_lib' build argument 'cmake_args' from command line to 'None'
[0.269s] Level 5:colcon.colcon_core.verb:set package 'trac_ik_lib' build argument 'cmake_target' from command line to 'None'
[0.269s] Level 5:colcon.colcon_core.verb:set package 'trac_ik_lib' build argument 'cmake_target_skip_unavailable' from command line to 'False'
[0.269s] Level 5:colcon.colcon_core.verb:set package 'trac_ik_lib' build argument 'cmake_clean_cache' from command line to 'False'
[0.269s] Level 5:colcon.colcon_core.verb:set package 'trac_ik_lib' build argument 'cmake_clean_first' from command line to 'False'
[0.269s] Level 5:colcon.colcon_core.verb:set package 'trac_ik_lib' build argument 'cmake_force_configure' from command line to 'False'
[0.269s] Level 5:colcon.colcon_core.verb:set package 'trac_ik_lib' build argument 'ament_cmake_args' from command line to 'None'
[0.269s] Level 5:colcon.colcon_core.verb:set package 'trac_ik_lib' build argument 'catkin_cmake_args' from command line to 'None'
[0.269s] Level 5:colcon.colcon_core.verb:set package 'trac_ik_lib' build argument 'catkin_skip_building_tests' from command line to 'False'
[0.269s] DEBUG:colcon.colcon_core.verb:Building package 'trac_ik_lib' with the following arguments: {'ament_cmake_args': None, 'build_base': '/home/dcbothra2204/arm_manip/build/trac_ik_lib', 'catkin_cmake_args': None, 'catkin_skip_building_tests': False, 'cmake_args': None, 'cmake_clean_cache': False, 'cmake_clean_first': False, 'cmake_force_configure': False, 'cmake_target': None, 'cmake_target_skip_unavailable': False, 'install_base': '/home/dcbothra2204/arm_manip/install/trac_ik_lib', 'merge_install': False, 'path': '/home/dcbothra2204/arm_manip/src/trac_ik/trac_ik_lib', 'symlink_install': True, 'test_result_base': None}
[0.269s] Level 5:colcon.colcon_core.verb:set package 'trac_ik_examples' build argument 'cmake_args' from command line to 'None'
[0.269s] Level 5:colcon.colcon_core.verb:set package 'trac_ik_examples' build argument 'cmake_target' from command line to 'None'
[0.269s] Level 5:colcon.colcon_core.verb:set package 'trac_ik_examples' build argument 'cmake_target_skip_unavailable' from command line to 'False'
[0.269s] Level 5:colcon.colcon_core.verb:set package 'trac_ik_examples' build argument 'cmake_clean_cache' from command line to 'False'
[0.269s] Level 5:colcon.colcon_core.verb:set package 'trac_ik_examples' build argument 'cmake_clean_first' from command line to 'False'
[0.269s] Level 5:colcon.colcon_core.verb:set package 'trac_ik_examples' build argument 'cmake_force_configure' from command line to 'False'
[0.269s] Level 5:colcon.colcon_core.verb:set package 'trac_ik_examples' build argument 'ament_cmake_args' from command line to 'None'
[0.269s] Level 5:colcon.colcon_core.verb:set package 'trac_ik_examples' build argument 'catkin_cmake_args' from command line to 'None'
[0.269s] Level 5:colcon.colcon_core.verb:set package 'trac_ik_examples' build argument 'catkin_skip_building_tests' from command line to 'False'
[0.269s] DEBUG:colcon.colcon_core.verb:Building package 'trac_ik_examples' with the following arguments: {'ament_cmake_args': None, 'build_base': '/home/dcbothra2204/arm_manip/build/trac_ik_examples', 'catkin_cmake_args': None, 'catkin_skip_building_tests': False, 'cmake_args': None, 'cmake_clean_cache': False, 'cmake_clean_first': False, 'cmake_force_configure': False, 'cmake_target': None, 'cmake_target_skip_unavailable': False, 'install_base': '/home/dcbothra2204/arm_manip/install/trac_ik_examples', 'merge_install': False, 'path': '/home/dcbothra2204/arm_manip/src/trac_ik/trac_ik_examples', 'symlink_install': True, 'test_result_base': None}
[0.269s] Level 5:colcon.colcon_core.verb:set package 'trac_ik' build argument 'cmake_args' from command line to 'None'
[0.269s] Level 5:colcon.colcon_core.verb:set package 'trac_ik' build argument 'cmake_target' from command line to 'None'
[0.269s] Level 5:colcon.colcon_core.verb:set package 'trac_ik' build argument 'cmake_target_skip_unavailable' from command line to 'False'
[0.269s] Level 5:colcon.colcon_core.verb:set package 'trac_ik' build argument 'cmake_clean_cache' from command line to 'False'
[0.269s] Level 5:colcon.colcon_core.verb:set package 'trac_ik' build argument 'cmake_clean_first' from command line to 'False'
[0.269s] Level 5:colcon.colcon_core.verb:set package 'trac_ik' build argument 'cmake_force_configure' from command line to 'False'
[0.269s] Level 5:colcon.colcon_core.verb:set package 'trac_ik' build argument 'ament_cmake_args' from command line to 'None'
[0.270s] Level 5:colcon.colcon_core.verb:set package 'trac_ik' build argument 'catkin_cmake_args' from command line to 'None'
[0.270s] Level 5:colcon.colcon_core.verb:set package 'trac_ik' build argument 'catkin_skip_building_tests' from command line to 'False'
[0.270s] DEBUG:colcon.colcon_core.verb:Building package 'trac_ik' with the following arguments: {'ament_cmake_args': None, 'build_base': '/home/dcbothra2204/arm_manip/build/trac_ik', 'catkin_cmake_args': None, 'catkin_skip_building_tests': False, 'cmake_args': None, 'cmake_clean_cache': False, 'cmake_clean_first': False, 'cmake_force_configure': False, 'cmake_target': None, 'cmake_target_skip_unavailable': False, 'install_base': '/home/dcbothra2204/arm_manip/install/trac_ik', 'merge_install': False, 'path': '/home/dcbothra2204/arm_manip/src/trac_ik/trac_ik', 'symlink_install': True, 'test_result_base': None}
[0.270s] INFO:colcon.colcon_core.executor:Executing jobs using 'parallel' executor
[0.271s] DEBUG:colcon.colcon_parallel_executor.executor.parallel:run_until_complete
[0.271s] INFO:colcon.colcon_ros.task.ament_cmake.build:Building ROS package in '/home/dcbothra2204/arm_manip/src/trac_ik/trac_ik_lib' with build type 'ament_cmake'
[0.271s] INFO:colcon.colcon_cmake.task.cmake.build:Building CMake package in '/home/dcbothra2204/arm_manip/src/trac_ik/trac_ik_lib'
[0.272s] INFO:colcon.colcon_core.plugin_system:Skipping extension 'colcon_core.shell.bat': Not used on non-Windows systems
[0.272s] INFO:colcon.colcon_core.shell:Skip shell extension 'powershell' for command environment: Not usable outside of PowerShell
[0.272s] DEBUG:colcon.colcon_core.shell:Skip shell extension 'dsv' for command environment
[0.279s] DEBUG:colcon.colcon_core.event_handler.log_command:Invoking command in '/home/dcbothra2204/arm_manip/build/trac_ik_lib': CMAKE_PREFIX_PATH=${CMAKE_PREFIX_PATH}:/opt/ros/humble /usr/bin/cmake --build /home/dcbothra2204/arm_manip/build/trac_ik_lib -- -j8 -l8
[0.332s] DEBUG:colcon.colcon_core.event_handler.log_command:Invoked command in '/home/dcbothra2204/arm_manip/build/trac_ik_lib' returned '0': CMAKE_PREFIX_PATH=${CMAKE_PREFIX_PATH}:/opt/ros/humble /usr/bin/cmake --build /home/dcbothra2204/arm_manip/build/trac_ik_lib -- -j8 -l8
[0.358s] DEBUG:colcon.colcon_core.event_handler.log_command:Invoking command in '/home/dcbothra2204/arm_manip/build/trac_ik_lib': CMAKE_PREFIX_PATH=${CMAKE_PREFIX_PATH}:/opt/ros/humble /usr/bin/cmake --install /home/dcbothra2204/arm_manip/build/trac_ik_lib
[0.373s] Level 1:colcon.colcon_core.environment:create_environment_scripts_only(trac_ik_lib)
[0.374s] DEBUG:colcon.colcon_core.event_handler.log_command:Invoked command in '/home/dcbothra2204/arm_manip/build/trac_ik_lib' returned '0': CMAKE_PREFIX_PATH=${CMAKE_PREFIX_PATH}:/opt/ros/humble /usr/bin/cmake --install /home/dcbothra2204/arm_manip/build/trac_ik_lib
[0.375s] Level 1:colcon.colcon_core.environment:checking '/home/dcbothra2204/arm_manip/install/trac_ik_lib' for CMake module files
[0.376s] Level 1:colcon.colcon_core.environment:checking '/home/dcbothra2204/arm_manip/install/trac_ik_lib' for CMake config files
[0.376s] Level 1:colcon.colcon_core.shell:create_environment_hook('trac_ik_lib', 'cmake_prefix_path')
[0.376s] INFO:colcon.colcon_core.shell:Creating environment hook '/home/dcbothra2204/arm_manip/install/trac_ik_lib/share/trac_ik_lib/hook/cmake_prefix_path.ps1'
[0.376s] INFO:colcon.colcon_core.shell:Creating environment descriptor '/home/dcbothra2204/arm_manip/install/trac_ik_lib/share/trac_ik_lib/hook/cmake_prefix_path.dsv'
[0.377s] INFO:colcon.colcon_core.shell:Creating environment hook '/home/dcbothra2204/arm_manip/install/trac_ik_lib/share/trac_ik_lib/hook/cmake_prefix_path.sh'
[0.377s] Level 1:colcon.colcon_core.environment:checking '/home/dcbothra2204/arm_manip/install/trac_ik_lib/lib'
[0.377s] Level 1:colcon.colcon_core.shell:create_environment_hook('trac_ik_lib', 'ld_library_path_lib')
[0.377s] INFO:colcon.colcon_core.shell:Creating environment hook '/home/dcbothra2204/arm_manip/install/trac_ik_lib/share/trac_ik_lib/hook/ld_library_path_lib.ps1'
[0.378s] INFO:colcon.colcon_core.shell:Creating environment descriptor '/home/dcbothra2204/arm_manip/install/trac_ik_lib/share/trac_ik_lib/hook/ld_library_path_lib.dsv'
[0.378s] INFO:colcon.colcon_core.shell:Creating environment hook '/home/dcbothra2204/arm_manip/install/trac_ik_lib/share/trac_ik_lib/hook/ld_library_path_lib.sh'
[0.378s] Level 1:colcon.colcon_core.environment:checking '/home/dcbothra2204/arm_manip/install/trac_ik_lib/bin'
[0.378s] Level 1:colcon.colcon_core.environment:checking '/home/dcbothra2204/arm_manip/install/trac_ik_lib/lib/pkgconfig/trac_ik_lib.pc'
[0.378s] Level 1:colcon.colcon_core.environment:checking '/home/dcbothra2204/arm_manip/install/trac_ik_lib/lib/python3.10/site-packages'
[0.378s] Level 1:colcon.colcon_core.environment:checking '/home/dcbothra2204/arm_manip/install/trac_ik_lib/bin'
[0.379s] INFO:colcon.colcon_core.shell:Creating package script '/home/dcbothra2204/arm_manip/install/trac_ik_lib/share/trac_ik_lib/package.ps1'
[0.379s] INFO:colcon.colcon_core.shell:Creating package descriptor '/home/dcbothra2204/arm_manip/install/trac_ik_lib/share/trac_ik_lib/package.dsv'
[0.379s] INFO:colcon.colcon_core.shell:Creating package script '/home/dcbothra2204/arm_manip/install/trac_ik_lib/share/trac_ik_lib/package.sh'
[0.380s] INFO:colcon.colcon_core.shell:Creating package script '/home/dcbothra2204/arm_manip/install/trac_ik_lib/share/trac_ik_lib/package.bash'
[0.380s] INFO:colcon.colcon_core.shell:Creating package script '/home/dcbothra2204/arm_manip/install/trac_ik_lib/share/trac_ik_lib/package.zsh'
[0.381s] Level 1:colcon.colcon_core.environment:create_file_with_runtime_dependencies(/home/dcbothra2204/arm_manip/install/trac_ik_lib/share/colcon-core/packages/trac_ik_lib)
[0.402s] Level 1:colcon.colcon_core.environment:create_environment_scripts_only(trac_ik_lib)
[0.403s] Level 1:colcon.colcon_core.environment:checking '/home/dcbothra2204/arm_manip/install/trac_ik_lib' for CMake module files
[0.403s] Level 1:colcon.colcon_core.environment:checking '/home/dcbothra2204/arm_manip/install/trac_ik_lib' for CMake config files
[0.403s] Level 1:colcon.colcon_core.shell:create_environment_hook('trac_ik_lib', 'cmake_prefix_path')
[0.403s] INFO:colcon.colcon_core.shell:Creating environment hook '/home/dcbothra2204/arm_manip/install/trac_ik_lib/share/trac_ik_lib/hook/cmake_prefix_path.ps1'
[0.404s] INFO:colcon.colcon_core.shell:Creating environment descriptor '/home/dcbothra2204/arm_manip/install/trac_ik_lib/share/trac_ik_lib/hook/cmake_prefix_path.dsv'
[0.404s] INFO:colcon.colcon_core.shell:Creating environment hook '/home/dcbothra2204/arm_manip/install/trac_ik_lib/share/trac_ik_lib/hook/cmake_prefix_path.sh'
[0.404s] Level 1:colcon.colcon_core.environment:checking '/home/dcbothra2204/arm_manip/install/trac_ik_lib/lib'
[0.404s] Level 1:colcon.colcon_core.shell:create_environment_hook('trac_ik_lib', 'ld_library_path_lib')
[0.404s] INFO:colcon.colcon_core.shell:Creating environment hook '/home/dcbothra2204/arm_manip/install/trac_ik_lib/share/trac_ik_lib/hook/ld_library_path_lib.ps1'
[0.405s] INFO:colcon.colcon_core.shell:Creating environment descriptor '/home/dcbothra2204/arm_manip/install/trac_ik_lib/share/trac_ik_lib/hook/ld_library_path_lib.dsv'
[0.405s] INFO:colcon.colcon_core.shell:Creating environment hook '/home/dcbothra2204/arm_manip/install/trac_ik_lib/share/trac_ik_lib/hook/ld_library_path_lib.sh'
[0.405s] Level 1:colcon.colcon_core.environment:checking '/home/dcbothra2204/arm_manip/install/trac_ik_lib/bin'
[0.405s] Level 1:colcon.colcon_core.environment:checking '/home/dcbothra2204/arm_manip/install/trac_ik_lib/lib/pkgconfig/trac_ik_lib.pc'
[0.405s] Level 1:colcon.colcon_core.environment:checking '/home/dcbothra2204/arm_manip/install/trac_ik_lib/lib/python3.10/site-packages'
[0.406s] Level 1:colcon.colcon_core.environment:checking '/home/dcbothra2204/arm_manip/install/trac_ik_lib/bin'
[0.406s] INFO:colcon.colcon_core.shell:Creating package script '/home/dcbothra2204/arm_manip/install/trac_ik_lib/share/trac_ik_lib/package.ps1'
[0.406s] INFO:colcon.colcon_core.shell:Creating package descriptor '/home/dcbothra2204/arm_manip/install/trac_ik_lib/share/trac_ik_lib/package.dsv'
[0.406s] INFO:colcon.colcon_core.shell:Creating package script '/home/dcbothra2204/arm_manip/install/trac_ik_lib/share/trac_ik_lib/package.sh'
[0.407s] INFO:colcon.colcon_core.shell:Creating package script '/home/dcbothra2204/arm_manip/install/trac_ik_lib/share/trac_ik_lib/package.bash'
[0.407s] INFO:colcon.colcon_core.shell:Creating package script '/home/dcbothra2204/arm_manip/install/trac_ik_lib/share/trac_ik_lib/package.zsh'
[0.407s] Level 1:colcon.colcon_core.environment:create_file_with_runtime_dependencies(/home/dcbothra2204/arm_manip/install/trac_ik_lib/share/colcon-core/packages/trac_ik_lib)
[0.408s] INFO:colcon.colcon_ros.task.ament_cmake.build:Building ROS package in '/home/dcbothra2204/arm_manip/src/trac_ik/trac_ik_examples' with build type 'ament_cmake'
[0.408s] INFO:colcon.colcon_cmake.task.cmake.build:Building CMake package in '/home/dcbothra2204/arm_manip/src/trac_ik/trac_ik_examples'
[0.408s] INFO:colcon.colcon_core.shell:Skip shell extension 'powershell' for command environment: Not usable outside of PowerShell
[0.408s] DEBUG:colcon.colcon_core.shell:Skip shell extension 'dsv' for command environment
[0.415s] DEBUG:colcon.colcon_core.event_handler.log_command:Invoking command in '/home/dcbothra2204/arm_manip/build/trac_ik_examples': AMENT_PREFIX_PATH=/home/dcbothra2204/arm_manip/install/trac_ik_lib:${AMENT_PREFIX_PATH} CMAKE_PREFIX_PATH=/home/dcbothra2204/arm_manip/install/trac_ik_lib:/home/dcbothra2204/arm_manip/install/ur_simulation:/home/dcbothra2204/arm_manip/install/ur_description:/opt/ros/humble LD_LIBRARY_PATH=/home/dcbothra2204/arm_manip/install/trac_ik_lib/lib:${LD_LIBRARY_PATH} /usr/bin/cmake /home/dcbothra2204/arm_manip/src/trac_ik/trac_ik_examples -DAMENT_CMAKE_SYMLINK_INSTALL=1 -DCMAKE_INSTALL_PREFIX=/home/dcbothra2204/arm_manip/install/trac_ik_examples
[1.296s] DEBUG:colcon.colcon_core.event_handler.log_command:Invoked command in '/home/dcbothra2204/arm_manip/build/trac_ik_examples' returned '0': AMENT_PREFIX_PATH=/home/dcbothra2204/arm_manip/install/trac_ik_lib:${AMENT_PREFIX_PATH} CMAKE_PREFIX_PATH=/home/dcbothra2204/arm_manip/install/trac_ik_lib:/home/dcbothra2204/arm_manip/install/ur_simulation:/home/dcbothra2204/arm_manip/install/ur_description:/opt/ros/humble LD_LIBRARY_PATH=/home/dcbothra2204/arm_manip/install/trac_ik_lib/lib:${LD_LIBRARY_PATH} /usr/bin/cmake /home/dcbothra2204/arm_manip/src/trac_ik/trac_ik_examples -DAMENT_CMAKE_SYMLINK_INSTALL=1 -DCMAKE_INSTALL_PREFIX=/home/dcbothra2204/arm_manip/install/trac_ik_examples
[1.296s] DEBUG:colcon.colcon_core.event_handler.log_command:Invoking command in '/home/dcbothra2204/arm_manip/build/trac_ik_examples': AMENT_PREFIX_PATH=/home/dcbothra2204/arm_manip/install/trac_ik_lib:${AMENT_PREFIX_PATH} CMAKE_PREFIX_PATH=/home/dcbothra2204/arm_manip/install/trac_ik_lib:/home/dcbothra2204/arm_manip/install/ur_simulation:/home/dcbothra2204/arm_manip/install/ur_description:/opt/ros/humble LD_LIBRARY_PATH=/home/dcbothra2204/arm_manip/install/trac_ik_lib/lib:${LD_LIBRARY_PATH} /usr/bin/cmake --build /home/dcbothra2204/arm_manip/build/trac_ik_examples -- -j8 -l8
[4.707s] DEBUG:colcon.colcon_core.event_handler.log_command:Invoked command in '/home/dcbothra2204/arm_manip/build/trac_ik_examples' returned '0': AMENT_PREFIX_PATH=/home/dcbothra2204/arm_manip/install/trac_ik_lib:${AMENT_PREFIX_PATH} CMAKE_PREFIX_PATH=/home/dcbothra2204/arm_manip/install/trac_ik_lib:/home/dcbothra2204/arm_manip/install/ur_simulation:/home/dcbothra2204/arm_manip/install/ur_description:/opt/ros/humble LD_LIBRARY_PATH=/home/dcbothra2204/arm_manip/install/trac_ik_lib/lib:${LD_LIBRARY_PATH} /usr/bin/cmake --build /home/dcbothra2204/arm_manip/build/trac_ik_examples -- -j8 -l8
[4.726s] DEBUG:colcon.colcon_core.event_handler.log_command:Invoking command in '/home/dcbothra2204/arm_manip/build/trac_ik_examples': AMENT_PREFIX_PATH=/home/dcbothra2204/arm_manip/install/trac_ik_lib:${AMENT_PREFIX_PATH} CMAKE_PREFIX_PATH=/home/dcbothra2204/arm_manip/install/trac_ik_lib:/home/dcbothra2204/arm_manip/install/ur_simulation:/home/dcbothra2204/arm_manip/install/ur_description:/opt/ros/humble LD_LIBRARY_PATH=/home/dcbothra2204/arm_manip/install/trac_ik_lib/lib:${LD_LIBRARY_PATH} /usr/bin/cmake --install /home/dcbothra2204/arm_manip/build/trac_ik_examples
[4.850s] Level 1:colcon.colcon_core.environment:create_environment_scripts_only(trac_ik_examples)
[4.850s] Level 1:colcon.colcon_core.environment:checking '/home/dcbothra2204/arm_manip/install/trac_ik_examples' for CMake module files
[4.850s] DEBUG:colcon.colcon_core.event_handler.log_command:Invoked command in '/home/dcbothra2204/arm_manip/build/trac_ik_examples' returned '0': AMENT_PREFIX_PATH=/home/dcbothra2204/arm_manip/install/trac_ik_lib:${AMENT_PREFIX_PATH} CMAKE_PREFIX_PATH=/home/dcbothra2204/arm_manip/install/trac_ik_lib:/home/dcbothra2204/arm_manip/install/ur_simulation:/home/dcbothra2204/arm_manip/install/ur_description:/opt/ros/humble LD_LIBRARY_PATH=/home/dcbothra2204/arm_manip/install/trac_ik_lib/lib:${LD_LIBRARY_PATH} /usr/bin/cmake --install /home/dcbothra2204/arm_manip/build/trac_ik_examples
[4.850s] Level 1:colcon.colcon_core.environment:checking '/home/dcbothra2204/arm_manip/install/trac_ik_examples' for CMake config files
[4.851s] Level 1:colcon.colcon_core.shell:create_environment_hook('trac_ik_examples', 'cmake_prefix_path')
[4.851s] INFO:colcon.colcon_core.shell:Creating environment hook '/home/dcbothra2204/arm_manip/install/trac_ik_examples/share/trac_ik_examples/hook/cmake_prefix_path.ps1'
[4.851s] INFO:colcon.colcon_core.shell:Creating environment descriptor '/home/dcbothra2204/arm_manip/install/trac_ik_examples/share/trac_ik_examples/hook/cmake_prefix_path.dsv'
[4.851s] INFO:colcon.colcon_core.shell:Creating environment hook '/home/dcbothra2204/arm_manip/install/trac_ik_examples/share/trac_ik_examples/hook/cmake_prefix_path.sh'
[4.852s] Level 1:colcon.colcon_core.environment:checking '/home/dcbothra2204/arm_manip/install/trac_ik_examples/lib'
[4.852s] Level 1:colcon.colcon_core.environment:checking '/home/dcbothra2204/arm_manip/install/trac_ik_examples/bin'
[4.852s] Level 1:colcon.colcon_core.environment:checking '/home/dcbothra2204/arm_manip/install/trac_ik_examples/lib/pkgconfig/trac_ik_examples.pc'
[4.852s] Level 1:colcon.colcon_core.environment:checking '/home/dcbothra2204/arm_manip/install/trac_ik_examples/lib/python3.10/site-packages'
[4.852s] Level 1:colcon.colcon_core.environment:checking '/home/dcbothra2204/arm_manip/install/trac_ik_examples/bin'
[4.852s] INFO:colcon.colcon_core.shell:Creating package script '/home/dcbothra2204/arm_manip/install/trac_ik_examples/share/trac_ik_examples/package.ps1'
[4.852s] INFO:colcon.colcon_core.shell:Creating package descriptor '/home/dcbothra2204/arm_manip/install/trac_ik_examples/share/trac_ik_examples/package.dsv'
[4.853s] INFO:colcon.colcon_core.shell:Creating package script '/home/dcbothra2204/arm_manip/install/trac_ik_examples/share/trac_ik_examples/package.sh'
[4.853s] INFO:colcon.colcon_core.shell:Creating package script '/home/dcbothra2204/arm_manip/install/trac_ik_examples/share/trac_ik_examples/package.bash'
[4.853s] INFO:colcon.colcon_core.shell:Creating package script '/home/dcbothra2204/arm_manip/install/trac_ik_examples/share/trac_ik_examples/package.zsh'
[4.853s] Level 1:colcon.colcon_core.environment:create_file_with_runtime_dependencies(/home/dcbothra2204/arm_manip/install/trac_ik_examples/share/colcon-core/packages/trac_ik_examples)
[4.870s] Level 1:colcon.colcon_core.environment:create_environment_scripts_only(trac_ik_examples)
[4.871s] Level 1:colcon.colcon_core.environment:checking '/home/dcbothra2204/arm_manip/install/trac_ik_examples' for CMake module files
[4.871s] Level 1:colcon.colcon_core.environment:checking '/home/dcbothra2204/arm_manip/install/trac_ik_examples' for CMake config files
[4.871s] Level 1:colcon.colcon_core.shell:create_environment_hook('trac_ik_examples', 'cmake_prefix_path')
[4.871s] INFO:colcon.colcon_core.shell:Creating environment hook '/home/dcbothra2204/arm_manip/install/trac_ik_examples/share/trac_ik_examples/hook/cmake_prefix_path.ps1'
[4.872s] INFO:colcon.colcon_core.shell:Creating environment descriptor '/home/dcbothra2204/arm_manip/install/trac_ik_examples/share/trac_ik_examples/hook/cmake_prefix_path.dsv'
[4.872s] INFO:colcon.colcon_core.shell:Creating environment hook '/home/dcbothra2204/arm_manip/install/trac_ik_examples/share/trac_ik_examples/hook/cmake_prefix_path.sh'
[4.872s] Level 1:colcon.colcon_core.environment:checking '/home/dcbothra2204/arm_manip/install/trac_ik_examples/lib'
[4.872s] Level 1:colcon.colcon_core.environment:checking '/home/dcbothra2204/arm_manip/install/trac_ik_examples/bin'
[4.872s] Level 1:colcon.colcon_core.environment:checking '/home/dcbothra2204/arm_manip/install/trac_ik_examples/lib/pkgconfig/trac_ik_examples.pc'
[4.872s] Level 1:colcon.colcon_core.environment:checking '/home/dcbothra2204/arm_manip/install/trac_ik_examples/lib/python3.10/site-packages'
[4.873s] Level 1:colcon.colcon_core.environment:checking '/home/dcbothra2204/arm_manip/install/trac_ik_examples/bin'
[4.873s] INFO:colcon.colcon_core.shell:Creating package script '/home/dcbothra2204/arm_manip/install/trac_ik_examples/share/trac_ik_examples/package.ps1'
[4.873s] INFO:colcon.colcon_core.shell:Creating package descriptor '/home/dcbothra2204/arm_manip/install/trac_ik_examples/share/trac_ik_examples/package.dsv'
[4.873s] INFO:colcon.colcon_core.shell:Creating package script '/home/dcbothra2204/arm_manip/install/trac_ik_examples/share/trac_ik_examples/package.sh'
[4.874s] INFO:colcon.colcon_core.shell:Creating package script '/home/dcbothra2204/arm_manip/install/trac_ik_examples/share/trac_ik_examples/package.bash'
[4.874s] INFO:colcon.colcon_core.shell:Creating package script '/home/dcbothra2204/arm_manip/install/trac_ik_examples/share/trac_ik_examples/package.zsh'
[4.874s] Level 1:colcon.colcon_core.environment:create_file_with_runtime_dependencies(/home/dcbothra2204/arm_manip/install/trac_ik_examples/share/colcon-core/packages/trac_ik_examples)
[4.874s] INFO:colcon.colcon_ros.task.ament_cmake.build:Building ROS package in '/home/dcbothra2204/arm_manip/src/trac_ik/trac_ik' with build type 'ament_cmake'
[4.875s] INFO:colcon.colcon_cmake.task.cmake.build:Building CMake package in '/home/dcbothra2204/arm_manip/src/trac_ik/trac_ik'
[4.875s] INFO:colcon.colcon_core.shell:Skip shell extension 'powershell' for command environment: Not usable outside of PowerShell
[4.875s] DEBUG:colcon.colcon_core.shell:Skip shell extension 'dsv' for command environment
[4.884s] DEBUG:colcon.colcon_core.event_handler.log_command:Invoking command in '/home/dcbothra2204/arm_manip/build/trac_ik': AMENT_PREFIX_PATH=/home/dcbothra2204/arm_manip/install/trac_ik_examples:/home/dcbothra2204/arm_manip/install/trac_ik_lib:${AMENT_PREFIX_PATH} CMAKE_PREFIX_PATH=/home/dcbothra2204/arm_manip/install/trac_ik_examples:/home/dcbothra2204/arm_manip/install/trac_ik_lib:/home/dcbothra2204/arm_manip/install/ur_simulation:/home/dcbothra2204/arm_manip/install/ur_description:/opt/ros/humble LD_LIBRARY_PATH=/home/dcbothra2204/arm_manip/install/trac_ik_lib/lib:${LD_LIBRARY_PATH} /usr/bin/cmake /home/dcbothra2204/arm_manip/src/trac_ik/trac_ik -DAMENT_CMAKE_SYMLINK_INSTALL=1 -DCMAKE_INSTALL_PREFIX=/home/dcbothra2204/arm_manip/install/trac_ik
[5.330s] DEBUG:colcon.colcon_core.event_handler.log_command:Invoked command in '/home/dcbothra2204/arm_manip/build/trac_ik' returned '0': AMENT_PREFIX_PATH=/home/dcbothra2204/arm_manip/install/trac_ik_examples:/home/dcbothra2204/arm_manip/install/trac_ik_lib:${AMENT_PREFIX_PATH} CMAKE_PREFIX_PATH=/home/dcbothra2204/arm_manip/install/trac_ik_examples:/home/dcbothra2204/arm_manip/install/trac_ik_lib:/home/dcbothra2204/arm_manip/install/ur_simulation:/home/dcbothra2204/arm_manip/install/ur_description:/opt/ros/humble LD_LIBRARY_PATH=/home/dcbothra2204/arm_manip/install/trac_ik_lib/lib:${LD_LIBRARY_PATH} /usr/bin/cmake /home/dcbothra2204/arm_manip/src/trac_ik/trac_ik -DAMENT_CMAKE_SYMLINK_INSTALL=1 -DCMAKE_INSTALL_PREFIX=/home/dcbothra2204/arm_manip/install/trac_ik
[5.331s] DEBUG:colcon.colcon_core.event_handler.log_command:Invoking command in '/home/dcbothra2204/arm_manip/build/trac_ik': AMENT_PREFIX_PATH=/home/dcbothra2204/arm_manip/install/trac_ik_examples:/home/dcbothra2204/arm_manip/install/trac_ik_lib:${AMENT_PREFIX_PATH} CMAKE_PREFIX_PATH=/home/dcbothra2204/arm_manip/install/trac_ik_examples:/home/dcbothra2204/arm_manip/install/trac_ik_lib:/home/dcbothra2204/arm_manip/install/ur_simulation:/home/dcbothra2204/arm_manip/install/ur_description:/opt/ros/humble LD_LIBRARY_PATH=/home/dcbothra2204/arm_manip/install/trac_ik_lib/lib:${LD_LIBRARY_PATH} /usr/bin/cmake --build /home/dcbothra2204/arm_manip/build/trac_ik -- -j8 -l8
[5.360s] DEBUG:colcon.colcon_core.event_handler.log_command:Invoked command in '/home/dcbothra2204/arm_manip/build/trac_ik' returned '0': AMENT_PREFIX_PATH=/home/dcbothra2204/arm_manip/install/trac_ik_examples:/home/dcbothra2204/arm_manip/install/trac_ik_lib:${AMENT_PREFIX_PATH} CMAKE_PREFIX_PATH=/home/dcbothra2204/arm_manip/install/trac_ik_examples:/home/dcbothra2204/arm_manip/install/trac_ik_lib:/home/dcbothra2204/arm_manip/install/ur_simulation:/home/dcbothra2204/arm_manip/install/ur_description:/opt/ros/humble LD_LIBRARY_PATH=/home/dcbothra2204/arm_manip/install/trac_ik_lib/lib:${LD_LIBRARY_PATH} /usr/bin/cmake --build /home/dcbothra2204/arm_manip/build/trac_ik -- -j8 -l8
[5.381s] DEBUG:colcon.colcon_core.event_handler.log_command:Invoking command in '/home/dcbothra2204/arm_manip/build/trac_ik': AMENT_PREFIX_PATH=/home/dcbothra2204/arm_manip/install/trac_ik_examples:/home/dcbothra2204/arm_manip/install/trac_ik_lib:${AMENT_PREFIX_PATH} CMAKE_PREFIX_PATH=/home/dcbothra2204/arm_manip/install/trac_ik_examples:/home/dcbothra2204/arm_manip/install/trac_ik_lib:/home/dcbothra2204/arm_manip/install/ur_simulation:/home/dcbothra2204/arm_manip/install/ur_description:/opt/ros/humble LD_LIBRARY_PATH=/home/dcbothra2204/arm_manip/install/trac_ik_lib/lib:${LD_LIBRARY_PATH} /usr/bin/cmake --install /home/dcbothra2204/arm_manip/build/trac_ik
[5.489s] Level 1:colcon.colcon_core.environment:create_environment_scripts_only(trac_ik)
[5.489s] Level 1:colcon.colcon_core.environment:checking '/home/dcbothra2204/arm_manip/install/trac_ik' for CMake module files
[5.490s] DEBUG:colcon.colcon_core.event_handler.log_command:Invoked command in '/home/dcbothra2204/arm_manip/build/trac_ik' returned '0': AMENT_PREFIX_PATH=/home/dcbothra2204/arm_manip/install/trac_ik_examples:/home/dcbothra2204/arm_manip/install/trac_ik_lib:${AMENT_PREFIX_PATH} CMAKE_PREFIX_PATH=/home/dcbothra2204/arm_manip/install/trac_ik_examples:/home/dcbothra2204/arm_manip/install/trac_ik_lib:/home/dcbothra2204/arm_manip/install/ur_simulation:/home/dcbothra2204/arm_manip/install/ur_description:/opt/ros/humble LD_LIBRARY_PATH=/home/dcbothra2204/arm_manip/install/trac_ik_lib/lib:${LD_LIBRARY_PATH} /usr/bin/cmake --install /home/dcbothra2204/arm_manip/build/trac_ik
[5.490s] Level 1:colcon.colcon_core.environment:checking '/home/dcbothra2204/arm_manip/install/trac_ik' for CMake config files
[5.490s] Level 1:colcon.colcon_core.shell:create_environment_hook('trac_ik', 'cmake_prefix_path')
[5.490s] INFO:colcon.colcon_core.shell:Creating environment hook '/home/dcbothra2204/arm_manip/install/trac_ik/share/trac_ik/hook/cmake_prefix_path.ps1'
[5.490s] INFO:colcon.colcon_core.shell:Creating environment descriptor '/home/dcbothra2204/arm_manip/install/trac_ik/share/trac_ik/hook/cmake_prefix_path.dsv'
[5.491s] INFO:colcon.colcon_core.shell:Creating environment hook '/home/dcbothra2204/arm_manip/install/trac_ik/share/trac_ik/hook/cmake_prefix_path.sh'
[5.491s] Level 1:colcon.colcon_core.environment:checking '/home/dcbothra2204/arm_manip/install/trac_ik/bin'
[5.491s] Level 1:colcon.colcon_core.environment:checking '/home/dcbothra2204/arm_manip/install/trac_ik/lib/pkgconfig/trac_ik.pc'
[5.491s] Level 1:colcon.colcon_core.environment:checking '/home/dcbothra2204/arm_manip/install/trac_ik/lib/python3.10/site-packages'
[5.491s] Level 1:colcon.colcon_core.environment:checking '/home/dcbothra2204/arm_manip/install/trac_ik/bin'
[5.492s] INFO:colcon.colcon_core.shell:Creating package script '/home/dcbothra2204/arm_manip/install/trac_ik/share/trac_ik/package.ps1'
[5.492s] INFO:colcon.colcon_core.shell:Creating package descriptor '/home/dcbothra2204/arm_manip/install/trac_ik/share/trac_ik/package.dsv'
[5.492s] INFO:colcon.colcon_core.shell:Creating package script '/home/dcbothra2204/arm_manip/install/trac_ik/share/trac_ik/package.sh'
[5.492s] INFO:colcon.colcon_core.shell:Creating package script '/home/dcbothra2204/arm_manip/install/trac_ik/share/trac_ik/package.bash'
[5.492s] INFO:colcon.colcon_core.shell:Creating package script '/home/dcbothra2204/arm_manip/install/trac_ik/share/trac_ik/package.zsh'
[5.493s] Level 1:colcon.colcon_core.environment:create_file_with_runtime_dependencies(/home/dcbothra2204/arm_manip/install/trac_ik/share/colcon-core/packages/trac_ik)
[5.507s] Level 1:colcon.colcon_core.environment:create_environment_scripts_only(trac_ik)
[5.508s] Level 1:colcon.colcon_core.environment:checking '/home/dcbothra2204/arm_manip/install/trac_ik' for CMake module files
[5.508s] Level 1:colcon.colcon_core.environment:checking '/home/dcbothra2204/arm_manip/install/trac_ik' for CMake config files
[5.508s] Level 1:colcon.colcon_core.shell:create_environment_hook('trac_ik', 'cmake_prefix_path')
[5.509s] INFO:colcon.colcon_core.shell:Creating environment hook '/home/dcbothra2204/arm_manip/install/trac_ik/share/trac_ik/hook/cmake_prefix_path.ps1'
[5.509s] INFO:colcon.colcon_core.shell:Creating environment descriptor '/home/dcbothra2204/arm_manip/install/trac_ik/share/trac_ik/hook/cmake_prefix_path.dsv'
[5.509s] INFO:colcon.colcon_core.shell:Creating environment hook '/home/dcbothra2204/arm_manip/install/trac_ik/share/trac_ik/hook/cmake_prefix_path.sh'
[5.510s] Level 1:colcon.colcon_core.environment:checking '/home/dcbothra2204/arm_manip/install/trac_ik/bin'
[5.510s] Level 1:colcon.colcon_core.environment:checking '/home/dcbothra2204/arm_manip/install/trac_ik/lib/pkgconfig/trac_ik.pc'
[5.510s] Level 1:colcon.colcon_core.environment:checking '/home/dcbothra2204/arm_manip/install/trac_ik/lib/python3.10/site-packages'
[5.510s] Level 1:colcon.colcon_core.environment:checking '/home/dcbothra2204/arm_manip/install/trac_ik/bin'
[5.510s] INFO:colcon.colcon_core.shell:Creating package script '/home/dcbothra2204/arm_manip/install/trac_ik/share/trac_ik/package.ps1'
[5.510s] INFO:colcon.colcon_core.shell:Creating package descriptor '/home/dcbothra2204/arm_manip/install/trac_ik/share/trac_ik/package.dsv'
[5.511s] INFO:colcon.colcon_core.shell:Creating package script '/home/dcbothra2204/arm_manip/install/trac_ik/share/trac_ik/package.sh'
[5.511s] INFO:colcon.colcon_core.shell:Creating package script '/home/dcbothra2204/arm_manip/install/trac_ik/share/trac_ik/package.bash'
[5.511s] INFO:colcon.colcon_core.shell:Creating package script '/home/dcbothra2204/arm_manip/install/trac_ik/share/trac_ik/package.zsh'
[5.512s] Level 1:colcon.colcon_core.environment:create_file_with_runtime_dependencies(/home/dcbothra2204/arm_manip/install/trac_ik/share/colcon-core/packages/trac_ik)
[5.512s] DEBUG:colcon.colcon_parallel_executor.executor.parallel:closing loop
[5.512s] DEBUG:colcon.colcon_parallel_executor.executor.parallel:loop closed
[5.512s] DEBUG:colcon.colcon_parallel_executor.executor.parallel:run_until_complete finished with '0'
[5.512s] DEBUG:colcon.colcon_core.event_reactor:joining thread
[5.516s] INFO:colcon.colcon_core.plugin_system:Skipping extension 'colcon_notification.desktop_notification.terminal_notifier': Not used on non-Darwin systems
[5.516s] INFO:colcon.colcon_core.plugin_system:Skipping extension 'colcon_notification.desktop_notification.win32': Not used on non-Windows systems
[5.516s] INFO:colcon.colcon_notification.desktop_notification:Sending desktop notification using 'notify2'
[5.527s] DEBUG:colcon.colcon_core.event_reactor:joined thread
[5.528s] INFO:colcon.colcon_core.shell:Creating prefix script '/home/dcbothra2204/arm_manip/install/local_setup.ps1'
[5.529s] INFO:colcon.colcon_core.shell:Creating prefix util module '/home/dcbothra2204/arm_manip/install/_local_setup_util_ps1.py'
[5.531s] INFO:colcon.colcon_core.shell:Creating prefix chain script '/home/dcbothra2204/arm_manip/install/setup.ps1'
[5.532s] INFO:colcon.colcon_core.shell:Creating prefix script '/home/dcbothra2204/arm_manip/install/local_setup.sh'
[5.532s] INFO:colcon.colcon_core.shell:Creating prefix util module '/home/dcbothra2204/arm_manip/install/_local_setup_util_sh.py'
[5.533s] INFO:colcon.colcon_core.shell:Creating prefix chain script '/home/dcbothra2204/arm_manip/install/setup.sh'
[5.533s] INFO:colcon.colcon_core.shell:Creating prefix script '/home/dcbothra2204/arm_manip/install/local_setup.bash'
[5.534s] INFO:colcon.colcon_core.shell:Creating prefix chain script '/home/dcbothra2204/arm_manip/install/setup.bash'
[5.534s] INFO:colcon.colcon_core.shell:Creating prefix script '/home/dcbothra2204/arm_manip/install/local_setup.zsh'
[5.534s] INFO:colcon.colcon_core.shell:Creating prefix chain script '/home/dcbothra2204/arm_manip/install/setup.zsh'
