[0.322s] DEBUG:colcon:Command line arguments: ['/usr/bin/colcon', 'build']
[0.322s] DEBUG:colcon:Parsed command line arguments: Namespace(log_base=None, log_level=None, verb_name='build', build_base='build', install_base='install', merge_install=False, symlink_install=False, test_result_base=None, continue_on_error=False, executor='parallel', parallel_workers=8, event_handlers=None, ignore_user_meta=False, metas=['./colcon.meta'], base_paths=['.'], packages_ignore=None, packages_ignore_regex=None, paths=None, packages_up_to=None, packages_up_to_regex=None, packages_above=None, packages_above_and_dependencies=None, packages_above_depth=None, packages_select_by_dep=None, packages_skip_by_dep=None, packages_skip_up_to=None, packages_select_build_failed=False, packages_skip_build_finished=False, packages_select_test_failures=False, packages_skip_test_passed=False, packages_select=None, packages_skip=None, packages_select_regex=None, packages_skip_regex=None, packages_start=None, packages_end=None, allow_overriding=[], cmake_args=None, cmake_target=None, cmake_target_skip_unavailable=False, cmake_clean_cache=False, cmake_clean_first=False, cmake_force_configure=False, ament_cmake_args=None, catkin_cmake_args=None, catkin_skip_building_tests=False, mixin_files=None, mixin=None, verb_parser=<colcon_mixin.mixin.mixin_argument.MixinArgumentDecorator object at 0x7841b2619720>, verb_extension=<colcon_core.verb.build.BuildVerb object at 0x7841b2619150>, main=<bound method BuildVerb.main of <colcon_core.verb.build.BuildVerb object at 0x7841b2619150>>, mixin_verb=('build',))
[0.537s] Level 1:colcon.colcon_core.package_discovery:discover_packages(colcon_meta) check parameters
[0.537s] Level 1:colcon.colcon_core.package_discovery:discover_packages(recursive) check parameters
[0.537s] Level 1:colcon.colcon_core.package_discovery:discover_packages(ignore) check parameters
[0.537s] Level 1:colcon.colcon_core.package_discovery:discover_packages(path) check parameters
[0.537s] Level 1:colcon.colcon_core.package_discovery:discover_packages(colcon_meta) discover
[0.537s] Level 1:colcon.colcon_core.package_discovery:discover_packages(recursive) discover
[0.537s] INFO:colcon.colcon_core.package_discovery:Crawling recursively for packages in '/home/dcbothra2204/arm_manip'
[0.538s] Level 1:colcon.colcon_core.package_identification:_identify(.) by extensions ['ignore', 'ignore_ament_install']
[0.538s] Level 1:colcon.colcon_core.package_identification:_identify(.) by extension 'ignore'
[0.538s] Level 1:colcon.colcon_core.package_identification:_identify(.) by extension 'ignore_ament_install'
[0.538s] Level 1:colcon.colcon_core.package_identification:_identify(.) by extensions ['colcon_pkg']
[0.538s] Level 1:colcon.colcon_core.package_identification:_identify(.) by extension 'colcon_pkg'
[0.538s] Level 1:colcon.colcon_core.package_identification:_identify(.) by extensions ['colcon_meta']
[0.538s] Level 1:colcon.colcon_core.package_identification:_identify(.) by extension 'colcon_meta'
[0.538s] Level 1:colcon.colcon_core.package_identification:_identify(.) by extensions ['ros']
[0.538s] Level 1:colcon.colcon_core.package_identification:_identify(.) by extension 'ros'
[0.549s] Level 1:colcon.colcon_core.package_identification:_identify(.) by extensions ['cmake', 'python']
[0.549s] Level 1:colcon.colcon_core.package_identification:_identify(.) by extension 'cmake'
[0.549s] Level 1:colcon.colcon_core.package_identification:_identify(.) by extension 'python'
[0.549s] Level 1:colcon.colcon_core.package_identification:_identify(.) by extensions ['python_setup_py']
[0.549s] Level 1:colcon.colcon_core.package_identification:_identify(.) by extension 'python_setup_py'
[0.549s] Level 1:colcon.colcon_core.package_identification:_identify(build) by extensions ['ignore', 'ignore_ament_install']
[0.549s] Level 1:colcon.colcon_core.package_identification:_identify(build) by extension 'ignore'
[0.549s] Level 1:colcon.colcon_core.package_identification:_identify(build) ignored
[0.549s] Level 1:colcon.colcon_core.package_identification:_identify(install) by extensions ['ignore', 'ignore_ament_install']
[0.549s] Level 1:colcon.colcon_core.package_identification:_identify(install) by extension 'ignore'
[0.549s] Level 1:colcon.colcon_core.package_identification:_identify(install) ignored
[0.549s] Level 1:colcon.colcon_core.package_identification:_identify(log) by extensions ['ignore', 'ignore_ament_install']
[0.549s] Level 1:colcon.colcon_core.package_identification:_identify(log) by extension 'ignore'
[0.550s] Level 1:colcon.colcon_core.package_identification:_identify(log) ignored
[0.550s] Level 1:colcon.colcon_core.package_identification:_identify(src) by extensions ['ignore', 'ignore_ament_install']
[0.550s] Level 1:colcon.colcon_core.package_identification:_identify(src) by extension 'ignore'
[0.550s] Level 1:colcon.colcon_core.package_identification:_identify(src) by extension 'ignore_ament_install'
[0.550s] Level 1:colcon.colcon_core.package_identification:_identify(src) by extensions ['colcon_pkg']
[0.550s] Level 1:colcon.colcon_core.package_identification:_identify(src) by extension 'colcon_pkg'
[0.550s] Level 1:colcon.colcon_core.package_identification:_identify(src) by extensions ['colcon_meta']
[0.550s] Level 1:colcon.colcon_core.package_identification:_identify(src) by extension 'colcon_meta'
[0.550s] Level 1:colcon.colcon_core.package_identification:_identify(src) by extensions ['ros']
[0.550s] Level 1:colcon.colcon_core.package_identification:_identify(src) by extension 'ros'
[0.550s] Level 1:colcon.colcon_core.package_identification:_identify(src) by extensions ['cmake', 'python']
[0.550s] Level 1:colcon.colcon_core.package_identification:_identify(src) by extension 'cmake'
[0.550s] Level 1:colcon.colcon_core.package_identification:_identify(src) by extension 'python'
[0.550s] Level 1:colcon.colcon_core.package_identification:_identify(src) by extensions ['python_setup_py']
[0.550s] Level 1:colcon.colcon_core.package_identification:_identify(src) by extension 'python_setup_py'
[0.550s] Level 1:colcon.colcon_core.package_identification:_identify(src/ur_control) by extensions ['ignore', 'ignore_ament_install']
[0.550s] Level 1:colcon.colcon_core.package_identification:_identify(src/ur_control) by extension 'ignore'
[0.550s] Level 1:colcon.colcon_core.package_identification:_identify(src/ur_control) by extension 'ignore_ament_install'
[0.550s] Level 1:colcon.colcon_core.package_identification:_identify(src/ur_control) by extensions ['colcon_pkg']
[0.550s] Level 1:colcon.colcon_core.package_identification:_identify(src/ur_control) by extension 'colcon_pkg'
[0.550s] Level 1:colcon.colcon_core.package_identification:_identify(src/ur_control) by extensions ['colcon_meta']
[0.550s] Level 1:colcon.colcon_core.package_identification:_identify(src/ur_control) by extension 'colcon_meta'
[0.550s] Level 1:colcon.colcon_core.package_identification:_identify(src/ur_control) by extensions ['ros']
[0.550s] Level 1:colcon.colcon_core.package_identification:_identify(src/ur_control) by extension 'ros'
[0.553s] DEBUG:colcon.colcon_core.package_identification:Package 'src/ur_control' with type 'ros.ament_cmake' and name 'ur_control'
[0.554s] Level 1:colcon.colcon_core.package_identification:_identify(src/ur_description) by extensions ['ignore', 'ignore_ament_install']
[0.554s] Level 1:colcon.colcon_core.package_identification:_identify(src/ur_description) by extension 'ignore'
[0.554s] Level 1:colcon.colcon_core.package_identification:_identify(src/ur_description) by extension 'ignore_ament_install'
[0.554s] Level 1:colcon.colcon_core.package_identification:_identify(src/ur_description) by extensions ['colcon_pkg']
[0.554s] Level 1:colcon.colcon_core.package_identification:_identify(src/ur_description) by extension 'colcon_pkg'
[0.554s] Level 1:colcon.colcon_core.package_identification:_identify(src/ur_description) by extensions ['colcon_meta']
[0.554s] Level 1:colcon.colcon_core.package_identification:_identify(src/ur_description) by extension 'colcon_meta'
[0.554s] Level 1:colcon.colcon_core.package_identification:_identify(src/ur_description) by extensions ['ros']
[0.554s] Level 1:colcon.colcon_core.package_identification:_identify(src/ur_description) by extension 'ros'
[0.556s] DEBUG:colcon.colcon_core.package_identification:Package 'src/ur_description' with type 'ros.ament_cmake' and name 'ur_description'
[0.556s] Level 1:colcon.colcon_core.package_identification:_identify(src/ur_moveit_config) by extensions ['ignore', 'ignore_ament_install']
[0.557s] Level 1:colcon.colcon_core.package_identification:_identify(src/ur_moveit_config) by extension 'ignore'
[0.557s] Level 1:colcon.colcon_core.package_identification:_identify(src/ur_moveit_config) by extension 'ignore_ament_install'
[0.557s] Level 1:colcon.colcon_core.package_identification:_identify(src/ur_moveit_config) by extensions ['colcon_pkg']
[0.557s] Level 1:colcon.colcon_core.package_identification:_identify(src/ur_moveit_config) by extension 'colcon_pkg'
[0.557s] Level 1:colcon.colcon_core.package_identification:_identify(src/ur_moveit_config) by extensions ['colcon_meta']
[0.557s] Level 1:colcon.colcon_core.package_identification:_identify(src/ur_moveit_config) by extension 'colcon_meta'
[0.557s] Level 1:colcon.colcon_core.package_identification:_identify(src/ur_moveit_config) by extensions ['ros']
[0.557s] Level 1:colcon.colcon_core.package_identification:_identify(src/ur_moveit_config) by extension 'ros'
[0.558s] DEBUG:colcon.colcon_core.package_identification:Package 'src/ur_moveit_config' with type 'ros.ament_cmake' and name 'ur_moveit_config'
[0.558s] Level 1:colcon.colcon_core.package_identification:_identify(src/ur_simulation) by extensions ['ignore', 'ignore_ament_install']
[0.558s] Level 1:colcon.colcon_core.package_identification:_identify(src/ur_simulation) by extension 'ignore'
[0.558s] Level 1:colcon.colcon_core.package_identification:_identify(src/ur_simulation) by extension 'ignore_ament_install'
[0.558s] Level 1:colcon.colcon_core.package_identification:_identify(src/ur_simulation) by extensions ['colcon_pkg']
[0.558s] Level 1:colcon.colcon_core.package_identification:_identify(src/ur_simulation) by extension 'colcon_pkg'
[0.558s] Level 1:colcon.colcon_core.package_identification:_identify(src/ur_simulation) by extensions ['colcon_meta']
[0.558s] Level 1:colcon.colcon_core.package_identification:_identify(src/ur_simulation) by extension 'colcon_meta'
[0.558s] Level 1:colcon.colcon_core.package_identification:_identify(src/ur_simulation) by extensions ['ros']
[0.558s] Level 1:colcon.colcon_core.package_identification:_identify(src/ur_simulation) by extension 'ros'
[0.559s] DEBUG:colcon.colcon_core.package_identification:Package 'src/ur_simulation' with type 'ros.ament_cmake' and name 'ur_simulation'
[0.559s] Level 1:colcon.colcon_core.package_discovery:discover_packages(recursive) using defaults
[0.559s] Level 1:colcon.colcon_core.package_discovery:discover_packages(ignore) discover
[0.559s] Level 1:colcon.colcon_core.package_discovery:discover_packages(ignore) using defaults
[0.559s] Level 1:colcon.colcon_core.package_discovery:discover_packages(path) discover
[0.560s] Level 1:colcon.colcon_core.package_discovery:discover_packages(path) using defaults
[0.595s] Level 1:colcon.colcon_core.package_discovery:discover_packages(prefix_path) check parameters
[0.595s] Level 1:colcon.colcon_core.package_discovery:discover_packages(prefix_path) discover
[0.602s] DEBUG:colcon.colcon_installed_package_information.package_discovery:Found 7 installed packages in /home/dcbothra2204/arm_manip/install
[0.603s] DEBUG:colcon.colcon_installed_package_information.package_discovery:Found 389 installed packages in /opt/ros/humble
[0.605s] Level 1:colcon.colcon_core.package_discovery:discover_packages(prefix_path) using defaults
[0.692s] Level 5:colcon.colcon_core.verb:set package 'ur_control' build argument 'cmake_args' from command line to 'None'
[0.692s] Level 5:colcon.colcon_core.verb:set package 'ur_control' build argument 'cmake_target' from command line to 'None'
[0.692s] Level 5:colcon.colcon_core.verb:set package 'ur_control' build argument 'cmake_target_skip_unavailable' from command line to 'False'
[0.692s] Level 5:colcon.colcon_core.verb:set package 'ur_control' build argument 'cmake_clean_cache' from command line to 'False'
[0.692s] Level 5:colcon.colcon_core.verb:set package 'ur_control' build argument 'cmake_clean_first' from command line to 'False'
[0.692s] Level 5:colcon.colcon_core.verb:set package 'ur_control' build argument 'cmake_force_configure' from command line to 'False'
[0.692s] Level 5:colcon.colcon_core.verb:set package 'ur_control' build argument 'ament_cmake_args' from command line to 'None'
[0.692s] Level 5:colcon.colcon_core.verb:set package 'ur_control' build argument 'catkin_cmake_args' from command line to 'None'
[0.692s] Level 5:colcon.colcon_core.verb:set package 'ur_control' build argument 'catkin_skip_building_tests' from command line to 'False'
[0.692s] DEBUG:colcon.colcon_core.verb:Building package 'ur_control' with the following arguments: {'ament_cmake_args': None, 'build_base': '/home/dcbothra2204/arm_manip/build/ur_control', 'catkin_cmake_args': None, 'catkin_skip_building_tests': False, 'cmake_args': None, 'cmake_clean_cache': False, 'cmake_clean_first': False, 'cmake_force_configure': False, 'cmake_target': None, 'cmake_target_skip_unavailable': False, 'install_base': '/home/dcbothra2204/arm_manip/install/ur_control', 'merge_install': False, 'path': '/home/dcbothra2204/arm_manip/src/ur_control', 'symlink_install': False, 'test_result_base': None}
[0.692s] Level 5:colcon.colcon_core.verb:set package 'ur_description' build argument 'cmake_args' from command line to 'None'
[0.692s] Level 5:colcon.colcon_core.verb:set package 'ur_description' build argument 'cmake_target' from command line to 'None'
[0.693s] Level 5:colcon.colcon_core.verb:set package 'ur_description' build argument 'cmake_target_skip_unavailable' from command line to 'False'
[0.693s] Level 5:colcon.colcon_core.verb:set package 'ur_description' build argument 'cmake_clean_cache' from command line to 'False'
[0.693s] Level 5:colcon.colcon_core.verb:set package 'ur_description' build argument 'cmake_clean_first' from command line to 'False'
[0.693s] Level 5:colcon.colcon_core.verb:set package 'ur_description' build argument 'cmake_force_configure' from command line to 'False'
[0.693s] Level 5:colcon.colcon_core.verb:set package 'ur_description' build argument 'ament_cmake_args' from command line to 'None'
[0.693s] Level 5:colcon.colcon_core.verb:set package 'ur_description' build argument 'catkin_cmake_args' from command line to 'None'
[0.693s] Level 5:colcon.colcon_core.verb:set package 'ur_description' build argument 'catkin_skip_building_tests' from command line to 'False'
[0.693s] DEBUG:colcon.colcon_core.verb:Building package 'ur_description' with the following arguments: {'ament_cmake_args': None, 'build_base': '/home/dcbothra2204/arm_manip/build/ur_description', 'catkin_cmake_args': None, 'catkin_skip_building_tests': False, 'cmake_args': None, 'cmake_clean_cache': False, 'cmake_clean_first': False, 'cmake_force_configure': False, 'cmake_target': None, 'cmake_target_skip_unavailable': False, 'install_base': '/home/dcbothra2204/arm_manip/install/ur_description', 'merge_install': False, 'path': '/home/dcbothra2204/arm_manip/src/ur_description', 'symlink_install': False, 'test_result_base': None}
[0.693s] Level 5:colcon.colcon_core.verb:set package 'ur_simulation' build argument 'cmake_args' from command line to 'None'
[0.693s] Level 5:colcon.colcon_core.verb:set package 'ur_simulation' build argument 'cmake_target' from command line to 'None'
[0.693s] Level 5:colcon.colcon_core.verb:set package 'ur_simulation' build argument 'cmake_target_skip_unavailable' from command line to 'False'
[0.693s] Level 5:colcon.colcon_core.verb:set package 'ur_simulation' build argument 'cmake_clean_cache' from command line to 'False'
[0.693s] Level 5:colcon.colcon_core.verb:set package 'ur_simulation' build argument 'cmake_clean_first' from command line to 'False'
[0.693s] Level 5:colcon.colcon_core.verb:set package 'ur_simulation' build argument 'cmake_force_configure' from command line to 'False'
[0.693s] Level 5:colcon.colcon_core.verb:set package 'ur_simulation' build argument 'ament_cmake_args' from command line to 'None'
[0.693s] Level 5:colcon.colcon_core.verb:set package 'ur_simulation' build argument 'catkin_cmake_args' from command line to 'None'
[0.693s] Level 5:colcon.colcon_core.verb:set package 'ur_simulation' build argument 'catkin_skip_building_tests' from command line to 'False'
[0.693s] DEBUG:colcon.colcon_core.verb:Building package 'ur_simulation' with the following arguments: {'ament_cmake_args': None, 'build_base': '/home/dcbothra2204/arm_manip/build/ur_simulation', 'catkin_cmake_args': None, 'catkin_skip_building_tests': False, 'cmake_args': None, 'cmake_clean_cache': False, 'cmake_clean_first': False, 'cmake_force_configure': False, 'cmake_target': None, 'cmake_target_skip_unavailable': False, 'install_base': '/home/dcbothra2204/arm_manip/install/ur_simulation', 'merge_install': False, 'path': '/home/dcbothra2204/arm_manip/src/ur_simulation', 'symlink_install': False, 'test_result_base': None}
[0.693s] Level 5:colcon.colcon_core.verb:set package 'ur_moveit_config' build argument 'cmake_args' from command line to 'None'
[0.693s] Level 5:colcon.colcon_core.verb:set package 'ur_moveit_config' build argument 'cmake_target' from command line to 'None'
[0.693s] Level 5:colcon.colcon_core.verb:set package 'ur_moveit_config' build argument 'cmake_target_skip_unavailable' from command line to 'False'
[0.693s] Level 5:colcon.colcon_core.verb:set package 'ur_moveit_config' build argument 'cmake_clean_cache' from command line to 'False'
[0.693s] Level 5:colcon.colcon_core.verb:set package 'ur_moveit_config' build argument 'cmake_clean_first' from command line to 'False'
[0.693s] Level 5:colcon.colcon_core.verb:set package 'ur_moveit_config' build argument 'cmake_force_configure' from command line to 'False'
[0.693s] Level 5:colcon.colcon_core.verb:set package 'ur_moveit_config' build argument 'ament_cmake_args' from command line to 'None'
[0.693s] Level 5:colcon.colcon_core.verb:set package 'ur_moveit_config' build argument 'catkin_cmake_args' from command line to 'None'
[0.693s] Level 5:colcon.colcon_core.verb:set package 'ur_moveit_config' build argument 'catkin_skip_building_tests' from command line to 'False'
[0.693s] DEBUG:colcon.colcon_core.verb:Building package 'ur_moveit_config' with the following arguments: {'ament_cmake_args': None, 'build_base': '/home/dcbothra2204/arm_manip/build/ur_moveit_config', 'catkin_cmake_args': None, 'catkin_skip_building_tests': False, 'cmake_args': None, 'cmake_clean_cache': False, 'cmake_clean_first': False, 'cmake_force_configure': False, 'cmake_target': None, 'cmake_target_skip_unavailable': False, 'install_base': '/home/dcbothra2204/arm_manip/install/ur_moveit_config', 'merge_install': False, 'path': '/home/dcbothra2204/arm_manip/src/ur_moveit_config', 'symlink_install': False, 'test_result_base': None}
[0.693s] INFO:colcon.colcon_core.executor:Executing jobs using 'parallel' executor
[0.694s] DEBUG:colcon.colcon_parallel_executor.executor.parallel:run_until_complete
[0.695s] INFO:colcon.colcon_ros.task.ament_cmake.build:Building ROS package in '/home/dcbothra2204/arm_manip/src/ur_description' with build type 'ament_cmake'
[0.695s] INFO:colcon.colcon_cmake.task.cmake.build:Building CMake package in '/home/dcbothra2204/arm_manip/src/ur_description'
[0.698s] INFO:colcon.colcon_core.plugin_system:Skipping extension 'colcon_core.shell.bat': Not used on non-Windows systems
[0.698s] INFO:colcon.colcon_core.shell:Skip shell extension 'powershell' for command environment: Not usable outside of PowerShell
[0.698s] DEBUG:colcon.colcon_core.shell:Skip shell extension 'dsv' for command environment
[0.702s] INFO:colcon.colcon_ros.task.ament_cmake.build:Building ROS package in '/home/dcbothra2204/arm_manip/src/ur_control' with build type 'ament_cmake'
[0.702s] INFO:colcon.colcon_cmake.task.cmake.build:Building CMake package in '/home/dcbothra2204/arm_manip/src/ur_control'
[0.702s] INFO:colcon.colcon_core.shell:Skip shell extension 'powershell' for command environment: Not usable outside of PowerShell
[0.702s] DEBUG:colcon.colcon_core.shell:Skip shell extension 'dsv' for command environment
[0.705s] INFO:colcon.colcon_ros.task.ament_cmake.build:Building ROS package in '/home/dcbothra2204/arm_manip/src/ur_simulation' with build type 'ament_cmake'
[0.705s] INFO:colcon.colcon_cmake.task.cmake.build:Building CMake package in '/home/dcbothra2204/arm_manip/src/ur_simulation'
[0.705s] INFO:colcon.colcon_core.shell:Skip shell extension 'powershell' for command environment: Not usable outside of PowerShell
[0.705s] DEBUG:colcon.colcon_core.shell:Skip shell extension 'dsv' for command environment
[0.711s] DEBUG:colcon.colcon_core.event_handler.log_command:Invoking command in '/home/dcbothra2204/arm_manip/build/ur_description': CMAKE_PREFIX_PATH=${CMAKE_PREFIX_PATH}:/opt/ros/humble /usr/bin/cmake --build /home/dcbothra2204/arm_manip/build/ur_description -- -j8 -l8
[0.716s] DEBUG:colcon.colcon_core.event_handler.log_command:Invoking command in '/home/dcbothra2204/arm_manip/build/ur_control': CMAKE_PREFIX_PATH=${CMAKE_PREFIX_PATH}:/opt/ros/humble /usr/bin/cmake --build /home/dcbothra2204/arm_manip/build/ur_control -- -j8 -l8
[0.719s] DEBUG:colcon.colcon_core.event_handler.log_command:Invoking command in '/home/dcbothra2204/arm_manip/build/ur_simulation': CMAKE_PREFIX_PATH=${CMAKE_PREFIX_PATH}:/opt/ros/humble /usr/bin/cmake --build /home/dcbothra2204/arm_manip/build/ur_simulation -- -j8 -l8
[0.784s] DEBUG:colcon.colcon_core.event_handler.log_command:Invoked command in '/home/dcbothra2204/arm_manip/build/ur_description' returned '0': CMAKE_PREFIX_PATH=${CMAKE_PREFIX_PATH}:/opt/ros/humble /usr/bin/cmake --build /home/dcbothra2204/arm_manip/build/ur_description -- -j8 -l8
[0.785s] DEBUG:colcon.colcon_core.event_handler.log_command:Invoked command in '/home/dcbothra2204/arm_manip/build/ur_simulation' returned '0': CMAKE_PREFIX_PATH=${CMAKE_PREFIX_PATH}:/opt/ros/humble /usr/bin/cmake --build /home/dcbothra2204/arm_manip/build/ur_simulation -- -j8 -l8
[0.786s] DEBUG:colcon.colcon_core.event_handler.log_command:Invoked command in '/home/dcbothra2204/arm_manip/build/ur_control' returned '0': CMAKE_PREFIX_PATH=${CMAKE_PREFIX_PATH}:/opt/ros/humble /usr/bin/cmake --build /home/dcbothra2204/arm_manip/build/ur_control -- -j8 -l8
[0.808s] DEBUG:colcon.colcon_core.event_handler.log_command:Invoking command in '/home/dcbothra2204/arm_manip/build/ur_description': CMAKE_PREFIX_PATH=${CMAKE_PREFIX_PATH}:/opt/ros/humble /usr/bin/cmake --install /home/dcbothra2204/arm_manip/build/ur_description
[0.809s] DEBUG:colcon.colcon_core.event_handler.log_command:Invoking command in '/home/dcbothra2204/arm_manip/build/ur_simulation': CMAKE_PREFIX_PATH=${CMAKE_PREFIX_PATH}:/opt/ros/humble /usr/bin/cmake --install /home/dcbothra2204/arm_manip/build/ur_simulation
[0.811s] DEBUG:colcon.colcon_core.event_handler.log_command:Invoking command in '/home/dcbothra2204/arm_manip/build/ur_control': CMAKE_PREFIX_PATH=${CMAKE_PREFIX_PATH}:/opt/ros/humble /usr/bin/cmake --install /home/dcbothra2204/arm_manip/build/ur_control
[0.820s] Level 1:colcon.colcon_core.environment:create_environment_scripts_only(ur_simulation)
[0.821s] DEBUG:colcon.colcon_core.event_handler.log_command:Invoked command in '/home/dcbothra2204/arm_manip/build/ur_simulation' returned '0': CMAKE_PREFIX_PATH=${CMAKE_PREFIX_PATH}:/opt/ros/humble /usr/bin/cmake --install /home/dcbothra2204/arm_manip/build/ur_simulation
[0.825s] Level 1:colcon.colcon_core.environment:checking '/home/dcbothra2204/arm_manip/install/ur_simulation' for CMake module files
[0.825s] Level 1:colcon.colcon_core.environment:checking '/home/dcbothra2204/arm_manip/install/ur_simulation' for CMake config files
[0.826s] Level 1:colcon.colcon_core.shell:create_environment_hook('ur_simulation', 'cmake_prefix_path')
[0.826s] INFO:colcon.colcon_core.shell:Creating environment hook '/home/dcbothra2204/arm_manip/install/ur_simulation/share/ur_simulation/hook/cmake_prefix_path.ps1'
[0.828s] INFO:colcon.colcon_core.shell:Creating environment descriptor '/home/dcbothra2204/arm_manip/install/ur_simulation/share/ur_simulation/hook/cmake_prefix_path.dsv'
[0.828s] INFO:colcon.colcon_core.shell:Creating environment hook '/home/dcbothra2204/arm_manip/install/ur_simulation/share/ur_simulation/hook/cmake_prefix_path.sh'
[0.829s] Level 1:colcon.colcon_core.environment:checking '/home/dcbothra2204/arm_manip/install/ur_simulation/bin'
[0.829s] Level 1:colcon.colcon_core.environment:checking '/home/dcbothra2204/arm_manip/install/ur_simulation/lib/pkgconfig/ur_simulation.pc'
[0.830s] Level 1:colcon.colcon_core.environment:checking '/home/dcbothra2204/arm_manip/install/ur_simulation/lib/python3.10/site-packages'
[0.830s] Level 1:colcon.colcon_core.environment:checking '/home/dcbothra2204/arm_manip/install/ur_simulation/bin'
[0.830s] INFO:colcon.colcon_core.shell:Creating package script '/home/dcbothra2204/arm_manip/install/ur_simulation/share/ur_simulation/package.ps1'
[0.831s] INFO:colcon.colcon_core.shell:Creating package descriptor '/home/dcbothra2204/arm_manip/install/ur_simulation/share/ur_simulation/package.dsv'
[0.832s] INFO:colcon.colcon_core.shell:Creating package script '/home/dcbothra2204/arm_manip/install/ur_simulation/share/ur_simulation/package.sh'
[0.832s] INFO:colcon.colcon_core.shell:Creating package script '/home/dcbothra2204/arm_manip/install/ur_simulation/share/ur_simulation/package.bash'
[0.833s] INFO:colcon.colcon_core.shell:Creating package script '/home/dcbothra2204/arm_manip/install/ur_simulation/share/ur_simulation/package.zsh'
[0.834s] Level 1:colcon.colcon_core.environment:create_file_with_runtime_dependencies(/home/dcbothra2204/arm_manip/install/ur_simulation/share/colcon-core/packages/ur_simulation)
[0.834s] Level 1:colcon.colcon_core.environment:create_environment_scripts_only(ur_control)
[0.835s] Level 1:colcon.colcon_core.environment:checking '/home/dcbothra2204/arm_manip/install/ur_control' for CMake module files
[0.835s] DEBUG:colcon.colcon_core.event_handler.log_command:Invoked command in '/home/dcbothra2204/arm_manip/build/ur_control' returned '0': CMAKE_PREFIX_PATH=${CMAKE_PREFIX_PATH}:/opt/ros/humble /usr/bin/cmake --install /home/dcbothra2204/arm_manip/build/ur_control
[0.835s] Level 1:colcon.colcon_core.environment:checking '/home/dcbothra2204/arm_manip/install/ur_control' for CMake config files
[0.836s] Level 1:colcon.colcon_core.shell:create_environment_hook('ur_control', 'cmake_prefix_path')
[0.836s] INFO:colcon.colcon_core.shell:Creating environment hook '/home/dcbothra2204/arm_manip/install/ur_control/share/ur_control/hook/cmake_prefix_path.ps1'
[0.836s] INFO:colcon.colcon_core.shell:Creating environment descriptor '/home/dcbothra2204/arm_manip/install/ur_control/share/ur_control/hook/cmake_prefix_path.dsv'
[0.836s] INFO:colcon.colcon_core.shell:Creating environment hook '/home/dcbothra2204/arm_manip/install/ur_control/share/ur_control/hook/cmake_prefix_path.sh'
[0.837s] Level 1:colcon.colcon_core.environment:checking '/home/dcbothra2204/arm_manip/install/ur_control/bin'
[0.837s] Level 1:colcon.colcon_core.environment:checking '/home/dcbothra2204/arm_manip/install/ur_control/lib/pkgconfig/ur_control.pc'
[0.837s] Level 1:colcon.colcon_core.environment:checking '/home/dcbothra2204/arm_manip/install/ur_control/lib/python3.10/site-packages'
[0.837s] Level 1:colcon.colcon_core.environment:checking '/home/dcbothra2204/arm_manip/install/ur_control/bin'
[0.837s] INFO:colcon.colcon_core.shell:Creating package script '/home/dcbothra2204/arm_manip/install/ur_control/share/ur_control/package.ps1'
[0.837s] INFO:colcon.colcon_core.shell:Creating package descriptor '/home/dcbothra2204/arm_manip/install/ur_control/share/ur_control/package.dsv'
[0.838s] INFO:colcon.colcon_core.shell:Creating package script '/home/dcbothra2204/arm_manip/install/ur_control/share/ur_control/package.sh'
[0.838s] INFO:colcon.colcon_core.shell:Creating package script '/home/dcbothra2204/arm_manip/install/ur_control/share/ur_control/package.bash'
[0.838s] INFO:colcon.colcon_core.shell:Creating package script '/home/dcbothra2204/arm_manip/install/ur_control/share/ur_control/package.zsh'
[0.838s] Level 1:colcon.colcon_core.environment:create_file_with_runtime_dependencies(/home/dcbothra2204/arm_manip/install/ur_control/share/colcon-core/packages/ur_control)
[0.839s] Level 1:colcon.colcon_core.environment:create_environment_scripts_only(ur_description)
[0.840s] Level 1:colcon.colcon_core.environment:checking '/home/dcbothra2204/arm_manip/install/ur_description' for CMake module files
[0.840s] DEBUG:colcon.colcon_core.event_handler.log_command:Invoked command in '/home/dcbothra2204/arm_manip/build/ur_description' returned '0': CMAKE_PREFIX_PATH=${CMAKE_PREFIX_PATH}:/opt/ros/humble /usr/bin/cmake --install /home/dcbothra2204/arm_manip/build/ur_description
[0.840s] Level 1:colcon.colcon_core.environment:checking '/home/dcbothra2204/arm_manip/install/ur_description' for CMake config files
[0.841s] Level 1:colcon.colcon_core.shell:create_environment_hook('ur_description', 'cmake_prefix_path')
[0.841s] INFO:colcon.colcon_core.shell:Creating environment hook '/home/dcbothra2204/arm_manip/install/ur_description/share/ur_description/hook/cmake_prefix_path.ps1'
[0.841s] INFO:colcon.colcon_core.shell:Creating environment descriptor '/home/dcbothra2204/arm_manip/install/ur_description/share/ur_description/hook/cmake_prefix_path.dsv'
[0.841s] INFO:colcon.colcon_core.shell:Creating environment hook '/home/dcbothra2204/arm_manip/install/ur_description/share/ur_description/hook/cmake_prefix_path.sh'
[0.842s] Level 1:colcon.colcon_core.environment:checking '/home/dcbothra2204/arm_manip/install/ur_description/bin'
[0.842s] Level 1:colcon.colcon_core.environment:checking '/home/dcbothra2204/arm_manip/install/ur_description/lib/pkgconfig/ur_description.pc'
[0.842s] Level 1:colcon.colcon_core.environment:checking '/home/dcbothra2204/arm_manip/install/ur_description/lib/python3.10/site-packages'
[0.842s] Level 1:colcon.colcon_core.environment:checking '/home/dcbothra2204/arm_manip/install/ur_description/bin'
[0.842s] INFO:colcon.colcon_core.shell:Creating package script '/home/dcbothra2204/arm_manip/install/ur_description/share/ur_description/package.ps1'
[0.843s] INFO:colcon.colcon_core.shell:Creating package descriptor '/home/dcbothra2204/arm_manip/install/ur_description/share/ur_description/package.dsv'
[0.843s] INFO:colcon.colcon_core.shell:Creating package script '/home/dcbothra2204/arm_manip/install/ur_description/share/ur_description/package.sh'
[0.843s] INFO:colcon.colcon_core.shell:Creating package script '/home/dcbothra2204/arm_manip/install/ur_description/share/ur_description/package.bash'
[0.843s] INFO:colcon.colcon_core.shell:Creating package script '/home/dcbothra2204/arm_manip/install/ur_description/share/ur_description/package.zsh'
[0.844s] Level 1:colcon.colcon_core.environment:create_file_with_runtime_dependencies(/home/dcbothra2204/arm_manip/install/ur_description/share/colcon-core/packages/ur_description)
[0.850s] Level 1:colcon.colcon_core.environment:create_environment_scripts_only(ur_simulation)
[0.850s] Level 1:colcon.colcon_core.environment:checking '/home/dcbothra2204/arm_manip/install/ur_simulation' for CMake module files
[0.851s] Level 1:colcon.colcon_core.environment:checking '/home/dcbothra2204/arm_manip/install/ur_simulation' for CMake config files
[0.851s] Level 1:colcon.colcon_core.shell:create_environment_hook('ur_simulation', 'cmake_prefix_path')
[0.851s] INFO:colcon.colcon_core.shell:Creating environment hook '/home/dcbothra2204/arm_manip/install/ur_simulation/share/ur_simulation/hook/cmake_prefix_path.ps1'
[0.851s] INFO:colcon.colcon_core.shell:Creating environment descriptor '/home/dcbothra2204/arm_manip/install/ur_simulation/share/ur_simulation/hook/cmake_prefix_path.dsv'
[0.852s] INFO:colcon.colcon_core.shell:Creating environment hook '/home/dcbothra2204/arm_manip/install/ur_simulation/share/ur_simulation/hook/cmake_prefix_path.sh'
[0.852s] Level 1:colcon.colcon_core.environment:checking '/home/dcbothra2204/arm_manip/install/ur_simulation/bin'
[0.852s] Level 1:colcon.colcon_core.environment:checking '/home/dcbothra2204/arm_manip/install/ur_simulation/lib/pkgconfig/ur_simulation.pc'
[0.852s] Level 1:colcon.colcon_core.environment:checking '/home/dcbothra2204/arm_manip/install/ur_simulation/lib/python3.10/site-packages'
[0.852s] Level 1:colcon.colcon_core.environment:checking '/home/dcbothra2204/arm_manip/install/ur_simulation/bin'
[0.853s] INFO:colcon.colcon_core.shell:Creating package script '/home/dcbothra2204/arm_manip/install/ur_simulation/share/ur_simulation/package.ps1'
[0.853s] INFO:colcon.colcon_core.shell:Creating package descriptor '/home/dcbothra2204/arm_manip/install/ur_simulation/share/ur_simulation/package.dsv'
[0.853s] INFO:colcon.colcon_core.shell:Creating package script '/home/dcbothra2204/arm_manip/install/ur_simulation/share/ur_simulation/package.sh'
[0.853s] INFO:colcon.colcon_core.shell:Creating package script '/home/dcbothra2204/arm_manip/install/ur_simulation/share/ur_simulation/package.bash'
[0.854s] INFO:colcon.colcon_core.shell:Creating package script '/home/dcbothra2204/arm_manip/install/ur_simulation/share/ur_simulation/package.zsh'
[0.854s] Level 1:colcon.colcon_core.environment:create_file_with_runtime_dependencies(/home/dcbothra2204/arm_manip/install/ur_simulation/share/colcon-core/packages/ur_simulation)
[0.855s] Level 1:colcon.colcon_core.environment:create_environment_scripts_only(ur_control)
[0.855s] Level 1:colcon.colcon_core.environment:checking '/home/dcbothra2204/arm_manip/install/ur_control' for CMake module files
[0.855s] Level 1:colcon.colcon_core.environment:checking '/home/dcbothra2204/arm_manip/install/ur_control' for CMake config files
[0.856s] Level 1:colcon.colcon_core.shell:create_environment_hook('ur_control', 'cmake_prefix_path')
[0.856s] INFO:colcon.colcon_core.shell:Creating environment hook '/home/dcbothra2204/arm_manip/install/ur_control/share/ur_control/hook/cmake_prefix_path.ps1'
[0.856s] INFO:colcon.colcon_core.shell:Creating environment descriptor '/home/dcbothra2204/arm_manip/install/ur_control/share/ur_control/hook/cmake_prefix_path.dsv'
[0.856s] INFO:colcon.colcon_core.shell:Creating environment hook '/home/dcbothra2204/arm_manip/install/ur_control/share/ur_control/hook/cmake_prefix_path.sh'
[0.857s] Level 1:colcon.colcon_core.environment:checking '/home/dcbothra2204/arm_manip/install/ur_control/bin'
[0.857s] Level 1:colcon.colcon_core.environment:checking '/home/dcbothra2204/arm_manip/install/ur_control/lib/pkgconfig/ur_control.pc'
[0.857s] Level 1:colcon.colcon_core.environment:checking '/home/dcbothra2204/arm_manip/install/ur_control/lib/python3.10/site-packages'
[0.857s] Level 1:colcon.colcon_core.environment:checking '/home/dcbothra2204/arm_manip/install/ur_control/bin'
[0.857s] INFO:colcon.colcon_core.shell:Creating package script '/home/dcbothra2204/arm_manip/install/ur_control/share/ur_control/package.ps1'
[0.858s] INFO:colcon.colcon_core.shell:Creating package descriptor '/home/dcbothra2204/arm_manip/install/ur_control/share/ur_control/package.dsv'
[0.858s] INFO:colcon.colcon_core.shell:Creating package script '/home/dcbothra2204/arm_manip/install/ur_control/share/ur_control/package.sh'
[0.858s] INFO:colcon.colcon_core.shell:Creating package script '/home/dcbothra2204/arm_manip/install/ur_control/share/ur_control/package.bash'
[0.858s] INFO:colcon.colcon_core.shell:Creating package script '/home/dcbothra2204/arm_manip/install/ur_control/share/ur_control/package.zsh'
[0.859s] Level 1:colcon.colcon_core.environment:create_file_with_runtime_dependencies(/home/dcbothra2204/arm_manip/install/ur_control/share/colcon-core/packages/ur_control)
[0.860s] Level 1:colcon.colcon_core.environment:create_environment_scripts_only(ur_description)
[0.860s] Level 1:colcon.colcon_core.environment:checking '/home/dcbothra2204/arm_manip/install/ur_description' for CMake module files
[0.860s] Level 1:colcon.colcon_core.environment:checking '/home/dcbothra2204/arm_manip/install/ur_description' for CMake config files
[0.860s] Level 1:colcon.colcon_core.shell:create_environment_hook('ur_description', 'cmake_prefix_path')
[0.861s] INFO:colcon.colcon_core.shell:Creating environment hook '/home/dcbothra2204/arm_manip/install/ur_description/share/ur_description/hook/cmake_prefix_path.ps1'
[0.861s] INFO:colcon.colcon_core.shell:Creating environment descriptor '/home/dcbothra2204/arm_manip/install/ur_description/share/ur_description/hook/cmake_prefix_path.dsv'
[0.861s] INFO:colcon.colcon_core.shell:Creating environment hook '/home/dcbothra2204/arm_manip/install/ur_description/share/ur_description/hook/cmake_prefix_path.sh'
[0.861s] Level 1:colcon.colcon_core.environment:checking '/home/dcbothra2204/arm_manip/install/ur_description/bin'
[0.861s] Level 1:colcon.colcon_core.environment:checking '/home/dcbothra2204/arm_manip/install/ur_description/lib/pkgconfig/ur_description.pc'
[0.862s] Level 1:colcon.colcon_core.environment:checking '/home/dcbothra2204/arm_manip/install/ur_description/lib/python3.10/site-packages'
[0.862s] Level 1:colcon.colcon_core.environment:checking '/home/dcbothra2204/arm_manip/install/ur_description/bin'
[0.862s] INFO:colcon.colcon_core.shell:Creating package script '/home/dcbothra2204/arm_manip/install/ur_description/share/ur_description/package.ps1'
[0.862s] INFO:colcon.colcon_core.shell:Creating package descriptor '/home/dcbothra2204/arm_manip/install/ur_description/share/ur_description/package.dsv'
[0.862s] INFO:colcon.colcon_core.shell:Creating package script '/home/dcbothra2204/arm_manip/install/ur_description/share/ur_description/package.sh'
[0.863s] INFO:colcon.colcon_core.shell:Creating package script '/home/dcbothra2204/arm_manip/install/ur_description/share/ur_description/package.bash'
[0.863s] INFO:colcon.colcon_core.shell:Creating package script '/home/dcbothra2204/arm_manip/install/ur_description/share/ur_description/package.zsh'
[0.863s] Level 1:colcon.colcon_core.environment:create_file_with_runtime_dependencies(/home/dcbothra2204/arm_manip/install/ur_description/share/colcon-core/packages/ur_description)
[0.863s] INFO:colcon.colcon_ros.task.ament_cmake.build:Building ROS package in '/home/dcbothra2204/arm_manip/src/ur_moveit_config' with build type 'ament_cmake'
[0.863s] INFO:colcon.colcon_cmake.task.cmake.build:Building CMake package in '/home/dcbothra2204/arm_manip/src/ur_moveit_config'
[0.863s] INFO:colcon.colcon_core.shell:Skip shell extension 'powershell' for command environment: Not usable outside of PowerShell
[0.864s] DEBUG:colcon.colcon_core.shell:Skip shell extension 'dsv' for command environment
[0.872s] DEBUG:colcon.colcon_core.event_handler.log_command:Invoking command in '/home/dcbothra2204/arm_manip/build/ur_moveit_config': CMAKE_PREFIX_PATH=/home/dcbothra2204/arm_manip/install/ur_description:/home/dcbothra2204/arm_manip/install/ur_moveit_config:/home/dcbothra2204/arm_manip/install/ur_control:/home/dcbothra2204/arm_manip/install/trac_ik:/home/dcbothra2204/arm_manip/install/trac_ik_examples:/home/dcbothra2204/arm_manip/install/trac_ik_lib:/home/dcbothra2204/arm_manip/install/ur_simulation:/opt/ros/humble /usr/bin/cmake --build /home/dcbothra2204/arm_manip/build/ur_moveit_config -- -j8 -l8
[0.905s] DEBUG:colcon.colcon_core.event_handler.log_command:Invoked command in '/home/dcbothra2204/arm_manip/build/ur_moveit_config' returned '0': CMAKE_PREFIX_PATH=/home/dcbothra2204/arm_manip/install/ur_description:/home/dcbothra2204/arm_manip/install/ur_moveit_config:/home/dcbothra2204/arm_manip/install/ur_control:/home/dcbothra2204/arm_manip/install/trac_ik:/home/dcbothra2204/arm_manip/install/trac_ik_examples:/home/dcbothra2204/arm_manip/install/trac_ik_lib:/home/dcbothra2204/arm_manip/install/ur_simulation:/opt/ros/humble /usr/bin/cmake --build /home/dcbothra2204/arm_manip/build/ur_moveit_config -- -j8 -l8
[0.922s] DEBUG:colcon.colcon_core.event_handler.log_command:Invoking command in '/home/dcbothra2204/arm_manip/build/ur_moveit_config': CMAKE_PREFIX_PATH=/home/dcbothra2204/arm_manip/install/ur_description:/home/dcbothra2204/arm_manip/install/ur_moveit_config:/home/dcbothra2204/arm_manip/install/ur_control:/home/dcbothra2204/arm_manip/install/trac_ik:/home/dcbothra2204/arm_manip/install/trac_ik_examples:/home/dcbothra2204/arm_manip/install/trac_ik_lib:/home/dcbothra2204/arm_manip/install/ur_simulation:/opt/ros/humble /usr/bin/cmake --install /home/dcbothra2204/arm_manip/build/ur_moveit_config
[0.932s] Level 1:colcon.colcon_core.environment:create_environment_scripts_only(ur_moveit_config)
[0.932s] Level 1:colcon.colcon_core.environment:checking '/home/dcbothra2204/arm_manip/install/ur_moveit_config' for CMake module files
[0.932s] DEBUG:colcon.colcon_core.event_handler.log_command:Invoked command in '/home/dcbothra2204/arm_manip/build/ur_moveit_config' returned '0': CMAKE_PREFIX_PATH=/home/dcbothra2204/arm_manip/install/ur_description:/home/dcbothra2204/arm_manip/install/ur_moveit_config:/home/dcbothra2204/arm_manip/install/ur_control:/home/dcbothra2204/arm_manip/install/trac_ik:/home/dcbothra2204/arm_manip/install/trac_ik_examples:/home/dcbothra2204/arm_manip/install/trac_ik_lib:/home/dcbothra2204/arm_manip/install/ur_simulation:/opt/ros/humble /usr/bin/cmake --install /home/dcbothra2204/arm_manip/build/ur_moveit_config
[0.932s] Level 1:colcon.colcon_core.environment:checking '/home/dcbothra2204/arm_manip/install/ur_moveit_config' for CMake config files
[0.933s] Level 1:colcon.colcon_core.shell:create_environment_hook('ur_moveit_config', 'cmake_prefix_path')
[0.933s] INFO:colcon.colcon_core.shell:Creating environment hook '/home/dcbothra2204/arm_manip/install/ur_moveit_config/share/ur_moveit_config/hook/cmake_prefix_path.ps1'
[0.933s] INFO:colcon.colcon_core.shell:Creating environment descriptor '/home/dcbothra2204/arm_manip/install/ur_moveit_config/share/ur_moveit_config/hook/cmake_prefix_path.dsv'
[0.934s] INFO:colcon.colcon_core.shell:Creating environment hook '/home/dcbothra2204/arm_manip/install/ur_moveit_config/share/ur_moveit_config/hook/cmake_prefix_path.sh'
[0.934s] Level 1:colcon.colcon_core.environment:checking '/home/dcbothra2204/arm_manip/install/ur_moveit_config/bin'
[0.934s] Level 1:colcon.colcon_core.environment:checking '/home/dcbothra2204/arm_manip/install/ur_moveit_config/lib/pkgconfig/ur_moveit_config.pc'
[0.934s] Level 1:colcon.colcon_core.environment:checking '/home/dcbothra2204/arm_manip/install/ur_moveit_config/lib/python3.10/site-packages'
[0.934s] Level 1:colcon.colcon_core.environment:checking '/home/dcbothra2204/arm_manip/install/ur_moveit_config/bin'
[0.934s] INFO:colcon.colcon_core.shell:Creating package script '/home/dcbothra2204/arm_manip/install/ur_moveit_config/share/ur_moveit_config/package.ps1'
[0.935s] INFO:colcon.colcon_core.shell:Creating package descriptor '/home/dcbothra2204/arm_manip/install/ur_moveit_config/share/ur_moveit_config/package.dsv'
[0.935s] INFO:colcon.colcon_core.shell:Creating package script '/home/dcbothra2204/arm_manip/install/ur_moveit_config/share/ur_moveit_config/package.sh'
[0.935s] INFO:colcon.colcon_core.shell:Creating package script '/home/dcbothra2204/arm_manip/install/ur_moveit_config/share/ur_moveit_config/package.bash'
[0.935s] INFO:colcon.colcon_core.shell:Creating package script '/home/dcbothra2204/arm_manip/install/ur_moveit_config/share/ur_moveit_config/package.zsh'
[0.935s] Level 1:colcon.colcon_core.environment:create_file_with_runtime_dependencies(/home/dcbothra2204/arm_manip/install/ur_moveit_config/share/colcon-core/packages/ur_moveit_config)
[0.951s] Level 1:colcon.colcon_core.environment:create_environment_scripts_only(ur_moveit_config)
[0.951s] Level 1:colcon.colcon_core.environment:checking '/home/dcbothra2204/arm_manip/install/ur_moveit_config' for CMake module files
[0.952s] Level 1:colcon.colcon_core.environment:checking '/home/dcbothra2204/arm_manip/install/ur_moveit_config' for CMake config files
[0.952s] Level 1:colcon.colcon_core.shell:create_environment_hook('ur_moveit_config', 'cmake_prefix_path')
[0.952s] INFO:colcon.colcon_core.shell:Creating environment hook '/home/dcbothra2204/arm_manip/install/ur_moveit_config/share/ur_moveit_config/hook/cmake_prefix_path.ps1'
[0.952s] INFO:colcon.colcon_core.shell:Creating environment descriptor '/home/dcbothra2204/arm_manip/install/ur_moveit_config/share/ur_moveit_config/hook/cmake_prefix_path.dsv'
[0.952s] INFO:colcon.colcon_core.shell:Creating environment hook '/home/dcbothra2204/arm_manip/install/ur_moveit_config/share/ur_moveit_config/hook/cmake_prefix_path.sh'
[0.953s] Level 1:colcon.colcon_core.environment:checking '/home/dcbothra2204/arm_manip/install/ur_moveit_config/bin'
[0.953s] Level 1:colcon.colcon_core.environment:checking '/home/dcbothra2204/arm_manip/install/ur_moveit_config/lib/pkgconfig/ur_moveit_config.pc'
[0.953s] Level 1:colcon.colcon_core.environment:checking '/home/dcbothra2204/arm_manip/install/ur_moveit_config/lib/python3.10/site-packages'
[0.953s] Level 1:colcon.colcon_core.environment:checking '/home/dcbothra2204/arm_manip/install/ur_moveit_config/bin'
[0.953s] INFO:colcon.colcon_core.shell:Creating package script '/home/dcbothra2204/arm_manip/install/ur_moveit_config/share/ur_moveit_config/package.ps1'
[0.954s] INFO:colcon.colcon_core.shell:Creating package descriptor '/home/dcbothra2204/arm_manip/install/ur_moveit_config/share/ur_moveit_config/package.dsv'
[0.954s] INFO:colcon.colcon_core.shell:Creating package script '/home/dcbothra2204/arm_manip/install/ur_moveit_config/share/ur_moveit_config/package.sh'
[0.954s] INFO:colcon.colcon_core.shell:Creating package script '/home/dcbothra2204/arm_manip/install/ur_moveit_config/share/ur_moveit_config/package.bash'
[0.954s] INFO:colcon.colcon_core.shell:Creating package script '/home/dcbothra2204/arm_manip/install/ur_moveit_config/share/ur_moveit_config/package.zsh'
[0.955s] Level 1:colcon.colcon_core.environment:create_file_with_runtime_dependencies(/home/dcbothra2204/arm_manip/install/ur_moveit_config/share/colcon-core/packages/ur_moveit_config)
[0.955s] DEBUG:colcon.colcon_parallel_executor.executor.parallel:closing loop
[0.955s] DEBUG:colcon.colcon_parallel_executor.executor.parallel:loop closed
[0.955s] DEBUG:colcon.colcon_parallel_executor.executor.parallel:run_until_complete finished with '0'
[0.955s] DEBUG:colcon.colcon_core.event_reactor:joining thread
[0.964s] INFO:colcon.colcon_core.plugin_system:Skipping extension 'colcon_notification.desktop_notification.terminal_notifier': Not used on non-Darwin systems
[0.964s] INFO:colcon.colcon_core.plugin_system:Skipping extension 'colcon_notification.desktop_notification.win32': Not used on non-Windows systems
[0.964s] INFO:colcon.colcon_notification.desktop_notification:Sending desktop notification using 'notify2'
[1.041s] DEBUG:colcon.colcon_core.event_reactor:joined thread
[1.042s] INFO:colcon.colcon_core.shell:Creating prefix script '/home/dcbothra2204/arm_manip/install/local_setup.ps1'
[1.043s] INFO:colcon.colcon_core.shell:Creating prefix util module '/home/dcbothra2204/arm_manip/install/_local_setup_util_ps1.py'
[1.045s] INFO:colcon.colcon_core.shell:Creating prefix chain script '/home/dcbothra2204/arm_manip/install/setup.ps1'
[1.046s] INFO:colcon.colcon_core.shell:Creating prefix script '/home/dcbothra2204/arm_manip/install/local_setup.sh'
[1.047s] INFO:colcon.colcon_core.shell:Creating prefix util module '/home/dcbothra2204/arm_manip/install/_local_setup_util_sh.py'
[1.047s] INFO:colcon.colcon_core.shell:Creating prefix chain script '/home/dcbothra2204/arm_manip/install/setup.sh'
[1.048s] INFO:colcon.colcon_core.shell:Creating prefix script '/home/dcbothra2204/arm_manip/install/local_setup.bash'
[1.049s] INFO:colcon.colcon_core.shell:Creating prefix chain script '/home/dcbothra2204/arm_manip/install/setup.bash'
[1.050s] INFO:colcon.colcon_core.shell:Creating prefix script '/home/dcbothra2204/arm_manip/install/local_setup.zsh'
[1.050s] INFO:colcon.colcon_core.shell:Creating prefix chain script '/home/dcbothra2204/arm_manip/install/setup.zsh'
