[0.008s] Invoking command in '/home/dcbothra2204/arm_manip/build/trac_ik': AMENT_PREFIX_PATH=/home/dcbothra2204/arm_manip/install/trac_ik_examples:/home/dcbothra2204/arm_manip/install/trac_ik_lib:${AMENT_PREFIX_PATH} CMAKE_PREFIX_PATH=/home/dcbothra2204/arm_manip/install/trac_ik_examples:/home/dcbothra2204/arm_manip/install/trac_ik_lib:/home/dcbothra2204/arm_manip/install/ur_simulation:/home/dcbothra2204/arm_manip/install/ur_description:/opt/ros/humble LD_LIBRARY_PATH=/home/dcbothra2204/arm_manip/install/trac_ik_lib/lib:${LD_LIBRARY_PATH} /usr/bin/cmake /home/dcbothra2204/arm_manip/src/trac_ik/trac_ik -DAMENT_CMAKE_SYMLINK_INSTALL=1 -DCMAKE_INSTALL_PREFIX=/home/dcbothra2204/arm_manip/install/trac_ik
[0.051s] -- The C compiler identification is GNU 11.4.0
[0.097s] -- The CXX compiler identification is GNU 11.4.0
[0.102s] -- Detecting C compiler ABI info
[0.155s] -- Detecting C compiler ABI info - done
[0.160s] -- Check for working C compiler: /usr/bin/cc - skipped
[0.160s] -- Detecting C compile features
[0.160s] -- Detecting C compile features - done
[0.163s] -- Detecting CXX compiler ABI info
[0.227s] -- Detecting CXX compiler ABI info - done
[0.232s] -- Check for working CXX compiler: /usr/bin/c++ - skipped
[0.233s] -- Detecting CXX compile features
[0.233s] -- Detecting CXX compile features - done
[0.236s] -- Found ament_cmake: 1.3.10 (/opt/ros/humble/share/ament_cmake/cmake)
[0.343s] -- Found Python3: /usr/bin/python3 (found version "3.10.12") found components: Interpreter 
[0.387s] -- Override CMake install command with custom implementation using symlinks instead of copying resources
[0.449s] -- Configuring done
[0.450s] -- Generating done
[0.450s] -- Build files have been written to: /home/dcbothra2204/arm_manip/build/trac_ik
[0.454s] Invoked command in '/home/dcbothra2204/arm_manip/build/trac_ik' returned '0': AMENT_PREFIX_PATH=/home/dcbothra2204/arm_manip/install/trac_ik_examples:/home/dcbothra2204/arm_manip/install/trac_ik_lib:${AMENT_PREFIX_PATH} CMAKE_PREFIX_PATH=/home/dcbothra2204/arm_manip/install/trac_ik_examples:/home/dcbothra2204/arm_manip/install/trac_ik_lib:/home/dcbothra2204/arm_manip/install/ur_simulation:/home/dcbothra2204/arm_manip/install/ur_description:/opt/ros/humble LD_LIBRARY_PATH=/home/dcbothra2204/arm_manip/install/trac_ik_lib/lib:${LD_LIBRARY_PATH} /usr/bin/cmake /home/dcbothra2204/arm_manip/src/trac_ik/trac_ik -DAMENT_CMAKE_SYMLINK_INSTALL=1 -DCMAKE_INSTALL_PREFIX=/home/dcbothra2204/arm_manip/install/trac_ik
[0.455s] Invoking command in '/home/dcbothra2204/arm_manip/build/trac_ik': AMENT_PREFIX_PATH=/home/dcbothra2204/arm_manip/install/trac_ik_examples:/home/dcbothra2204/arm_manip/install/trac_ik_lib:${AMENT_PREFIX_PATH} CMAKE_PREFIX_PATH=/home/dcbothra2204/arm_manip/install/trac_ik_examples:/home/dcbothra2204/arm_manip/install/trac_ik_lib:/home/dcbothra2204/arm_manip/install/ur_simulation:/home/dcbothra2204/arm_manip/install/ur_description:/opt/ros/humble LD_LIBRARY_PATH=/home/dcbothra2204/arm_manip/install/trac_ik_lib/lib:${LD_LIBRARY_PATH} /usr/bin/cmake --build /home/dcbothra2204/arm_manip/build/trac_ik -- -j8 -l8
[0.484s] Invoked command in '/home/dcbothra2204/arm_manip/build/trac_ik' returned '0': AMENT_PREFIX_PATH=/home/dcbothra2204/arm_manip/install/trac_ik_examples:/home/dcbothra2204/arm_manip/install/trac_ik_lib:${AMENT_PREFIX_PATH} CMAKE_PREFIX_PATH=/home/dcbothra2204/arm_manip/install/trac_ik_examples:/home/dcbothra2204/arm_manip/install/trac_ik_lib:/home/dcbothra2204/arm_manip/install/ur_simulation:/home/dcbothra2204/arm_manip/install/ur_description:/opt/ros/humble LD_LIBRARY_PATH=/home/dcbothra2204/arm_manip/install/trac_ik_lib/lib:${LD_LIBRARY_PATH} /usr/bin/cmake --build /home/dcbothra2204/arm_manip/build/trac_ik -- -j8 -l8
[0.505s] Invoking command in '/home/dcbothra2204/arm_manip/build/trac_ik': AMENT_PREFIX_PATH=/home/dcbothra2204/arm_manip/install/trac_ik_examples:/home/dcbothra2204/arm_manip/install/trac_ik_lib:${AMENT_PREFIX_PATH} CMAKE_PREFIX_PATH=/home/dcbothra2204/arm_manip/install/trac_ik_examples:/home/dcbothra2204/arm_manip/install/trac_ik_lib:/home/dcbothra2204/arm_manip/install/ur_simulation:/home/dcbothra2204/arm_manip/install/ur_description:/opt/ros/humble LD_LIBRARY_PATH=/home/dcbothra2204/arm_manip/install/trac_ik_lib/lib:${LD_LIBRARY_PATH} /usr/bin/cmake --install /home/dcbothra2204/arm_manip/build/trac_ik
[0.513s] -- Install configuration: ""
[0.513s] -- Execute custom install script
[0.513s] -- Symlinking: /home/dcbothra2204/arm_manip/install/trac_ik/share/ament_index/resource_index/package_run_dependencies/trac_ik
[0.521s] -- Symlinking: /home/dcbothra2204/arm_manip/install/trac_ik/share/ament_index/resource_index/parent_prefix_path/trac_ik
[0.529s] -- Symlinking: /home/dcbothra2204/arm_manip/install/trac_ik/share/trac_ik/environment/ament_prefix_path.sh
[0.536s] -- Symlinking: /home/dcbothra2204/arm_manip/install/trac_ik/share/trac_ik/environment/ament_prefix_path.dsv
[0.543s] -- Symlinking: /home/dcbothra2204/arm_manip/install/trac_ik/share/trac_ik/environment/path.sh
[0.550s] -- Symlinking: /home/dcbothra2204/arm_manip/install/trac_ik/share/trac_ik/environment/path.dsv
[0.556s] -- Symlinking: /home/dcbothra2204/arm_manip/install/trac_ik/share/trac_ik/local_setup.bash
[0.563s] -- Symlinking: /home/dcbothra2204/arm_manip/install/trac_ik/share/trac_ik/local_setup.sh
[0.569s] -- Symlinking: /home/dcbothra2204/arm_manip/install/trac_ik/share/trac_ik/local_setup.zsh
[0.575s] -- Symlinking: /home/dcbothra2204/arm_manip/install/trac_ik/share/trac_ik/local_setup.dsv
[0.581s] -- Symlinking: /home/dcbothra2204/arm_manip/install/trac_ik/share/trac_ik/package.dsv
[0.588s] -- Symlinking: /home/dcbothra2204/arm_manip/install/trac_ik/share/ament_index/resource_index/packages/trac_ik
[0.594s] -- Symlinking: /home/dcbothra2204/arm_manip/install/trac_ik/share/trac_ik/cmake/trac_ikConfig.cmake
[0.600s] -- Symlinking: /home/dcbothra2204/arm_manip/install/trac_ik/share/trac_ik/cmake/trac_ikConfig-version.cmake
[0.606s] -- Symlinking: /home/dcbothra2204/arm_manip/install/trac_ik/share/trac_ik/package.xml
[0.614s] Invoked command in '/home/dcbothra2204/arm_manip/build/trac_ik' returned '0': AMENT_PREFIX_PATH=/home/dcbothra2204/arm_manip/install/trac_ik_examples:/home/dcbothra2204/arm_manip/install/trac_ik_lib:${AMENT_PREFIX_PATH} CMAKE_PREFIX_PATH=/home/dcbothra2204/arm_manip/install/trac_ik_examples:/home/dcbothra2204/arm_manip/install/trac_ik_lib:/home/dcbothra2204/arm_manip/install/ur_simulation:/home/dcbothra2204/arm_manip/install/ur_description:/opt/ros/humble LD_LIBRARY_PATH=/home/dcbothra2204/arm_manip/install/trac_ik_lib/lib:${LD_LIBRARY_PATH} /usr/bin/cmake --install /home/dcbothra2204/arm_manip/build/trac_ik
