[0.072s] DEBUG:colcon:Command line arguments: ['/usr/bin/colcon', 'build']
[0.072s] DEBUG:colcon:Parsed command line arguments: Namespace(log_base=None, log_level=None, verb_name='build', build_base='build', install_base='install', merge_install=False, symlink_install=False, test_result_base=None, continue_on_error=False, executor='parallel', parallel_workers=8, event_handlers=None, ignore_user_meta=False, metas=['./colcon.meta'], base_paths=['.'], packages_ignore=None, packages_ignore_regex=None, paths=None, packages_up_to=None, packages_up_to_regex=None, packages_above=None, packages_above_and_dependencies=None, packages_above_depth=None, packages_select_by_dep=None, packages_skip_by_dep=None, packages_skip_up_to=None, packages_select_build_failed=False, packages_skip_build_finished=False, packages_select_test_failures=False, packages_skip_test_passed=False, packages_select=None, packages_skip=None, packages_select_regex=None, packages_skip_regex=None, packages_start=None, packages_end=None, allow_overriding=[], cmake_args=None, cmake_target=None, cmake_target_skip_unavailable=False, cmake_clean_cache=False, cmake_clean_first=False, cmake_force_configure=False, ament_cmake_args=None, catkin_cmake_args=None, catkin_skip_building_tests=False, mixin_files=None, mixin=None, verb_parser=<colcon_mixin.mixin.mixin_argument.MixinArgumentDecorator object at 0x7282543d1720>, verb_extension=<colcon_core.verb.build.BuildVerb object at 0x7282543d1150>, main=<bound method BuildVerb.main of <colcon_core.verb.build.BuildVerb object at 0x7282543d1150>>, mixin_verb=('build',))
[0.183s] Level 1:colcon.colcon_core.package_discovery:discover_packages(colcon_meta) check parameters
[0.184s] Level 1:colcon.colcon_core.package_discovery:discover_packages(recursive) check parameters
[0.184s] Level 1:colcon.colcon_core.package_discovery:discover_packages(ignore) check parameters
[0.184s] Level 1:colcon.colcon_core.package_discovery:discover_packages(path) check parameters
[0.184s] Level 1:colcon.colcon_core.package_discovery:discover_packages(colcon_meta) discover
[0.184s] Level 1:colcon.colcon_core.package_discovery:discover_packages(recursive) discover
[0.184s] INFO:colcon.colcon_core.package_discovery:Crawling recursively for packages in '/home/dcbothra2204/arm_manip'
[0.184s] Level 1:colcon.colcon_core.package_identification:_identify(.) by extensions ['ignore', 'ignore_ament_install']
[0.184s] Level 1:colcon.colcon_core.package_identification:_identify(.) by extension 'ignore'
[0.184s] Level 1:colcon.colcon_core.package_identification:_identify(.) by extension 'ignore_ament_install'
[0.184s] Level 1:colcon.colcon_core.package_identification:_identify(.) by extensions ['colcon_pkg']
[0.184s] Level 1:colcon.colcon_core.package_identification:_identify(.) by extension 'colcon_pkg'
[0.184s] Level 1:colcon.colcon_core.package_identification:_identify(.) by extensions ['colcon_meta']
[0.184s] Level 1:colcon.colcon_core.package_identification:_identify(.) by extension 'colcon_meta'
[0.184s] Level 1:colcon.colcon_core.package_identification:_identify(.) by extensions ['ros']
[0.184s] Level 1:colcon.colcon_core.package_identification:_identify(.) by extension 'ros'
[0.191s] Level 1:colcon.colcon_core.package_identification:_identify(.) by extensions ['cmake', 'python']
[0.191s] Level 1:colcon.colcon_core.package_identification:_identify(.) by extension 'cmake'
[0.192s] Level 1:colcon.colcon_core.package_identification:_identify(.) by extension 'python'
[0.192s] Level 1:colcon.colcon_core.package_identification:_identify(.) by extensions ['python_setup_py']
[0.192s] Level 1:colcon.colcon_core.package_identification:_identify(.) by extension 'python_setup_py'
[0.192s] Level 1:colcon.colcon_core.package_identification:_identify(build) by extensions ['ignore', 'ignore_ament_install']
[0.192s] Level 1:colcon.colcon_core.package_identification:_identify(build) by extension 'ignore'
[0.192s] Level 1:colcon.colcon_core.package_identification:_identify(build) ignored
[0.192s] Level 1:colcon.colcon_core.package_identification:_identify(install) by extensions ['ignore', 'ignore_ament_install']
[0.192s] Level 1:colcon.colcon_core.package_identification:_identify(install) by extension 'ignore'
[0.192s] Level 1:colcon.colcon_core.package_identification:_identify(install) ignored
[0.192s] Level 1:colcon.colcon_core.package_identification:_identify(log) by extensions ['ignore', 'ignore_ament_install']
[0.192s] Level 1:colcon.colcon_core.package_identification:_identify(log) by extension 'ignore'
[0.192s] Level 1:colcon.colcon_core.package_identification:_identify(log) ignored
[0.192s] Level 1:colcon.colcon_core.package_identification:_identify(src) by extensions ['ignore', 'ignore_ament_install']
[0.192s] Level 1:colcon.colcon_core.package_identification:_identify(src) by extension 'ignore'
[0.192s] Level 1:colcon.colcon_core.package_identification:_identify(src) by extension 'ignore_ament_install'
[0.192s] Level 1:colcon.colcon_core.package_identification:_identify(src) by extensions ['colcon_pkg']
[0.192s] Level 1:colcon.colcon_core.package_identification:_identify(src) by extension 'colcon_pkg'
[0.192s] Level 1:colcon.colcon_core.package_identification:_identify(src) by extensions ['colcon_meta']
[0.192s] Level 1:colcon.colcon_core.package_identification:_identify(src) by extension 'colcon_meta'
[0.192s] Level 1:colcon.colcon_core.package_identification:_identify(src) by extensions ['ros']
[0.192s] Level 1:colcon.colcon_core.package_identification:_identify(src) by extension 'ros'
[0.192s] Level 1:colcon.colcon_core.package_identification:_identify(src) by extensions ['cmake', 'python']
[0.192s] Level 1:colcon.colcon_core.package_identification:_identify(src) by extension 'cmake'
[0.192s] Level 1:colcon.colcon_core.package_identification:_identify(src) by extension 'python'
[0.192s] Level 1:colcon.colcon_core.package_identification:_identify(src) by extensions ['python_setup_py']
[0.192s] Level 1:colcon.colcon_core.package_identification:_identify(src) by extension 'python_setup_py'
[0.192s] Level 1:colcon.colcon_core.package_identification:_identify(src/ur_control) by extensions ['ignore', 'ignore_ament_install']
[0.193s] Level 1:colcon.colcon_core.package_identification:_identify(src/ur_control) by extension 'ignore'
[0.193s] Level 1:colcon.colcon_core.package_identification:_identify(src/ur_control) by extension 'ignore_ament_install'
[0.193s] Level 1:colcon.colcon_core.package_identification:_identify(src/ur_control) by extensions ['colcon_pkg']
[0.193s] Level 1:colcon.colcon_core.package_identification:_identify(src/ur_control) by extension 'colcon_pkg'
[0.193s] Level 1:colcon.colcon_core.package_identification:_identify(src/ur_control) by extensions ['colcon_meta']
[0.193s] Level 1:colcon.colcon_core.package_identification:_identify(src/ur_control) by extension 'colcon_meta'
[0.193s] Level 1:colcon.colcon_core.package_identification:_identify(src/ur_control) by extensions ['ros']
[0.193s] Level 1:colcon.colcon_core.package_identification:_identify(src/ur_control) by extension 'ros'
[0.194s] DEBUG:colcon.colcon_core.package_identification:Package 'src/ur_control' with type 'ros.ament_cmake' and name 'ur_control'
[0.194s] Level 1:colcon.colcon_core.package_identification:_identify(src/ur_description) by extensions ['ignore', 'ignore_ament_install']
[0.194s] Level 1:colcon.colcon_core.package_identification:_identify(src/ur_description) by extension 'ignore'
[0.194s] Level 1:colcon.colcon_core.package_identification:_identify(src/ur_description) by extension 'ignore_ament_install'
[0.194s] Level 1:colcon.colcon_core.package_identification:_identify(src/ur_description) by extensions ['colcon_pkg']
[0.195s] Level 1:colcon.colcon_core.package_identification:_identify(src/ur_description) by extension 'colcon_pkg'
[0.195s] Level 1:colcon.colcon_core.package_identification:_identify(src/ur_description) by extensions ['colcon_meta']
[0.195s] Level 1:colcon.colcon_core.package_identification:_identify(src/ur_description) by extension 'colcon_meta'
[0.195s] Level 1:colcon.colcon_core.package_identification:_identify(src/ur_description) by extensions ['ros']
[0.195s] Level 1:colcon.colcon_core.package_identification:_identify(src/ur_description) by extension 'ros'
[0.195s] DEBUG:colcon.colcon_core.package_identification:Package 'src/ur_description' with type 'ros.ament_cmake' and name 'ur_description'
[0.195s] Level 1:colcon.colcon_core.package_identification:_identify(src/ur_moveit_config) by extensions ['ignore', 'ignore_ament_install']
[0.195s] Level 1:colcon.colcon_core.package_identification:_identify(src/ur_moveit_config) by extension 'ignore'
[0.195s] Level 1:colcon.colcon_core.package_identification:_identify(src/ur_moveit_config) by extension 'ignore_ament_install'
[0.195s] Level 1:colcon.colcon_core.package_identification:_identify(src/ur_moveit_config) by extensions ['colcon_pkg']
[0.196s] Level 1:colcon.colcon_core.package_identification:_identify(src/ur_moveit_config) by extension 'colcon_pkg'
[0.196s] Level 1:colcon.colcon_core.package_identification:_identify(src/ur_moveit_config) by extensions ['colcon_meta']
[0.196s] Level 1:colcon.colcon_core.package_identification:_identify(src/ur_moveit_config) by extension 'colcon_meta'
[0.196s] Level 1:colcon.colcon_core.package_identification:_identify(src/ur_moveit_config) by extensions ['ros']
[0.196s] Level 1:colcon.colcon_core.package_identification:_identify(src/ur_moveit_config) by extension 'ros'
[0.196s] DEBUG:colcon.colcon_core.package_identification:Package 'src/ur_moveit_config' with type 'ros.ament_cmake' and name 'ur_moveit_config'
[0.196s] Level 1:colcon.colcon_core.package_identification:_identify(src/ur_simulation) by extensions ['ignore', 'ignore_ament_install']
[0.196s] Level 1:colcon.colcon_core.package_identification:_identify(src/ur_simulation) by extension 'ignore'
[0.196s] Level 1:colcon.colcon_core.package_identification:_identify(src/ur_simulation) by extension 'ignore_ament_install'
[0.196s] Level 1:colcon.colcon_core.package_identification:_identify(src/ur_simulation) by extensions ['colcon_pkg']
[0.196s] Level 1:colcon.colcon_core.package_identification:_identify(src/ur_simulation) by extension 'colcon_pkg'
[0.196s] Level 1:colcon.colcon_core.package_identification:_identify(src/ur_simulation) by extensions ['colcon_meta']
[0.196s] Level 1:colcon.colcon_core.package_identification:_identify(src/ur_simulation) by extension 'colcon_meta'
[0.196s] Level 1:colcon.colcon_core.package_identification:_identify(src/ur_simulation) by extensions ['ros']
[0.196s] Level 1:colcon.colcon_core.package_identification:_identify(src/ur_simulation) by extension 'ros'
[0.197s] DEBUG:colcon.colcon_core.package_identification:Package 'src/ur_simulation' with type 'ros.ament_cmake' and name 'ur_simulation'
[0.197s] Level 1:colcon.colcon_core.package_discovery:discover_packages(recursive) using defaults
[0.197s] Level 1:colcon.colcon_core.package_discovery:discover_packages(ignore) discover
[0.197s] Level 1:colcon.colcon_core.package_discovery:discover_packages(ignore) using defaults
[0.197s] Level 1:colcon.colcon_core.package_discovery:discover_packages(path) discover
[0.197s] Level 1:colcon.colcon_core.package_discovery:discover_packages(path) using defaults
[0.220s] Level 1:colcon.colcon_core.package_discovery:discover_packages(prefix_path) check parameters
[0.220s] Level 1:colcon.colcon_core.package_discovery:discover_packages(prefix_path) discover
[0.221s] DEBUG:colcon.colcon_installed_package_information.package_discovery:Found 7 installed packages in /home/dcbothra2204/arm_manip/install
[0.222s] DEBUG:colcon.colcon_installed_package_information.package_discovery:Found 383 installed packages in /opt/ros/humble
[0.223s] Level 1:colcon.colcon_core.package_discovery:discover_packages(prefix_path) using defaults
[0.254s] Level 5:colcon.colcon_core.verb:set package 'ur_control' build argument 'cmake_args' from command line to 'None'
[0.255s] Level 5:colcon.colcon_core.verb:set package 'ur_control' build argument 'cmake_target' from command line to 'None'
[0.255s] Level 5:colcon.colcon_core.verb:set package 'ur_control' build argument 'cmake_target_skip_unavailable' from command line to 'False'
[0.255s] Level 5:colcon.colcon_core.verb:set package 'ur_control' build argument 'cmake_clean_cache' from command line to 'False'
[0.255s] Level 5:colcon.colcon_core.verb:set package 'ur_control' build argument 'cmake_clean_first' from command line to 'False'
[0.255s] Level 5:colcon.colcon_core.verb:set package 'ur_control' build argument 'cmake_force_configure' from command line to 'False'
[0.255s] Level 5:colcon.colcon_core.verb:set package 'ur_control' build argument 'ament_cmake_args' from command line to 'None'
[0.255s] Level 5:colcon.colcon_core.verb:set package 'ur_control' build argument 'catkin_cmake_args' from command line to 'None'
[0.255s] Level 5:colcon.colcon_core.verb:set package 'ur_control' build argument 'catkin_skip_building_tests' from command line to 'False'
[0.255s] DEBUG:colcon.colcon_core.verb:Building package 'ur_control' with the following arguments: {'ament_cmake_args': None, 'build_base': '/home/dcbothra2204/arm_manip/build/ur_control', 'catkin_cmake_args': None, 'catkin_skip_building_tests': False, 'cmake_args': None, 'cmake_clean_cache': False, 'cmake_clean_first': False, 'cmake_force_configure': False, 'cmake_target': None, 'cmake_target_skip_unavailable': False, 'install_base': '/home/dcbothra2204/arm_manip/install/ur_control', 'merge_install': False, 'path': '/home/dcbothra2204/arm_manip/src/ur_control', 'symlink_install': False, 'test_result_base': None}
[0.255s] Level 5:colcon.colcon_core.verb:set package 'ur_description' build argument 'cmake_args' from command line to 'None'
[0.255s] Level 5:colcon.colcon_core.verb:set package 'ur_description' build argument 'cmake_target' from command line to 'None'
[0.255s] Level 5:colcon.colcon_core.verb:set package 'ur_description' build argument 'cmake_target_skip_unavailable' from command line to 'False'
[0.255s] Level 5:colcon.colcon_core.verb:set package 'ur_description' build argument 'cmake_clean_cache' from command line to 'False'
[0.255s] Level 5:colcon.colcon_core.verb:set package 'ur_description' build argument 'cmake_clean_first' from command line to 'False'
[0.255s] Level 5:colcon.colcon_core.verb:set package 'ur_description' build argument 'cmake_force_configure' from command line to 'False'
[0.255s] Level 5:colcon.colcon_core.verb:set package 'ur_description' build argument 'ament_cmake_args' from command line to 'None'
[0.255s] Level 5:colcon.colcon_core.verb:set package 'ur_description' build argument 'catkin_cmake_args' from command line to 'None'
[0.255s] Level 5:colcon.colcon_core.verb:set package 'ur_description' build argument 'catkin_skip_building_tests' from command line to 'False'
[0.255s] DEBUG:colcon.colcon_core.verb:Building package 'ur_description' with the following arguments: {'ament_cmake_args': None, 'build_base': '/home/dcbothra2204/arm_manip/build/ur_description', 'catkin_cmake_args': None, 'catkin_skip_building_tests': False, 'cmake_args': None, 'cmake_clean_cache': False, 'cmake_clean_first': False, 'cmake_force_configure': False, 'cmake_target': None, 'cmake_target_skip_unavailable': False, 'install_base': '/home/dcbothra2204/arm_manip/install/ur_description', 'merge_install': False, 'path': '/home/dcbothra2204/arm_manip/src/ur_description', 'symlink_install': False, 'test_result_base': None}
[0.255s] Level 5:colcon.colcon_core.verb:set package 'ur_simulation' build argument 'cmake_args' from command line to 'None'
[0.255s] Level 5:colcon.colcon_core.verb:set package 'ur_simulation' build argument 'cmake_target' from command line to 'None'
[0.255s] Level 5:colcon.colcon_core.verb:set package 'ur_simulation' build argument 'cmake_target_skip_unavailable' from command line to 'False'
[0.255s] Level 5:colcon.colcon_core.verb:set package 'ur_simulation' build argument 'cmake_clean_cache' from command line to 'False'
[0.255s] Level 5:colcon.colcon_core.verb:set package 'ur_simulation' build argument 'cmake_clean_first' from command line to 'False'
[0.255s] Level 5:colcon.colcon_core.verb:set package 'ur_simulation' build argument 'cmake_force_configure' from command line to 'False'
[0.255s] Level 5:colcon.colcon_core.verb:set package 'ur_simulation' build argument 'ament_cmake_args' from command line to 'None'
[0.255s] Level 5:colcon.colcon_core.verb:set package 'ur_simulation' build argument 'catkin_cmake_args' from command line to 'None'
[0.255s] Level 5:colcon.colcon_core.verb:set package 'ur_simulation' build argument 'catkin_skip_building_tests' from command line to 'False'
[0.255s] DEBUG:colcon.colcon_core.verb:Building package 'ur_simulation' with the following arguments: {'ament_cmake_args': None, 'build_base': '/home/dcbothra2204/arm_manip/build/ur_simulation', 'catkin_cmake_args': None, 'catkin_skip_building_tests': False, 'cmake_args': None, 'cmake_clean_cache': False, 'cmake_clean_first': False, 'cmake_force_configure': False, 'cmake_target': None, 'cmake_target_skip_unavailable': False, 'install_base': '/home/dcbothra2204/arm_manip/install/ur_simulation', 'merge_install': False, 'path': '/home/dcbothra2204/arm_manip/src/ur_simulation', 'symlink_install': False, 'test_result_base': None}
[0.256s] Level 5:colcon.colcon_core.verb:set package 'ur_moveit_config' build argument 'cmake_args' from command line to 'None'
[0.256s] Level 5:colcon.colcon_core.verb:set package 'ur_moveit_config' build argument 'cmake_target' from command line to 'None'
[0.256s] Level 5:colcon.colcon_core.verb:set package 'ur_moveit_config' build argument 'cmake_target_skip_unavailable' from command line to 'False'
[0.256s] Level 5:colcon.colcon_core.verb:set package 'ur_moveit_config' build argument 'cmake_clean_cache' from command line to 'False'
[0.256s] Level 5:colcon.colcon_core.verb:set package 'ur_moveit_config' build argument 'cmake_clean_first' from command line to 'False'
[0.256s] Level 5:colcon.colcon_core.verb:set package 'ur_moveit_config' build argument 'cmake_force_configure' from command line to 'False'
[0.256s] Level 5:colcon.colcon_core.verb:set package 'ur_moveit_config' build argument 'ament_cmake_args' from command line to 'None'
[0.256s] Level 5:colcon.colcon_core.verb:set package 'ur_moveit_config' build argument 'catkin_cmake_args' from command line to 'None'
[0.256s] Level 5:colcon.colcon_core.verb:set package 'ur_moveit_config' build argument 'catkin_skip_building_tests' from command line to 'False'
[0.256s] DEBUG:colcon.colcon_core.verb:Building package 'ur_moveit_config' with the following arguments: {'ament_cmake_args': None, 'build_base': '/home/dcbothra2204/arm_manip/build/ur_moveit_config', 'catkin_cmake_args': None, 'catkin_skip_building_tests': False, 'cmake_args': None, 'cmake_clean_cache': False, 'cmake_clean_first': False, 'cmake_force_configure': False, 'cmake_target': None, 'cmake_target_skip_unavailable': False, 'install_base': '/home/dcbothra2204/arm_manip/install/ur_moveit_config', 'merge_install': False, 'path': '/home/dcbothra2204/arm_manip/src/ur_moveit_config', 'symlink_install': False, 'test_result_base': None}
[0.256s] INFO:colcon.colcon_core.executor:Executing jobs using 'parallel' executor
[0.257s] DEBUG:colcon.colcon_parallel_executor.executor.parallel:run_until_complete
[0.257s] INFO:colcon.colcon_ros.task.ament_cmake.build:Building ROS package in '/home/dcbothra2204/arm_manip/src/ur_description' with build type 'ament_cmake'
[0.257s] INFO:colcon.colcon_cmake.task.cmake.build:Building CMake package in '/home/dcbothra2204/arm_manip/src/ur_description'
[0.258s] INFO:colcon.colcon_core.plugin_system:Skipping extension 'colcon_core.shell.bat': Not used on non-Windows systems
[0.258s] INFO:colcon.colcon_core.shell:Skip shell extension 'powershell' for command environment: Not usable outside of PowerShell
[0.258s] DEBUG:colcon.colcon_core.shell:Skip shell extension 'dsv' for command environment
[0.261s] INFO:colcon.colcon_ros.task.ament_cmake.build:Building ROS package in '/home/dcbothra2204/arm_manip/src/ur_control' with build type 'ament_cmake'
[0.261s] INFO:colcon.colcon_cmake.task.cmake.build:Building CMake package in '/home/dcbothra2204/arm_manip/src/ur_control'
[0.261s] INFO:colcon.colcon_core.shell:Skip shell extension 'powershell' for command environment: Not usable outside of PowerShell
[0.261s] DEBUG:colcon.colcon_core.shell:Skip shell extension 'dsv' for command environment
[0.264s] INFO:colcon.colcon_ros.task.ament_cmake.build:Building ROS package in '/home/dcbothra2204/arm_manip/src/ur_simulation' with build type 'ament_cmake'
[0.264s] INFO:colcon.colcon_cmake.task.cmake.build:Building CMake package in '/home/dcbothra2204/arm_manip/src/ur_simulation'
[0.264s] INFO:colcon.colcon_core.shell:Skip shell extension 'powershell' for command environment: Not usable outside of PowerShell
[0.264s] DEBUG:colcon.colcon_core.shell:Skip shell extension 'dsv' for command environment
[0.270s] DEBUG:colcon.colcon_core.event_handler.log_command:Invoking command in '/home/dcbothra2204/arm_manip/build/ur_description': CMAKE_PREFIX_PATH=${CMAKE_PREFIX_PATH}:/opt/ros/humble /usr/bin/cmake --build /home/dcbothra2204/arm_manip/build/ur_description -- -j8 -l8
[0.273s] DEBUG:colcon.colcon_core.event_handler.log_command:Invoking command in '/home/dcbothra2204/arm_manip/build/ur_control': CMAKE_PREFIX_PATH=${CMAKE_PREFIX_PATH}:/opt/ros/humble /usr/bin/cmake /home/dcbothra2204/arm_manip/src/ur_control -DCMAKE_INSTALL_PREFIX=/home/dcbothra2204/arm_manip/install/ur_control
[0.276s] DEBUG:colcon.colcon_core.event_handler.log_command:Invoking command in '/home/dcbothra2204/arm_manip/build/ur_simulation': CMAKE_PREFIX_PATH=${CMAKE_PREFIX_PATH}:/opt/ros/humble /usr/bin/cmake --build /home/dcbothra2204/arm_manip/build/ur_simulation -- -j8 -l8
[0.300s] DEBUG:colcon.colcon_core.event_handler.log_command:Invoked command in '/home/dcbothra2204/arm_manip/build/ur_description' returned '0': CMAKE_PREFIX_PATH=${CMAKE_PREFIX_PATH}:/opt/ros/humble /usr/bin/cmake --build /home/dcbothra2204/arm_manip/build/ur_description -- -j8 -l8
[0.304s] DEBUG:colcon.colcon_core.event_handler.log_command:Invoked command in '/home/dcbothra2204/arm_manip/build/ur_simulation' returned '0': CMAKE_PREFIX_PATH=${CMAKE_PREFIX_PATH}:/opt/ros/humble /usr/bin/cmake --build /home/dcbothra2204/arm_manip/build/ur_simulation -- -j8 -l8
[0.324s] DEBUG:colcon.colcon_core.event_handler.log_command:Invoking command in '/home/dcbothra2204/arm_manip/build/ur_description': CMAKE_PREFIX_PATH=${CMAKE_PREFIX_PATH}:/opt/ros/humble /usr/bin/cmake --install /home/dcbothra2204/arm_manip/build/ur_description
[0.325s] DEBUG:colcon.colcon_core.event_handler.log_command:Invoking command in '/home/dcbothra2204/arm_manip/build/ur_simulation': CMAKE_PREFIX_PATH=${CMAKE_PREFIX_PATH}:/opt/ros/humble /usr/bin/cmake --install /home/dcbothra2204/arm_manip/build/ur_simulation
[0.332s] Level 1:colcon.colcon_core.environment:create_environment_scripts_only(ur_description)
[0.334s] DEBUG:colcon.colcon_core.event_handler.log_command:Invoked command in '/home/dcbothra2204/arm_manip/build/ur_description' returned '0': CMAKE_PREFIX_PATH=${CMAKE_PREFIX_PATH}:/opt/ros/humble /usr/bin/cmake --install /home/dcbothra2204/arm_manip/build/ur_description
[0.335s] Level 1:colcon.colcon_core.environment:checking '/home/dcbothra2204/arm_manip/install/ur_description' for CMake module files
[0.335s] Level 1:colcon.colcon_core.environment:checking '/home/dcbothra2204/arm_manip/install/ur_description' for CMake config files
[0.336s] Level 1:colcon.colcon_core.shell:create_environment_hook('ur_description', 'cmake_prefix_path')
[0.336s] INFO:colcon.colcon_core.shell:Creating environment hook '/home/dcbothra2204/arm_manip/install/ur_description/share/ur_description/hook/cmake_prefix_path.ps1'
[0.336s] INFO:colcon.colcon_core.shell:Creating environment descriptor '/home/dcbothra2204/arm_manip/install/ur_description/share/ur_description/hook/cmake_prefix_path.dsv'
[0.337s] INFO:colcon.colcon_core.shell:Creating environment hook '/home/dcbothra2204/arm_manip/install/ur_description/share/ur_description/hook/cmake_prefix_path.sh'
[0.337s] Level 1:colcon.colcon_core.environment:checking '/home/dcbothra2204/arm_manip/install/ur_description/bin'
[0.337s] Level 1:colcon.colcon_core.environment:checking '/home/dcbothra2204/arm_manip/install/ur_description/lib/pkgconfig/ur_description.pc'
[0.337s] Level 1:colcon.colcon_core.environment:checking '/home/dcbothra2204/arm_manip/install/ur_description/lib/python3.10/site-packages'
[0.338s] Level 1:colcon.colcon_core.environment:checking '/home/dcbothra2204/arm_manip/install/ur_description/bin'
[0.338s] INFO:colcon.colcon_core.shell:Creating package script '/home/dcbothra2204/arm_manip/install/ur_description/share/ur_description/package.ps1'
[0.338s] INFO:colcon.colcon_core.shell:Creating package descriptor '/home/dcbothra2204/arm_manip/install/ur_description/share/ur_description/package.dsv'
[0.339s] INFO:colcon.colcon_core.shell:Creating package script '/home/dcbothra2204/arm_manip/install/ur_description/share/ur_description/package.sh'
[0.339s] INFO:colcon.colcon_core.shell:Creating package script '/home/dcbothra2204/arm_manip/install/ur_description/share/ur_description/package.bash'
[0.340s] INFO:colcon.colcon_core.shell:Creating package script '/home/dcbothra2204/arm_manip/install/ur_description/share/ur_description/package.zsh'
[0.340s] Level 1:colcon.colcon_core.environment:create_file_with_runtime_dependencies(/home/dcbothra2204/arm_manip/install/ur_description/share/colcon-core/packages/ur_description)
[0.341s] Level 1:colcon.colcon_core.environment:create_environment_scripts_only(ur_simulation)
[0.341s] Level 1:colcon.colcon_core.environment:checking '/home/dcbothra2204/arm_manip/install/ur_simulation' for CMake module files
[0.342s] DEBUG:colcon.colcon_core.event_handler.log_command:Invoked command in '/home/dcbothra2204/arm_manip/build/ur_simulation' returned '0': CMAKE_PREFIX_PATH=${CMAKE_PREFIX_PATH}:/opt/ros/humble /usr/bin/cmake --install /home/dcbothra2204/arm_manip/build/ur_simulation
[0.342s] Level 1:colcon.colcon_core.environment:checking '/home/dcbothra2204/arm_manip/install/ur_simulation' for CMake config files
[0.342s] Level 1:colcon.colcon_core.shell:create_environment_hook('ur_simulation', 'cmake_prefix_path')
[0.342s] INFO:colcon.colcon_core.shell:Creating environment hook '/home/dcbothra2204/arm_manip/install/ur_simulation/share/ur_simulation/hook/cmake_prefix_path.ps1'
[0.343s] INFO:colcon.colcon_core.shell:Creating environment descriptor '/home/dcbothra2204/arm_manip/install/ur_simulation/share/ur_simulation/hook/cmake_prefix_path.dsv'
[0.343s] INFO:colcon.colcon_core.shell:Creating environment hook '/home/dcbothra2204/arm_manip/install/ur_simulation/share/ur_simulation/hook/cmake_prefix_path.sh'
[0.343s] Level 1:colcon.colcon_core.environment:checking '/home/dcbothra2204/arm_manip/install/ur_simulation/bin'
[0.343s] Level 1:colcon.colcon_core.environment:checking '/home/dcbothra2204/arm_manip/install/ur_simulation/lib/pkgconfig/ur_simulation.pc'
[0.343s] Level 1:colcon.colcon_core.environment:checking '/home/dcbothra2204/arm_manip/install/ur_simulation/lib/python3.10/site-packages'
[0.343s] Level 1:colcon.colcon_core.environment:checking '/home/dcbothra2204/arm_manip/install/ur_simulation/bin'
[0.344s] INFO:colcon.colcon_core.shell:Creating package script '/home/dcbothra2204/arm_manip/install/ur_simulation/share/ur_simulation/package.ps1'
[0.344s] INFO:colcon.colcon_core.shell:Creating package descriptor '/home/dcbothra2204/arm_manip/install/ur_simulation/share/ur_simulation/package.dsv'
[0.344s] INFO:colcon.colcon_core.shell:Creating package script '/home/dcbothra2204/arm_manip/install/ur_simulation/share/ur_simulation/package.sh'
[0.344s] INFO:colcon.colcon_core.shell:Creating package script '/home/dcbothra2204/arm_manip/install/ur_simulation/share/ur_simulation/package.bash'
[0.345s] INFO:colcon.colcon_core.shell:Creating package script '/home/dcbothra2204/arm_manip/install/ur_simulation/share/ur_simulation/package.zsh'
[0.345s] Level 1:colcon.colcon_core.environment:create_file_with_runtime_dependencies(/home/dcbothra2204/arm_manip/install/ur_simulation/share/colcon-core/packages/ur_simulation)
[0.356s] Level 1:colcon.colcon_core.environment:create_environment_scripts_only(ur_description)
[0.356s] Level 1:colcon.colcon_core.environment:checking '/home/dcbothra2204/arm_manip/install/ur_description' for CMake module files
[0.357s] Level 1:colcon.colcon_core.environment:checking '/home/dcbothra2204/arm_manip/install/ur_description' for CMake config files
[0.357s] Level 1:colcon.colcon_core.shell:create_environment_hook('ur_description', 'cmake_prefix_path')
[0.358s] INFO:colcon.colcon_core.shell:Creating environment hook '/home/dcbothra2204/arm_manip/install/ur_description/share/ur_description/hook/cmake_prefix_path.ps1'
[0.358s] INFO:colcon.colcon_core.shell:Creating environment descriptor '/home/dcbothra2204/arm_manip/install/ur_description/share/ur_description/hook/cmake_prefix_path.dsv'
[0.358s] INFO:colcon.colcon_core.shell:Creating environment hook '/home/dcbothra2204/arm_manip/install/ur_description/share/ur_description/hook/cmake_prefix_path.sh'
[0.359s] Level 1:colcon.colcon_core.environment:checking '/home/dcbothra2204/arm_manip/install/ur_description/bin'
[0.359s] Level 1:colcon.colcon_core.environment:checking '/home/dcbothra2204/arm_manip/install/ur_description/lib/pkgconfig/ur_description.pc'
[0.359s] Level 1:colcon.colcon_core.environment:checking '/home/dcbothra2204/arm_manip/install/ur_description/lib/python3.10/site-packages'
[0.359s] Level 1:colcon.colcon_core.environment:checking '/home/dcbothra2204/arm_manip/install/ur_description/bin'
[0.360s] INFO:colcon.colcon_core.shell:Creating package script '/home/dcbothra2204/arm_manip/install/ur_description/share/ur_description/package.ps1'
[0.360s] INFO:colcon.colcon_core.shell:Creating package descriptor '/home/dcbothra2204/arm_manip/install/ur_description/share/ur_description/package.dsv'
[0.361s] INFO:colcon.colcon_core.shell:Creating package script '/home/dcbothra2204/arm_manip/install/ur_description/share/ur_description/package.sh'
[0.361s] INFO:colcon.colcon_core.shell:Creating package script '/home/dcbothra2204/arm_manip/install/ur_description/share/ur_description/package.bash'
[0.362s] INFO:colcon.colcon_core.shell:Creating package script '/home/dcbothra2204/arm_manip/install/ur_description/share/ur_description/package.zsh'
[0.362s] Level 1:colcon.colcon_core.environment:create_file_with_runtime_dependencies(/home/dcbothra2204/arm_manip/install/ur_description/share/colcon-core/packages/ur_description)
[0.363s] INFO:colcon.colcon_ros.task.ament_cmake.build:Building ROS package in '/home/dcbothra2204/arm_manip/src/ur_moveit_config' with build type 'ament_cmake'
[0.363s] INFO:colcon.colcon_cmake.task.cmake.build:Building CMake package in '/home/dcbothra2204/arm_manip/src/ur_moveit_config'
[0.363s] INFO:colcon.colcon_core.shell:Skip shell extension 'powershell' for command environment: Not usable outside of PowerShell
[0.363s] DEBUG:colcon.colcon_core.shell:Skip shell extension 'dsv' for command environment
[0.368s] Level 1:colcon.colcon_core.environment:create_environment_scripts_only(ur_simulation)
[0.368s] Level 1:colcon.colcon_core.environment:checking '/home/dcbothra2204/arm_manip/install/ur_simulation' for CMake module files
[0.369s] Level 1:colcon.colcon_core.environment:checking '/home/dcbothra2204/arm_manip/install/ur_simulation' for CMake config files
[0.369s] Level 1:colcon.colcon_core.shell:create_environment_hook('ur_simulation', 'cmake_prefix_path')
[0.369s] INFO:colcon.colcon_core.shell:Creating environment hook '/home/dcbothra2204/arm_manip/install/ur_simulation/share/ur_simulation/hook/cmake_prefix_path.ps1'
[0.370s] INFO:colcon.colcon_core.shell:Creating environment descriptor '/home/dcbothra2204/arm_manip/install/ur_simulation/share/ur_simulation/hook/cmake_prefix_path.dsv'
[0.370s] INFO:colcon.colcon_core.shell:Creating environment hook '/home/dcbothra2204/arm_manip/install/ur_simulation/share/ur_simulation/hook/cmake_prefix_path.sh'
[0.371s] Level 1:colcon.colcon_core.environment:checking '/home/dcbothra2204/arm_manip/install/ur_simulation/bin'
[0.371s] Level 1:colcon.colcon_core.environment:checking '/home/dcbothra2204/arm_manip/install/ur_simulation/lib/pkgconfig/ur_simulation.pc'
[0.371s] Level 1:colcon.colcon_core.environment:checking '/home/dcbothra2204/arm_manip/install/ur_simulation/lib/python3.10/site-packages'
[0.371s] Level 1:colcon.colcon_core.environment:checking '/home/dcbothra2204/arm_manip/install/ur_simulation/bin'
[0.371s] INFO:colcon.colcon_core.shell:Creating package script '/home/dcbothra2204/arm_manip/install/ur_simulation/share/ur_simulation/package.ps1'
[0.372s] INFO:colcon.colcon_core.shell:Creating package descriptor '/home/dcbothra2204/arm_manip/install/ur_simulation/share/ur_simulation/package.dsv'
[0.372s] INFO:colcon.colcon_core.shell:Creating package script '/home/dcbothra2204/arm_manip/install/ur_simulation/share/ur_simulation/package.sh'
[0.373s] INFO:colcon.colcon_core.shell:Creating package script '/home/dcbothra2204/arm_manip/install/ur_simulation/share/ur_simulation/package.bash'
[0.373s] INFO:colcon.colcon_core.shell:Creating package script '/home/dcbothra2204/arm_manip/install/ur_simulation/share/ur_simulation/package.zsh'
[0.374s] Level 1:colcon.colcon_core.environment:create_file_with_runtime_dependencies(/home/dcbothra2204/arm_manip/install/ur_simulation/share/colcon-core/packages/ur_simulation)
[0.377s] DEBUG:colcon.colcon_core.event_handler.log_command:Invoking command in '/home/dcbothra2204/arm_manip/build/ur_moveit_config': CMAKE_PREFIX_PATH=/home/dcbothra2204/arm_manip/install/ur_description:/home/dcbothra2204/arm_manip/install/trac_ik:/home/dcbothra2204/arm_manip/install/trac_ik_examples:/home/dcbothra2204/arm_manip/install/trac_ik_lib:/home/dcbothra2204/arm_manip/install/ur_simulation:/opt/ros/humble /usr/bin/cmake --build /home/dcbothra2204/arm_manip/build/ur_moveit_config -- -j8 -l8
[0.406s] DEBUG:colcon.colcon_core.event_handler.log_command:Invoked command in '/home/dcbothra2204/arm_manip/build/ur_moveit_config' returned '0': CMAKE_PREFIX_PATH=/home/dcbothra2204/arm_manip/install/ur_description:/home/dcbothra2204/arm_manip/install/trac_ik:/home/dcbothra2204/arm_manip/install/trac_ik_examples:/home/dcbothra2204/arm_manip/install/trac_ik_lib:/home/dcbothra2204/arm_manip/install/ur_simulation:/opt/ros/humble /usr/bin/cmake --build /home/dcbothra2204/arm_manip/build/ur_moveit_config -- -j8 -l8
[0.421s] DEBUG:colcon.colcon_core.event_handler.log_command:Invoking command in '/home/dcbothra2204/arm_manip/build/ur_moveit_config': CMAKE_PREFIX_PATH=/home/dcbothra2204/arm_manip/install/ur_description:/home/dcbothra2204/arm_manip/install/trac_ik:/home/dcbothra2204/arm_manip/install/trac_ik_examples:/home/dcbothra2204/arm_manip/install/trac_ik_lib:/home/dcbothra2204/arm_manip/install/ur_simulation:/opt/ros/humble /usr/bin/cmake --install /home/dcbothra2204/arm_manip/build/ur_moveit_config
[0.430s] Level 1:colcon.colcon_core.environment:create_environment_scripts_only(ur_moveit_config)
[0.430s] Level 1:colcon.colcon_core.environment:checking '/home/dcbothra2204/arm_manip/install/ur_moveit_config' for CMake module files
[0.430s] DEBUG:colcon.colcon_core.event_handler.log_command:Invoked command in '/home/dcbothra2204/arm_manip/build/ur_moveit_config' returned '0': CMAKE_PREFIX_PATH=/home/dcbothra2204/arm_manip/install/ur_description:/home/dcbothra2204/arm_manip/install/trac_ik:/home/dcbothra2204/arm_manip/install/trac_ik_examples:/home/dcbothra2204/arm_manip/install/trac_ik_lib:/home/dcbothra2204/arm_manip/install/ur_simulation:/opt/ros/humble /usr/bin/cmake --install /home/dcbothra2204/arm_manip/build/ur_moveit_config
[0.430s] Level 1:colcon.colcon_core.environment:checking '/home/dcbothra2204/arm_manip/install/ur_moveit_config' for CMake config files
[0.431s] Level 1:colcon.colcon_core.shell:create_environment_hook('ur_moveit_config', 'cmake_prefix_path')
[0.431s] INFO:colcon.colcon_core.shell:Creating environment hook '/home/dcbothra2204/arm_manip/install/ur_moveit_config/share/ur_moveit_config/hook/cmake_prefix_path.ps1'
[0.431s] INFO:colcon.colcon_core.shell:Creating environment descriptor '/home/dcbothra2204/arm_manip/install/ur_moveit_config/share/ur_moveit_config/hook/cmake_prefix_path.dsv'
[0.431s] INFO:colcon.colcon_core.shell:Creating environment hook '/home/dcbothra2204/arm_manip/install/ur_moveit_config/share/ur_moveit_config/hook/cmake_prefix_path.sh'
[0.432s] Level 1:colcon.colcon_core.environment:checking '/home/dcbothra2204/arm_manip/install/ur_moveit_config/bin'
[0.432s] Level 1:colcon.colcon_core.environment:checking '/home/dcbothra2204/arm_manip/install/ur_moveit_config/lib/pkgconfig/ur_moveit_config.pc'
[0.432s] Level 1:colcon.colcon_core.environment:checking '/home/dcbothra2204/arm_manip/install/ur_moveit_config/lib/python3.10/site-packages'
[0.432s] Level 1:colcon.colcon_core.environment:checking '/home/dcbothra2204/arm_manip/install/ur_moveit_config/bin'
[0.432s] INFO:colcon.colcon_core.shell:Creating package script '/home/dcbothra2204/arm_manip/install/ur_moveit_config/share/ur_moveit_config/package.ps1'
[0.433s] INFO:colcon.colcon_core.shell:Creating package descriptor '/home/dcbothra2204/arm_manip/install/ur_moveit_config/share/ur_moveit_config/package.dsv'
[0.433s] INFO:colcon.colcon_core.shell:Creating package script '/home/dcbothra2204/arm_manip/install/ur_moveit_config/share/ur_moveit_config/package.sh'
[0.433s] INFO:colcon.colcon_core.shell:Creating package script '/home/dcbothra2204/arm_manip/install/ur_moveit_config/share/ur_moveit_config/package.bash'
[0.433s] INFO:colcon.colcon_core.shell:Creating package script '/home/dcbothra2204/arm_manip/install/ur_moveit_config/share/ur_moveit_config/package.zsh'
[0.434s] Level 1:colcon.colcon_core.environment:create_file_with_runtime_dependencies(/home/dcbothra2204/arm_manip/install/ur_moveit_config/share/colcon-core/packages/ur_moveit_config)
[0.449s] Level 1:colcon.colcon_core.environment:create_environment_scripts_only(ur_moveit_config)
[0.450s] Level 1:colcon.colcon_core.environment:checking '/home/dcbothra2204/arm_manip/install/ur_moveit_config' for CMake module files
[0.450s] Level 1:colcon.colcon_core.environment:checking '/home/dcbothra2204/arm_manip/install/ur_moveit_config' for CMake config files
[0.450s] Level 1:colcon.colcon_core.shell:create_environment_hook('ur_moveit_config', 'cmake_prefix_path')
[0.450s] INFO:colcon.colcon_core.shell:Creating environment hook '/home/dcbothra2204/arm_manip/install/ur_moveit_config/share/ur_moveit_config/hook/cmake_prefix_path.ps1'
[0.450s] INFO:colcon.colcon_core.shell:Creating environment descriptor '/home/dcbothra2204/arm_manip/install/ur_moveit_config/share/ur_moveit_config/hook/cmake_prefix_path.dsv'
[0.451s] INFO:colcon.colcon_core.shell:Creating environment hook '/home/dcbothra2204/arm_manip/install/ur_moveit_config/share/ur_moveit_config/hook/cmake_prefix_path.sh'
[0.451s] Level 1:colcon.colcon_core.environment:checking '/home/dcbothra2204/arm_manip/install/ur_moveit_config/bin'
[0.451s] Level 1:colcon.colcon_core.environment:checking '/home/dcbothra2204/arm_manip/install/ur_moveit_config/lib/pkgconfig/ur_moveit_config.pc'
[0.451s] Level 1:colcon.colcon_core.environment:checking '/home/dcbothra2204/arm_manip/install/ur_moveit_config/lib/python3.10/site-packages'
[0.451s] Level 1:colcon.colcon_core.environment:checking '/home/dcbothra2204/arm_manip/install/ur_moveit_config/bin'
[0.452s] INFO:colcon.colcon_core.shell:Creating package script '/home/dcbothra2204/arm_manip/install/ur_moveit_config/share/ur_moveit_config/package.ps1'
[0.452s] INFO:colcon.colcon_core.shell:Creating package descriptor '/home/dcbothra2204/arm_manip/install/ur_moveit_config/share/ur_moveit_config/package.dsv'
[0.452s] INFO:colcon.colcon_core.shell:Creating package script '/home/dcbothra2204/arm_manip/install/ur_moveit_config/share/ur_moveit_config/package.sh'
[0.452s] INFO:colcon.colcon_core.shell:Creating package script '/home/dcbothra2204/arm_manip/install/ur_moveit_config/share/ur_moveit_config/package.bash'
[0.452s] INFO:colcon.colcon_core.shell:Creating package script '/home/dcbothra2204/arm_manip/install/ur_moveit_config/share/ur_moveit_config/package.zsh'
[0.453s] Level 1:colcon.colcon_core.environment:create_file_with_runtime_dependencies(/home/dcbothra2204/arm_manip/install/ur_moveit_config/share/colcon-core/packages/ur_moveit_config)
[0.461s] DEBUG:colcon.colcon_core.event_handler.log_command:Invoked command in '/home/dcbothra2204/arm_manip/build/ur_control' returned '0': CMAKE_PREFIX_PATH=${CMAKE_PREFIX_PATH}:/opt/ros/humble /usr/bin/cmake /home/dcbothra2204/arm_manip/src/ur_control -DCMAKE_INSTALL_PREFIX=/home/dcbothra2204/arm_manip/install/ur_control
[0.462s] DEBUG:colcon.colcon_core.event_handler.log_command:Invoking command in '/home/dcbothra2204/arm_manip/build/ur_control': CMAKE_PREFIX_PATH=${CMAKE_PREFIX_PATH}:/opt/ros/humble /usr/bin/cmake --build /home/dcbothra2204/arm_manip/build/ur_control -- -j8 -l8
[0.490s] DEBUG:colcon.colcon_core.event_handler.log_command:Invoked command in '/home/dcbothra2204/arm_manip/build/ur_control' returned '0': CMAKE_PREFIX_PATH=${CMAKE_PREFIX_PATH}:/opt/ros/humble /usr/bin/cmake --build /home/dcbothra2204/arm_manip/build/ur_control -- -j8 -l8
[0.506s] DEBUG:colcon.colcon_core.event_handler.log_command:Invoking command in '/home/dcbothra2204/arm_manip/build/ur_control': CMAKE_PREFIX_PATH=${CMAKE_PREFIX_PATH}:/opt/ros/humble /usr/bin/cmake --install /home/dcbothra2204/arm_manip/build/ur_control
[0.514s] Level 1:colcon.colcon_core.environment:create_environment_scripts_only(ur_control)
[0.514s] Level 1:colcon.colcon_core.environment:checking '/home/dcbothra2204/arm_manip/install/ur_control' for CMake module files
[0.514s] DEBUG:colcon.colcon_core.event_handler.log_command:Invoked command in '/home/dcbothra2204/arm_manip/build/ur_control' returned '0': CMAKE_PREFIX_PATH=${CMAKE_PREFIX_PATH}:/opt/ros/humble /usr/bin/cmake --install /home/dcbothra2204/arm_manip/build/ur_control
[0.515s] Level 1:colcon.colcon_core.environment:checking '/home/dcbothra2204/arm_manip/install/ur_control' for CMake config files
[0.515s] Level 1:colcon.colcon_core.shell:create_environment_hook('ur_control', 'cmake_prefix_path')
[0.515s] INFO:colcon.colcon_core.shell:Creating environment hook '/home/dcbothra2204/arm_manip/install/ur_control/share/ur_control/hook/cmake_prefix_path.ps1'
[0.515s] INFO:colcon.colcon_core.shell:Creating environment descriptor '/home/dcbothra2204/arm_manip/install/ur_control/share/ur_control/hook/cmake_prefix_path.dsv'
[0.515s] INFO:colcon.colcon_core.shell:Creating environment hook '/home/dcbothra2204/arm_manip/install/ur_control/share/ur_control/hook/cmake_prefix_path.sh'
[0.516s] Level 1:colcon.colcon_core.environment:checking '/home/dcbothra2204/arm_manip/install/ur_control/bin'
[0.516s] Level 1:colcon.colcon_core.environment:checking '/home/dcbothra2204/arm_manip/install/ur_control/lib/pkgconfig/ur_control.pc'
[0.516s] Level 1:colcon.colcon_core.environment:checking '/home/dcbothra2204/arm_manip/install/ur_control/lib/python3.10/site-packages'
[0.516s] Level 1:colcon.colcon_core.environment:checking '/home/dcbothra2204/arm_manip/install/ur_control/bin'
[0.516s] INFO:colcon.colcon_core.shell:Creating package script '/home/dcbothra2204/arm_manip/install/ur_control/share/ur_control/package.ps1'
[0.516s] INFO:colcon.colcon_core.shell:Creating package descriptor '/home/dcbothra2204/arm_manip/install/ur_control/share/ur_control/package.dsv'
[0.517s] INFO:colcon.colcon_core.shell:Creating package script '/home/dcbothra2204/arm_manip/install/ur_control/share/ur_control/package.sh'
[0.517s] INFO:colcon.colcon_core.shell:Creating package script '/home/dcbothra2204/arm_manip/install/ur_control/share/ur_control/package.bash'
[0.517s] INFO:colcon.colcon_core.shell:Creating package script '/home/dcbothra2204/arm_manip/install/ur_control/share/ur_control/package.zsh'
[0.517s] Level 1:colcon.colcon_core.environment:create_file_with_runtime_dependencies(/home/dcbothra2204/arm_manip/install/ur_control/share/colcon-core/packages/ur_control)
[0.532s] Level 1:colcon.colcon_core.environment:create_environment_scripts_only(ur_control)
[0.532s] Level 1:colcon.colcon_core.environment:checking '/home/dcbothra2204/arm_manip/install/ur_control' for CMake module files
[0.532s] Level 1:colcon.colcon_core.environment:checking '/home/dcbothra2204/arm_manip/install/ur_control' for CMake config files
[0.533s] Level 1:colcon.colcon_core.shell:create_environment_hook('ur_control', 'cmake_prefix_path')
[0.533s] INFO:colcon.colcon_core.shell:Creating environment hook '/home/dcbothra2204/arm_manip/install/ur_control/share/ur_control/hook/cmake_prefix_path.ps1'
[0.533s] INFO:colcon.colcon_core.shell:Creating environment descriptor '/home/dcbothra2204/arm_manip/install/ur_control/share/ur_control/hook/cmake_prefix_path.dsv'
[0.533s] INFO:colcon.colcon_core.shell:Creating environment hook '/home/dcbothra2204/arm_manip/install/ur_control/share/ur_control/hook/cmake_prefix_path.sh'
[0.534s] Level 1:colcon.colcon_core.environment:checking '/home/dcbothra2204/arm_manip/install/ur_control/bin'
[0.534s] Level 1:colcon.colcon_core.environment:checking '/home/dcbothra2204/arm_manip/install/ur_control/lib/pkgconfig/ur_control.pc'
[0.534s] Level 1:colcon.colcon_core.environment:checking '/home/dcbothra2204/arm_manip/install/ur_control/lib/python3.10/site-packages'
[0.534s] Level 1:colcon.colcon_core.environment:checking '/home/dcbothra2204/arm_manip/install/ur_control/bin'
[0.534s] INFO:colcon.colcon_core.shell:Creating package script '/home/dcbothra2204/arm_manip/install/ur_control/share/ur_control/package.ps1'
[0.535s] INFO:colcon.colcon_core.shell:Creating package descriptor '/home/dcbothra2204/arm_manip/install/ur_control/share/ur_control/package.dsv'
[0.535s] INFO:colcon.colcon_core.shell:Creating package script '/home/dcbothra2204/arm_manip/install/ur_control/share/ur_control/package.sh'
[0.535s] INFO:colcon.colcon_core.shell:Creating package script '/home/dcbothra2204/arm_manip/install/ur_control/share/ur_control/package.bash'
[0.535s] INFO:colcon.colcon_core.shell:Creating package script '/home/dcbothra2204/arm_manip/install/ur_control/share/ur_control/package.zsh'
[0.535s] Level 1:colcon.colcon_core.environment:create_file_with_runtime_dependencies(/home/dcbothra2204/arm_manip/install/ur_control/share/colcon-core/packages/ur_control)
[0.536s] DEBUG:colcon.colcon_parallel_executor.executor.parallel:closing loop
[0.536s] DEBUG:colcon.colcon_parallel_executor.executor.parallel:loop closed
[0.536s] DEBUG:colcon.colcon_parallel_executor.executor.parallel:run_until_complete finished with '0'
[0.536s] DEBUG:colcon.colcon_core.event_reactor:joining thread
[0.540s] INFO:colcon.colcon_core.plugin_system:Skipping extension 'colcon_notification.desktop_notification.terminal_notifier': Not used on non-Darwin systems
[0.540s] INFO:colcon.colcon_core.plugin_system:Skipping extension 'colcon_notification.desktop_notification.win32': Not used on non-Windows systems
[0.540s] INFO:colcon.colcon_notification.desktop_notification:Sending desktop notification using 'notify2'
[0.548s] DEBUG:colcon.colcon_core.event_reactor:joined thread
[0.548s] INFO:colcon.colcon_core.shell:Creating prefix script '/home/dcbothra2204/arm_manip/install/local_setup.ps1'
[0.549s] INFO:colcon.colcon_core.shell:Creating prefix util module '/home/dcbothra2204/arm_manip/install/_local_setup_util_ps1.py'
[0.550s] INFO:colcon.colcon_core.shell:Creating prefix chain script '/home/dcbothra2204/arm_manip/install/setup.ps1'
[0.551s] INFO:colcon.colcon_core.shell:Creating prefix script '/home/dcbothra2204/arm_manip/install/local_setup.sh'
[0.551s] INFO:colcon.colcon_core.shell:Creating prefix util module '/home/dcbothra2204/arm_manip/install/_local_setup_util_sh.py'
[0.552s] INFO:colcon.colcon_core.shell:Creating prefix chain script '/home/dcbothra2204/arm_manip/install/setup.sh'
[0.552s] INFO:colcon.colcon_core.shell:Creating prefix script '/home/dcbothra2204/arm_manip/install/local_setup.bash'
[0.553s] INFO:colcon.colcon_core.shell:Creating prefix chain script '/home/dcbothra2204/arm_manip/install/setup.bash'
[0.553s] INFO:colcon.colcon_core.shell:Creating prefix script '/home/dcbothra2204/arm_manip/install/local_setup.zsh'
[0.554s] INFO:colcon.colcon_core.shell:Creating prefix chain script '/home/dcbothra2204/arm_manip/install/setup.zsh'
