[0.008s] Invoking command in '/home/dcbothra2204/arm_manip/build/ur_description': CMAKE_PREFIX_PATH=/opt/ros/humble /usr/bin/cmake /home/dcbothra2204/arm_manip/src/ur_description -DCMAKE_INSTALL_PREFIX=/home/dcbothra2204/arm_manip/install/ur_description
[0.017s] -- Found ament_cmake: 1.3.10 (/opt/ros/humble/share/ament_cmake/cmake)
[0.155s] -- Configuring done
[0.157s] -- Generating done
[0.157s] -- Build files have been written to: /home/dcbothra2204/arm_manip/build/ur_description
[0.160s] Invoked command in '/home/dcbothra2204/arm_manip/build/ur_description' returned '0': CMAKE_PREFIX_PATH=/opt/ros/humble /usr/bin/cmake /home/dcbothra2204/arm_manip/src/ur_description -DCMAKE_INSTALL_PREFIX=/home/dcbothra2204/arm_manip/install/ur_description
[0.161s] Invoking command in '/home/dcbothra2204/arm_manip/build/ur_description': CMAKE_PREFIX_PATH=/opt/ros/humble /usr/bin/cmake --build /home/dcbothra2204/arm_manip/build/ur_description -- -j8 -l8
[0.191s] Invoked command in '/home/dcbothra2204/arm_manip/build/ur_description' returned '0': CMAKE_PREFIX_PATH=/opt/ros/humble /usr/bin/cmake --build /home/dcbothra2204/arm_manip/build/ur_description -- -j8 -l8
[0.214s] Invoking command in '/home/dcbothra2204/arm_manip/build/ur_description': CMAKE_PREFIX_PATH=/opt/ros/humble /usr/bin/cmake --install /home/dcbothra2204/arm_manip/build/ur_description
[0.219s] -- Install configuration: ""
[0.219s] -- Installing: /home/dcbothra2204/arm_manip/install/ur_description/share/ur_description/config
[0.219s] -- Installing: /home/dcbothra2204/arm_manip/install/ur_description/share/ur_description/config/initial_positions.yaml
[0.219s] -- Installing: /home/dcbothra2204/arm_manip/install/ur_description/share/ur_description/config/ur10e
[0.219s] -- Installing: /home/dcbothra2204/arm_manip/install/ur_description/share/ur_description/config/ur10e/default_kinematics.yaml
[0.219s] -- Installing: /home/dcbothra2204/arm_manip/install/ur_description/share/ur_description/config/ur10e/visual_parameters.yaml
[0.219s] -- Installing: /home/dcbothra2204/arm_manip/install/ur_description/share/ur_description/config/ur10e/joint_limits.yaml
[0.219s] -- Installing: /home/dcbothra2204/arm_manip/install/ur_description/share/ur_description/config/ur10e/physical_parameters.yaml
[0.219s] -- Installing: /home/dcbothra2204/arm_manip/install/ur_description/share/ur_description/launch
[0.219s] -- Installing: /home/dcbothra2204/arm_manip/install/ur_description/share/ur_description/launch/robot_view.launch.py
[0.219s] -- Installing: /home/dcbothra2204/arm_manip/install/ur_description/share/ur_description/meshes
[0.220s] -- Installing: /home/dcbothra2204/arm_manip/install/ur_description/share/ur_description/meshes/ur10e
[0.220s] -- Installing: /home/dcbothra2204/arm_manip/install/ur_description/share/ur_description/meshes/ur10e/visual
[0.220s] -- Installing: /home/dcbothra2204/arm_manip/install/ur_description/share/ur_description/meshes/ur10e/visual/forearm.dae
[0.220s] -- Installing: /home/dcbothra2204/arm_manip/install/ur_description/share/ur_description/meshes/ur10e/visual/shoulder.dae
[0.222s] -- Installing: /home/dcbothra2204/arm_manip/install/ur_description/share/ur_description/meshes/ur10e/visual/base.dae
[0.222s] -- Installing: /home/dcbothra2204/arm_manip/install/ur_description/share/ur_description/meshes/ur10e/visual/upperarm.dae
[0.224s] -- Installing: /home/dcbothra2204/arm_manip/install/ur_description/share/ur_description/meshes/ur10e/visual/wrist2.dae
[0.225s] -- Installing: /home/dcbothra2204/arm_manip/install/ur_description/share/ur_description/meshes/ur10e/visual/wrist1.dae
[0.226s] -- Installing: /home/dcbothra2204/arm_manip/install/ur_description/share/ur_description/meshes/ur10e/visual/wrist3.dae
[0.226s] -- Installing: /home/dcbothra2204/arm_manip/install/ur_description/share/ur_description/meshes/ur10e/collision
[0.226s] -- Installing: /home/dcbothra2204/arm_manip/install/ur_description/share/ur_description/meshes/ur10e/collision/wrist2.stl
[0.226s] -- Installing: /home/dcbothra2204/arm_manip/install/ur_description/share/ur_description/meshes/ur10e/collision/wrist3.stl
[0.226s] -- Installing: /home/dcbothra2204/arm_manip/install/ur_description/share/ur_description/meshes/ur10e/collision/wrist1.stl
[0.226s] -- Installing: /home/dcbothra2204/arm_manip/install/ur_description/share/ur_description/meshes/ur10e/collision/upperarm.stl
[0.226s] -- Installing: /home/dcbothra2204/arm_manip/install/ur_description/share/ur_description/meshes/ur10e/collision/shoulder.stl
[0.227s] -- Installing: /home/dcbothra2204/arm_manip/install/ur_description/share/ur_description/meshes/ur10e/collision/base.stl
[0.227s] -- Installing: /home/dcbothra2204/arm_manip/install/ur_description/share/ur_description/meshes/ur10e/collision/forearm.stl
[0.227s] -- Installing: /home/dcbothra2204/arm_manip/install/ur_description/share/ur_description/rviz
[0.227s] -- Installing: /home/dcbothra2204/arm_manip/install/ur_description/share/ur_description/rviz/view_robot.rviz
[0.227s] -- Installing: /home/dcbothra2204/arm_manip/install/ur_description/share/ur_description/urdf
[0.227s] -- Installing: /home/dcbothra2204/arm_manip/install/ur_description/share/ur_description/urdf/ros2_control_mock_hardware.xacro
[0.227s] -- Installing: /home/dcbothra2204/arm_manip/install/ur_description/share/ur_description/urdf/ur.urdf.xacro
[0.227s] -- Installing: /home/dcbothra2204/arm_manip/install/ur_description/share/ur_description/urdf/inc
[0.227s] -- Installing: /home/dcbothra2204/arm_manip/install/ur_description/share/ur_description/urdf/inc/ur_common.xacro
[0.227s] -- Installing: /home/dcbothra2204/arm_manip/install/ur_description/share/ur_description/urdf/inc/ur_transmissions.xacro
[0.227s] -- Installing: /home/dcbothra2204/arm_manip/install/ur_description/share/ur_description/urdf/inc/ur_joint_control.xacro
[0.227s] -- Installing: /home/dcbothra2204/arm_manip/install/ur_description/share/ur_description/urdf/inc/ur_sensors.xacro
[0.227s] -- Installing: /home/dcbothra2204/arm_manip/install/ur_description/share/ur_description/urdf/ur_macro.xacro
[0.227s] -- Installing: /home/dcbothra2204/arm_manip/install/ur_description/share/ur_description/urdf/ur_mocked.urdf.xacro
[0.227s] [31mCMake Error at cmake_install.cmake:46 (file):
[0.227s]   file INSTALL cannot find
[0.227s]   "/home/dcbothra2204/arm_manip/src/ur_description/test": No such file or
[0.228s]   directory.
[0.228s] 
[0.228s] [0m
[0.229s] Invoked command in '/home/dcbothra2204/arm_manip/build/ur_description' returned '1': CMAKE_PREFIX_PATH=/opt/ros/humble /usr/bin/cmake --install /home/dcbothra2204/arm_manip/build/ur_description
