-- Found ament_cmake: 1.3.10 (/opt/ros/humble/share/ament_cmake/cmake)
-- Found ament_lint_auto: 0.12.12 (/opt/ros/humble/share/ament_lint_auto/cmake)
-- Added test 'cppcheck' to perform static code analysis on C / C++ code
-- Configured cppcheck include dirs: 
-- Configured cppcheck exclude dirs and/or files: 
-- Added test 'lint_cmake' to check CMake code style
-- Added test 'uncrustify' to check C / C++ code style
-- Configured uncrustify additional arguments: 
-- Added test 'xmllint' to check XML markup files
-- Configuring done
-- Generating done
-- Build files have been written to: /home/dcbothra2204/arm_manip/build/ur_control
-- Install configuration: ""
-- Installing: /home/dcbothra2204/arm_manip/install/ur_control/share/ament_index/resource_index/package_run_dependencies/ur_control
-- Installing: /home/dcbothra2204/arm_manip/install/ur_control/share/ament_index/resource_index/parent_prefix_path/ur_control
-- Installing: /home/dcbothra2204/arm_manip/install/ur_control/share/ur_control/environment/ament_prefix_path.sh
-- Installing: /home/dcbothra2204/arm_manip/install/ur_control/share/ur_control/environment/ament_prefix_path.dsv
-- Installing: /home/dcbothra2204/arm_manip/install/ur_control/share/ur_control/environment/path.sh
-- Installing: /home/dcbothra2204/arm_manip/install/ur_control/share/ur_control/environment/path.dsv
-- Installing: /home/dcbothra2204/arm_manip/install/ur_control/share/ur_control/local_setup.bash
-- Installing: /home/dcbothra2204/arm_manip/install/ur_control/share/ur_control/local_setup.sh
-- Installing: /home/dcbothra2204/arm_manip/install/ur_control/share/ur_control/local_setup.zsh
-- Installing: /home/dcbothra2204/arm_manip/install/ur_control/share/ur_control/local_setup.dsv
-- Installing: /home/dcbothra2204/arm_manip/install/ur_control/share/ur_control/package.dsv
-- Installing: /home/dcbothra2204/arm_manip/install/ur_control/share/ament_index/resource_index/packages/ur_control
-- Installing: /home/dcbothra2204/arm_manip/install/ur_control/share/ur_control/cmake/ur_controlConfig.cmake
-- Installing: /home/dcbothra2204/arm_manip/install/ur_control/share/ur_control/cmake/ur_controlConfig-version.cmake
-- Installing: /home/dcbothra2204/arm_manip/install/ur_control/share/ur_control/package.xml
