[0.011s] Invoking command in '/home/dcbothra2204/arm_manip/build/ur_control': CMAKE_PREFIX_PATH=${CMAKE_PREFIX_PATH}:/opt/ros/humble /usr/bin/cmake /home/dcbothra2204/arm_manip/src/ur_control -DCMAKE_INSTALL_PREFIX=/home/dcbothra2204/arm_manip/install/ur_control
[0.020s] -- Found ament_cmake: 1.3.10 (/opt/ros/humble/share/ament_cmake/cmake)
[0.129s] -- Found ament_lint_auto: 0.12.12 (/opt/ros/humble/share/ament_lint_auto/cmake)
[0.193s] -- Added test 'cppcheck' to perform static code analysis on C / C++ code
[0.193s] -- Configured cppcheck include dirs: 
[0.193s] -- Configured cppcheck exclude dirs and/or files: 
[0.193s] -- Added test 'lint_cmake' to check CMake code style
[0.194s] -- Added test 'uncrustify' to check C / C++ code style
[0.194s] -- Configured uncrustify additional arguments: 
[0.195s] -- Added test 'xmllint' to check XML markup files
[0.195s] -- Configuring done
[0.197s] -- Generating done
[0.198s] -- Build files have been written to: /home/dcbothra2204/arm_manip/build/ur_control
[0.200s] Invoked command in '/home/dcbothra2204/arm_manip/build/ur_control' returned '0': CMAKE_PREFIX_PATH=${CMAKE_PREFIX_PATH}:/opt/ros/humble /usr/bin/cmake /home/dcbothra2204/arm_manip/src/ur_control -DCMAKE_INSTALL_PREFIX=/home/dcbothra2204/arm_manip/install/ur_control
[0.201s] Invoking command in '/home/dcbothra2204/arm_manip/build/ur_control': CMAKE_PREFIX_PATH=${CMAKE_PREFIX_PATH}:/opt/ros/humble /usr/bin/cmake --build /home/dcbothra2204/arm_manip/build/ur_control -- -j8 -l8
[0.229s] Invoked command in '/home/dcbothra2204/arm_manip/build/ur_control' returned '0': CMAKE_PREFIX_PATH=${CMAKE_PREFIX_PATH}:/opt/ros/humble /usr/bin/cmake --build /home/dcbothra2204/arm_manip/build/ur_control -- -j8 -l8
[0.245s] Invoking command in '/home/dcbothra2204/arm_manip/build/ur_control': CMAKE_PREFIX_PATH=${CMAKE_PREFIX_PATH}:/opt/ros/humble /usr/bin/cmake --install /home/dcbothra2204/arm_manip/build/ur_control
[0.250s] -- Install configuration: ""
[0.250s] -- Installing: /home/dcbothra2204/arm_manip/install/ur_control/share/ament_index/resource_index/package_run_dependencies/ur_control
[0.250s] -- Installing: /home/dcbothra2204/arm_manip/install/ur_control/share/ament_index/resource_index/parent_prefix_path/ur_control
[0.250s] -- Installing: /home/dcbothra2204/arm_manip/install/ur_control/share/ur_control/environment/ament_prefix_path.sh
[0.250s] -- Installing: /home/dcbothra2204/arm_manip/install/ur_control/share/ur_control/environment/ament_prefix_path.dsv
[0.250s] -- Installing: /home/dcbothra2204/arm_manip/install/ur_control/share/ur_control/environment/path.sh
[0.251s] -- Installing: /home/dcbothra2204/arm_manip/install/ur_control/share/ur_control/environment/path.dsv
[0.251s] -- Installing: /home/dcbothra2204/arm_manip/install/ur_control/share/ur_control/local_setup.bash
[0.251s] -- Installing: /home/dcbothra2204/arm_manip/install/ur_control/share/ur_control/local_setup.sh
[0.251s] -- Installing: /home/dcbothra2204/arm_manip/install/ur_control/share/ur_control/local_setup.zsh
[0.251s] -- Installing: /home/dcbothra2204/arm_manip/install/ur_control/share/ur_control/local_setup.dsv
[0.251s] -- Installing: /home/dcbothra2204/arm_manip/install/ur_control/share/ur_control/package.dsv
[0.251s] -- Installing: /home/dcbothra2204/arm_manip/install/ur_control/share/ament_index/resource_index/packages/ur_control
[0.251s] -- Installing: /home/dcbothra2204/arm_manip/install/ur_control/share/ur_control/cmake/ur_controlConfig.cmake
[0.251s] -- Installing: /home/dcbothra2204/arm_manip/install/ur_control/share/ur_control/cmake/ur_controlConfig-version.cmake
[0.251s] -- Installing: /home/dcbothra2204/arm_manip/install/ur_control/share/ur_control/package.xml
[0.253s] Invoked command in '/home/dcbothra2204/arm_manip/build/ur_control' returned '0': CMAKE_PREFIX_PATH=${CMAKE_PREFIX_PATH}:/opt/ros/humble /usr/bin/cmake --install /home/dcbothra2204/arm_manip/build/ur_control
