-- The C compiler identification is GNU 11.4.0
-- The CXX compiler identification is GNU 11.4.0
-- Detecting C compiler ABI info
-- Detecting C compiler ABI info - done
-- Check for working C compiler: /usr/bin/cc - skipped
-- Detecting C compile features
-- Detecting C compile features - done
-- Detecting CXX compiler ABI info
-- Detecting CXX compiler ABI info - done
-- Check for working CXX compiler: /usr/bin/c++ - skipped
-- Detecting CXX compile features
-- Detecting CXX compile features - done
-- Found ament_cmake: 1.3.10 (/opt/ros/humble/share/ament_cmake/cmake)
-- Found Python3: /usr/bin/python3 (found version "3.10.12") found components: Interpreter 
-- Found ament_cmake_pytest: 1.3.10 (/opt/ros/humble/share/ament_cmake_pytest/cmake)
[31mCMake Error at /opt/ros/humble/share/ament_cmake_pytest/cmake/ament_add_pytest_test.cmake:67 (message):
  ament_add_pytest_test() the path
  '/home/dcbothra2204/arm_manip/src/ur_description/test/test_ur_urdf_xacro.py'
  does not exist
Call Stack (most recent call first):
  CMakeLists.txt:16 (ament_add_pytest_test)

[0m
-- Configuring incomplete, errors occurred!
See also "/home/dcbothra2204/arm_manip/build/ur_description/CMakeFiles/CMakeOutput.log".
