[0.007s] Invoking command in '/home/dcbothra2204/arm_manip/build/ur_description': /usr/bin/cmake /home/dcbothra2204/arm_manip/src/ur_description -DCMAKE_INSTALL_PREFIX=/home/dcbothra2204/arm_manip/install/ur_description
[0.133s] -- The C compiler identification is GNU 11.4.0
[0.262s] -- The CXX compiler identification is GNU 11.4.0
[0.272s] -- Detecting C compiler ABI info
[0.359s] -- Detecting C compiler ABI info - done
[0.366s] -- Check for working C compiler: /usr/bin/cc - skipped
[0.366s] -- Detecting C compile features
[0.367s] -- Detecting C compile features - done
[0.371s] -- Detecting CXX compiler ABI info
[0.449s] -- Detecting CXX compiler ABI info - done
[0.454s] -- Check for working CXX compiler: /usr/bin/c++ - skipped
[0.454s] -- Detecting CXX compile features
[0.455s] -- Detecting CXX compile features - done
[0.458s] -- Found ament_cmake: 1.3.10 (/opt/ros/humble/share/ament_cmake/cmake)
[0.574s] -- Found Python3: /usr/bin/python3 (found version "3.10.12") found components: Interpreter 
[0.655s] -- Found ament_cmake_pytest: 1.3.10 (/opt/ros/humble/share/ament_cmake_pytest/cmake)
[0.656s] [31mCMake Error at /opt/ros/humble/share/ament_cmake_pytest/cmake/ament_add_pytest_test.cmake:67 (message):
[0.656s]   ament_add_pytest_test() the path
[0.656s]   '/home/dcbothra2204/arm_manip/src/ur_description/test/test_ur_urdf_xacro.py'
[0.656s]   does not exist
[0.656s] Call Stack (most recent call first):
[0.656s]   CMakeLists.txt:16 (ament_add_pytest_test)
[0.656s] 
[0.656s] [0m
[0.656s] -- Configuring incomplete, errors occurred!
[0.656s] See also "/home/dcbothra2204/arm_manip/build/ur_description/CMakeFiles/CMakeOutput.log".
[0.659s] Invoked command in '/home/dcbothra2204/arm_manip/build/ur_description' returned '1': /usr/bin/cmake /home/dcbothra2204/arm_manip/src/ur_description -DCMAKE_INSTALL_PREFIX=/home/dcbothra2204/arm_manip/install/ur_description
